                                                           The SAS System

                                                         The FREQ Procedure

                                                         Table of ivh by tx

                                                ivh       tx

                                                Frequency|
                                                Percent  |
                                                Row Pct  |
                                                Col Pct  |       0|       1|  Total
                                                ---------+--------+--------+
                                                       0 |    990 |      0 |    990
                                                         |  29.45 |   0.00 |  29.45
                                                         | 100.00 |   0.00 |
                                                         |  96.59 |   0.00 |
                                                ---------+--------+--------+
                                                       1 |     35 |    177 |    212
                                                         |   1.04 |   5.26 |   6.31
                                                         |  16.51 |  83.49 |
                                                         |   3.41 |   7.57 |
                                                ---------+--------+--------+
                                                       2 |      0 |   2160 |   2160
                                                         |   0.00 |  64.25 |  64.25
                                                         |   0.00 | 100.00 |
                                                         |   0.00 |  92.43 |
                                                ---------+--------+--------+
                                                Total        1025     2337     3362
                                                            30.49    69.51   100.00
                                                           The SAS System

                                                        The MEANS Procedure

                                          Analysis Variable : GestAge 2.1. Gestational Age
 
                                                                    Mean
                                                            ------------
                                                              27.2088043
                                                            ------------
                                                            Hb Line Plot

                                                        The MEANS Procedure

                                                Analysis Variable : id TTCMV LBWI ID
 
                                       N
                             ivh     Obs       N            Mean         Std Dev         Minimum         Maximum
                    --------------------------------------------------------------------------------------------
                               0     990     990      2546622.65       757469.38      1000411.00      3072011.00

                               1     212     212      2587900.81       643742.51      1001811.00      3070411.00

                               2    2160    2160      2157890.68       784811.35      1000111.00      3070811.00
                    --------------------------------------------------------------------------------------------
                                                            Hb Line Plot

                                                        The MEANS Procedure

                                                Analysis Variable : id TTCMV LBWI ID
 
                                       N
                              ivh    Obs      N            Mean         Std Dev         Minimum         Maximum
                     ------------------------------------------------------------------------------------------
                                0    197    197      2535172.27       768073.07      1000411.00      3072011.00

                                1     64     64      2545136.00       726915.33      1001811.00      3070411.00

                                2    210    210      2167248.33       799517.74      1000111.00      3070811.00
                     ------------------------------------------------------------------------------------------
                                                            Hb Line Plot

                                                        The MEANS Procedure

                                                Analysis Variable : id TTCMV LBWI ID
 
                                 DataFax
                                Sequence       N
                     ivh          Number     Obs       N            Mean         Std Dev         Minimum         Maximum
            ------------------------------------------------------------------------------------------------------------
                       0               1     195     195      2529866.69       770214.84      1000411.00      3072011.00

                                       4     142     142      2503025.37       774228.64      1001211.00      3072011.00

                                       7     106     106      2348600.34       802953.05      1000411.00      3070311.00

                                      14     117     117      2518395.10       776050.65      1001211.00      3072011.00

                                      21     127     127      2526730.92       769299.08      1001011.00      3068931.00

                                      28     114     114      2584460.56       732641.81      1000411.00      3070311.00

                                      40      91      91      2616492.10       731131.16      1001211.00      3070311.00

                                      60      34      34      2740848.65       688768.58      1001011.00      3068111.00

                                      63      60      60      2830345.33       567045.05      1011611.00      3070311.00

                       1               1      61      61      2588235.59       685686.73      1006121.00      3070411.00

                                       4      42      42      2650569.57       638091.11      1001811.00      3070411.00

                                       7      22      22      2665031.91       595146.23      1007111.00      3068321.00

                                      14       4       4      2768738.50       505924.87      2010211.00      3039621.00

                                      21       4       4      2517238.50       581465.00      2010211.00      3039621.00

                                      28       2       2      3020616.00        26877.13      3001611.00      3039621.00

                                      40       1       1      3001611.00               .      3001611.00      3001611.00

                       2               1     202     202      2173414.47       795981.47      1000111.00      3070811.00

                                       4     177     177      2153859.59       772763.36      1000211.00      3070811.00

                                       7     175     175      2167812.60       790485.24      1000111.00      3070811.00

                                      14     172     172      2205541.70       782718.90      1000111.00      3070811.00

                                      21     160     160      2162144.56       768683.48      1000111.00      3070811.00

                                      28     166     166      2157457.87       795077.42      1000111.00      3070811.00

                                      40     159     159      2156717.67       784704.77      1000111.00      3070811.00

                                      60     125     125      2194068.44       760569.32      1000111.00      3064811.00

                                      63      59      59      2234524.39       881305.50      1009911.00      3070811.00
            ------------------------------------------------------------------------------------------------------------
                                                            Hb Line Plot

                                                        The Mixed Procedure

                                                         Model Information

                                       Data Set                     WORK.IVH                 
                                       Dependent Variable           Hb                       
                                       Covariance Structure         Unstructured             
                                       Subject Effect               id                       
                                       Estimation Method            ML                       
                                       Residual Variance Method     Profile                  
                                       Fixed Effects SE Method      Model-Based              
                                       Degrees of Freedom Method    Containment              


                                                            Hb Line Plot

                                                        The Mixed Procedure

                                                      Class Level Information
 
                                         Class    Levels    Values

                                         id          471    1000111 1000211 1000311       
                                                            1000411 1001011 1001211       
                                                            1001411 1001711 1001721       
                                                            1001811 1002011 1002021       
                                                            1002311 1002611 1002821       
                                                            1002911 1003111 1003411       
                                                            1003511 1003611 1004111       
                                                            1004411 1004511 1004611       
                                                            1004621 1004631 1004911       
                                                            1004921 1005011 1005211       
                                                            1005221 1005311 1005811       
                                                            1006111 1006121 1007011       
                                                            1007111 1007511 1007811       
                                                            1008311 1008411 1008811       
                                                            1009011 1009111 1009211       
                                                            1009411 1009911 1010011       
                                                            1010111 1010121 1010211       
                                                            1010411 1010811 1011111       
                                                            1011211 1011221 1011311       
                                                            1011411 1011611 1011911       
                                                            1012011 1012111 1012611       
                                                            1012621 1012631 1012811       
                                                            1012911 1016911 1016921       
                                                            1017911 1018111 1018311       
                                                            1018611 1018621 1018911       
                                                            1019111 1020211 1020411       
                                                            1020511 1021211 1021511       
                                                            1021711 1021911 1022411       
                                                            1022511 1022611 1022811       
                                                            1023611 1024221 1024311       
                                                            1024411 2000311 2000811       
                                                            2000911 2001011 2001311       
                                                            2001611 2001811 2002111       
                                                            2002311 2002411 2002511       
                                                            2002711 2002721 2002811       
                                                            2002821 2002911 2003111       
                                                            2003211 2003221 2003311       
                                                            2003411 2004111 2004711       
                                                            2005011 2005111 2005211       
                                                            2005311 2005511 2005711       
                                                            2005811 2005821 2006011       
                                                            2006111 2006311 2006611       
                                                            2006621 2006711 2006911       
                                                            2007111 2007211 2007411       
                                                            2007611 2007621 2007711       
                                                            2007911 2008011 2008111       
                                                            2008121 2008311 2008411       
                                                            2008511 2008611 2008811       
                                                            2008911 2008921 2009011       
                                                            2009311 2009511 2009611       
                                                            2009711 2010011 2010111       
                                                            2010211 2010221 2010311       
                                                            Hb Line Plot

                                                        The Mixed Procedure

                                                            2010811 2010911 2011111       
                                                            2011211 2011411 2011611       
                                                            2011711 2011811 2012011       
                                                            2012021 2012311 2012411       
                                                            2012911 2013011 2013311       
                                                            2013511 2013811 2014011       
                                                            2014111 2014311 2014411       
                                                            2014711 2015411 2015511       
                                                            2015811 2016011 2016311       
                                                            2016411 2016511 2016611       
                                                            2016711 2016721 2016911       
                                                            2017111 2017121 2017511       
                                                            2017711 2017811 2017911       
                                                            2018411 2018511 2018521       
                                                            2018611 2018811 2019011       
                                                            2019311 2019511 2021111       
                                                            2021611 2022211 2022611       
                                                            2022811 2022821 2022911       
                                                            2023011 2023111 2023211       
                                                            2023311 2023911 2024011       
                                                            2024211 3000111 3000121       
                                                            3000211 3000811 3000911       
                                                            3001011 3001611 3002011       
                                                            3002411 3002711 3003511       
                                                            3004311 3004321 3004331       
                                                            3004511 3004611 3005411       
                                                            3005911 3006011 3006211       
                                                            3006221 3006711 3007511       
                                                            3007711 3007721 3007811       
                                                            3010111 3010311 3010411       
                                                            3010811 3010821 3010911       
                                                            3010921 3012511 3012811       
                                                            3013111 3013211 3013411       
                                                            3013611 3013621 3013911       
                                                            3013921 3014011 3014511       
                                                            3014611 3014621 3015211       
                                                            3015311 3015411 3015711       
                                                            3016111 3016711 3016811       
                                                            3016821 3017111 3018511       
                                                            3018611 3019111 3020711       
                                                            3020811 3021311 3021511       
                                                            3021611 3021711 3021811       
                                                            3022311 3022411 3022511       
                                                            3023111 3023511 3024611       
                                                            3024911 3025311 3025511       
                                                            3026211 3026221 3026311       
                                                            3026911 3027011 3027411       
                                                            3027711 3028211 3028711       
                                                            3028811 3029611 3029811       
                                                            3030611 3030711 3030811       
                                                            3032311 3032511 3032611       
                                                            3032811 3033111 3033121       
                                                            3033311 3033511 3033611       
                                                            3033621 3034011 3034211       
                                                            3034221 3034911 3035011       
                                                            3035411 3035511 3036511       
                                                            Hb Line Plot

                                                        The Mixed Procedure

                                                            3037611 3037911 3037921       
                                                            3038211 3038411 3039211       
                                                            3039221 3039611 3039621       
                                                            3039811 3040111 3040121       
                                                            3040411 3040511 3040711       
                                                            3041011 3041211 3041711       
                                                            3042011 3042021 3042031       
                                                            3042211 3042311 3042911       
                                                            3043411 3043911 3044211       
                                                            3044221 3044311 3044511       
                                                            3044611 3044711 3045511       
                                                            3045811 3046211 3046311       
                                                            3046511 3047011 3047111       
                                                            3047511 3047711 3047811       
                                                            3047911 3048411 3048511       
                                                            3048911 3049011 3049021       
                                                            3049211 3049221 3049511       
                                                            3049711 3049921 3049931       
                                                            3050211 3050611 3052211       
                                                            3052511 3052611 3052711       
                                                            3052811 3053011 3053111       
                                                            3053211 3053311 3053611       
                                                            3054011 3054111 3054411       
                                                            3054511 3054521 3054611       
                                                            3054711 3054911 3055111       
                                                            3055311 3056011 3056111       
                                                            3056211 3056411 3056421       
                                                            3056711 3056811 3057111       
                                                            3058411 3058711 3058911       
                                                            3059011 3059111 3059121       
                                                            3059411 3059511 3059611       
                                                            3059811 3060011 3060111       
                                                            3060121 3060211 3061711       
                                                            3062611 3062911 3063211       
                                                            3063711 3063721 3063811       
                                                            3063911 3064011 3064811       
                                                            3065211 3065221 3065511       
                                                            3065811 3065911 3066211       
                                                            3066411 3066511 3066521       
                                                            3066611 3066621 3066631       
                                                            3066811 3067111 3067121       
                                                            3067611 3067811 3067911       
                                                            3068011 3068111 3068121       
                                                            3068311 3068321 3068511       
                                                            3068811 3068821 3068911       
                                                            3068921 3068931 3069211       
                                                            3069231 3069621 3070311       
                                                            3070321 3070411 3070611       
                                                            3070711 3070811 3072011       
                                         ivh           3    0 1 2                         


                                                            Dimensions

                                                Covariance Parameters             2
                                                Columns in X                      9
                                                            Hb Line Plot

                                                        The Mixed Procedure

                                                            Dimensions

                                                Columns in Z Per Subject          1
                                                Subjects                        471
                                                Max Obs Per Subject              29


                                                      Number of Observations

                                            Number of Observations Read            3271
                                            Number of Observations Used            3270
                                            Number of Observations Not Used           1


                                                         Iteration History
 
                                    Iteration    Evaluations        -2 Log Like       Criterion

                                            0              1     14604.96626176                
                                            1              2     14561.44579078      0.00024511
                                            2              1     14560.29974173      0.00000609
                                            3              1     14560.27325189      0.00000000


                                                     Convergence criteria met.                    


                                                   Covariance Parameter Estimates
 
                                                                     Standard         Z
                                 Cov Parm     Subject    Estimate       Error     Value      Pr > Z

                                 UN(1,1)      id           0.5117      0.1035      4.94      <.0001
                                 Residual                  4.6519      0.1285     36.20      <.0001


                                                          Fit Statistics

                                               -2 Log Likelihood             14560.3
                                               AIC (smaller is better)       14578.3
                                               AICC (smaller is better)      14578.3
                                               BIC (smaller is better)       14615.7


                                                  Null Model Likelihood Ratio Test
 
                                                    DF    Chi-Square      Pr > ChiSq

                                                     1         44.69          <.0001


                                                            Hb Line Plot

                                                        The Mixed Procedure

                                                    Solution for Fixed Effects
 
                                                              Standard
                              Effect       ivh    Estimate       Error      DF    t Value    Pr > |t|

                              Intercept             8.3693      0.6736     467      12.42      <.0001
                              ivh          0        1.8352      0.1512    2796      12.14      <.0001
                              ivh          1        1.3272      0.2332    2796       5.69      <.0001
                              ivh          2             0           .       .        .         .    
                              day                 -0.03749    0.002226    2796     -16.84      <.0001
                              day*ivh      0      -0.02700    0.003677    2796      -7.34      <.0001
                              day*ivh      1      -0.08315     0.02747    2796      -3.03      0.0025
                              day*ivh      2             0           .       .        .         .    
                              GestAge               0.1365     0.02509    2796       5.44      <.0001


                                                   Type 3 Tests of Fixed Effects
 
                                                         Num     Den
                                           Effect         DF      DF    F Value    Pr > F

                                           ivh             2    2796      79.93    <.0001
                                           day             1    2796      64.88    <.0001
                                           day*ivh         2    2796      30.51    <.0001
                                           GestAge         1    2796      29.59    <.0001


                                                          Coefficients for
                                                            No tx, Day60
 
                                                     Effect       ivh      Row1

                                                     Intercept                1
                                                     ivh          0           1
                                                     ivh          1            
                                                     ivh          2            
                                                     day                     60
                                                     day*ivh      0          60
                                                     day*ivh      1            
                                                     day*ivh      2            
                                                     GestAge               27.2


                                                          Coefficients for
                                                             IVH, Day60
 
                                                     Effect       ivh      Row1

                                                     Intercept                1
                                                     ivh          0            
                                                     ivh          1           1
                                                     ivh          2            
                                                     day                     60
                                                     day*ivh      0            
                                                     day*ivh      1          60
                                                     day*ivh      2            
                                                            Hb Line Plot

                                                        The Mixed Procedure

                                                          Coefficients for
                                                             IVH, Day60
 
                                                     Effect       ivh      Row1

                                                     GestAge               27.2


                                                          Coefficients for
                                                           yes tx, Day60
 
                                                     Effect       ivh      Row1

                                                     Intercept                1
                                                     ivh          0            
                                                     ivh          1            
                                                     ivh          2           1
                                                     day                     60
                                                     day*ivh      0            
                                                     day*ivh      1            
                                                     day*ivh      2          60
                                                     GestAge               27.2


                                                             Estimates
 
                                                         Standard
  Label                                      Estimate       Error      DF    t Value    Pr > |t|     Alpha       Lower       Upper

  No tx, slope                               -0.06449    0.002930    2796     -22.01      <.0001      0.05    -0.07024    -0.05874
  Yes IVH, slope                              -0.1206     0.02738    2796      -4.41      <.0001      0.05     -0.1743    -0.06694
  Yes tx, slope                              -0.03749    0.002226    2796     -16.84      <.0001      0.05    -0.04186    -0.03312
  Compare slopes between tx vs no-tx         -0.02700    0.003677    2796      -7.34      <.0001      0.05    -0.03421    -0.01979
  Compare slopes between no-tx vs IVH         0.05614     0.02753    2796       2.04      0.0415      0.05    0.002156      0.1101
  Compare slopes between yes-tx vs IVH       -0.08315     0.02747    2796      -3.03      0.0025      0.05     -0.1370    -0.02928
  Compare intercept between tx vs no-tx        1.8352      0.1512    2796      12.14      <.0001      0.05      1.5387      2.1316
  Compare intercept between no-tx vs IVH       0.5080      0.2538    2796       2.00      0.0454      0.05     0.01039      1.0056
  Compare intercept between yes-tx vs IVH      1.3272      0.2332    2796       5.69      <.0001      0.05      0.8700      1.7844
  No tx, intercept                            13.9170      0.1167    2796     119.30      <.0001      0.05     13.6883     14.1457
  No tx, Day1                                 13.8525      0.1154    2796     120.09      <.0001      0.05     13.6263     14.0787
  No tx, Day4                                 13.6590      0.1118    2796     122.15      <.0001      0.05     13.4398     13.8783
  No tx, Day7                                 13.4656      0.1089    2796     123.66      <.0001      0.05     13.2520     13.6791
  No tx, Day14                                13.0141      0.1046    2796     124.38      <.0001      0.05     12.8090     13.2193
  No tx, Day21                                12.5627      0.1043    2796     120.43      <.0001      0.05     12.3581     12.7672
  No tx, Day28                                12.1113      0.1080    2796     112.18      <.0001      0.05     11.8996     12.3229
  No tx, Day40                                11.3374      0.1222    2796      92.75      <.0001      0.05     11.0977     11.5770
  No tx, Day60                                10.0476      0.1610    2796      62.42      <.0001      0.05      9.7319     10.3632
  Yes IVH, intercept                          13.4090      0.2182    2796      61.46      <.0001      0.05     12.9812     13.8368
      IVH, Day1                               13.2884      0.2052    2796      64.75      <.0001      0.05     12.8860     13.6908
      IVH, Day4                               12.9265      0.1862    2796      69.43      <.0001      0.05     12.5614     13.2915
      IVH, Day7                               12.5646      0.2018    2796      62.27      <.0001      0.05     12.1689     12.9602
      IVH, Day14                              11.7201      0.3276    2796      35.78      <.0001      0.05     11.0778     12.3624
      IVH, Day21                              10.8757      0.4974    2796      21.87      <.0001      0.05      9.9004     11.8509
      IVH, Day28                              10.0312      0.6789    2796      14.77      <.0001      0.05      8.6999     11.3625
      IVH, Day40                               8.5836      0.9990    2796       8.59      <.0001      0.05      6.6247     10.5425
      IVH, Day60                               6.1709      1.5405    2796       4.01      <.0001      0.05      3.1503      9.1914
                                                            Hb Line Plot

                                                        The Mixed Procedure

                                                             Estimates
 
                                                         Standard
  Label                                      Estimate       Error      DF    t Value    Pr > |t|     Alpha       Lower       Upper

  yes tx, intercept                           12.0818     0.08675    2796     139.27      <.0001      0.05     11.9117     12.2519
  yes tx, Day1                                12.0443     0.08551    2796     140.85      <.0001      0.05     11.8767     12.2120
  yes tx, Day4                                11.9319     0.08203    2796     145.45      <.0001      0.05     11.7710     12.0927
  yes tx, Day7                                11.8194     0.07897    2796     149.67      <.0001      0.05     11.6646     11.9743
  yes tx, Day14                               11.5570     0.07370    2796     156.81      <.0001      0.05     11.4125     11.7015
  yes tx, Day21                               11.2945     0.07151    2796     157.95      <.0001      0.05     11.1543     11.4348
  yes tx, Day28                               11.0321     0.07267    2796     151.82      <.0001      0.05     10.8896     11.1746
  yes tx, Day40                               10.5822     0.08183    2796     129.31      <.0001      0.05     10.4218     10.7427
  yes tx, Day60                                9.8324      0.1106    2796      88.91      <.0001      0.05      9.6156     10.0493
              Hemoglobin vs Days (non-IVH without pRBC=197(990 obs), IVH=64(212 obs), non-IVH with pRBC=210(2160 obs))
                                                                  
                                                                  

                                           Non-IVH without
                                    Day          tx           IVH                Non-IVH with tx

                                      0    13.9[13.7-14.1]    13.4[13.0-13.8]    12.1[11.9-12.3]
                                      1    13.9[13.6-14.1]    13.3[12.9-13.7]    12.0[11.9-12.2]
                                      4    13.7[13.4-13.9]    12.9[12.6-13.3]    11.9[11.8-12.1]
                                      7    13.5[13.3-13.7]    12.6[12.2-13.0]    11.8[11.7-12.0]
                                     14    13.0[12.8-13.2]    -                  11.6[11.4-11.7]
                                     21    12.6[12.4-12.8]    -                  11.3[11.2-11.4]
                                     28    12.1[11.9-12.3]    -                  11.0[10.9-11.2]
                                     40    -                  -                  10.6[10.4-10.7]
                                     60    -                  -                   9.8[ 9.6-10.0]
