                                                            Hb Line Plot

                                                        The MEANS Procedure

                                                Analysis Variable : id TTCMV LBWI ID
 
                                       N
                             ivh     Obs       N            Mean         Std Dev         Minimum         Maximum
                    --------------------------------------------------------------------------------------------
                               0    3150    3150      2280063.58       796910.26      1000111.00      3072011.00

                               1     212     212      2587900.81       643742.51      1001811.00      3070411.00
                    --------------------------------------------------------------------------------------------
                                                            Hb Line Plot

                                                        The MEANS Procedure

                                                Analysis Variable : id TTCMV LBWI ID
 
                                       N
                              ivh    Obs      N            Mean         Std Dev         Minimum         Maximum
                     ------------------------------------------------------------------------------------------
                                0    407    407      2345334.37       804828.30      1000111.00      3072011.00

                                1     64     64      2545136.00       726915.33      1001811.00      3070411.00
                     ------------------------------------------------------------------------------------------
                                                            Hb Line Plot

                                                        The MEANS Procedure

                                                Analysis Variable : id TTCMV LBWI ID
 
                                 DataFax
                                Sequence       N
                     ivh          Number     Obs       N            Mean         Std Dev         Minimum         Maximum
            ------------------------------------------------------------------------------------------------------------
                       0               1     397     397      2348498.05       802528.02      1000111.00      3072011.00

                                       4     319     319      2309287.61       791515.88      1000211.00      3072011.00

                                       7     281     281      2236010.11       798618.21      1000111.00      3070811.00

                                      14     289     289      2332198.61       793725.40      1000111.00      3072011.00

                                      21     287     287      2323477.20       788753.15      1000111.00      3070811.00

                                      28     280     280      2331308.96       797131.42      1000111.00      3070811.00

                                      40     250     250      2324075.56       795657.47      1000111.00      3070811.00

                                      60     159     159      2310989.99       776947.60      1000111.00      3068111.00

                                      63     119     119      2534938.31       795005.66      1009911.00      3070811.00

                       1               1      61      61      2588235.59       685686.73      1006121.00      3070411.00

                                       4      42      42      2650569.57       638091.11      1001811.00      3070411.00

                                       7      22      22      2665031.91       595146.23      1007111.00      3068321.00

                                      14       4       4      2768738.50       505924.87      2010211.00      3039621.00

                                      21       4       4      2517238.50       581465.00      2010211.00      3039621.00

                                      28       2       2      3020616.00        26877.13      3001611.00      3039621.00

                                      40       1       1      3001611.00               .      3001611.00      3001611.00
            ------------------------------------------------------------------------------------------------------------
                                                            Hb Line Plot

                                                        The Mixed Procedure

                                                         Model Information

                                       Data Set                     WORK.IVH                 
                                       Dependent Variable           Hb                       
                                       Covariance Structure         Unstructured             
                                       Subject Effect               id                       
                                       Estimation Method            ML                       
                                       Residual Variance Method     Profile                  
                                       Fixed Effects SE Method      Model-Based              
                                       Degrees of Freedom Method    Containment              


                                                            Hb Line Plot

                                                        The Mixed Procedure

                                                      Class Level Information
 
                                         Class    Levels    Values

                                         id          471    1000111 1000211 1000311       
                                                            1000411 1001011 1001211       
                                                            1001411 1001711 1001721       
                                                            1001811 1002011 1002021       
                                                            1002311 1002611 1002821       
                                                            1002911 1003111 1003411       
                                                            1003511 1003611 1004111       
                                                            1004411 1004511 1004611       
                                                            1004621 1004631 1004911       
                                                            1004921 1005011 1005211       
                                                            1005221 1005311 1005811       
                                                            1006111 1006121 1007011       
                                                            1007111 1007511 1007811       
                                                            1008311 1008411 1008811       
                                                            1009011 1009111 1009211       
                                                            1009411 1009911 1010011       
                                                            1010111 1010121 1010211       
                                                            1010411 1010811 1011111       
                                                            1011211 1011221 1011311       
                                                            1011411 1011611 1011911       
                                                            1012011 1012111 1012611       
                                                            1012621 1012631 1012811       
                                                            1012911 1016911 1016921       
                                                            1017911 1018111 1018311       
                                                            1018611 1018621 1018911       
                                                            1019111 1020211 1020411       
                                                            1020511 1021211 1021511       
                                                            1021711 1021911 1022411       
                                                            1022511 1022611 1022811       
                                                            1023611 1024221 1024311       
                                                            1024411 2000311 2000811       
                                                            2000911 2001011 2001311       
                                                            2001611 2001811 2002111       
                                                            2002311 2002411 2002511       
                                                            2002711 2002721 2002811       
                                                            2002821 2002911 2003111       
                                                            2003211 2003221 2003311       
                                                            2003411 2004111 2004711       
                                                            2005011 2005111 2005211       
                                                            2005311 2005511 2005711       
                                                            2005811 2005821 2006011       
                                                            2006111 2006311 2006611       
                                                            2006621 2006711 2006911       
                                                            2007111 2007211 2007411       
                                                            2007611 2007621 2007711       
                                                            2007911 2008011 2008111       
                                                            2008121 2008311 2008411       
                                                            2008511 2008611 2008811       
                                                            2008911 2008921 2009011       
                                                            2009311 2009511 2009611       
                                                            2009711 2010011 2010111       
                                                            2010211 2010221 2010311       
                                                            Hb Line Plot

                                                        The Mixed Procedure

                                                            2010811 2010911 2011111       
                                                            2011211 2011411 2011611       
                                                            2011711 2011811 2012011       
                                                            2012021 2012311 2012411       
                                                            2012911 2013011 2013311       
                                                            2013511 2013811 2014011       
                                                            2014111 2014311 2014411       
                                                            2014711 2015411 2015511       
                                                            2015811 2016011 2016311       
                                                            2016411 2016511 2016611       
                                                            2016711 2016721 2016911       
                                                            2017111 2017121 2017511       
                                                            2017711 2017811 2017911       
                                                            2018411 2018511 2018521       
                                                            2018611 2018811 2019011       
                                                            2019311 2019511 2021111       
                                                            2021611 2022211 2022611       
                                                            2022811 2022821 2022911       
                                                            2023011 2023111 2023211       
                                                            2023311 2023911 2024011       
                                                            2024211 3000111 3000121       
                                                            3000211 3000811 3000911       
                                                            3001011 3001611 3002011       
                                                            3002411 3002711 3003511       
                                                            3004311 3004321 3004331       
                                                            3004511 3004611 3005411       
                                                            3005911 3006011 3006211       
                                                            3006221 3006711 3007511       
                                                            3007711 3007721 3007811       
                                                            3010111 3010311 3010411       
                                                            3010811 3010821 3010911       
                                                            3010921 3012511 3012811       
                                                            3013111 3013211 3013411       
                                                            3013611 3013621 3013911       
                                                            3013921 3014011 3014511       
                                                            3014611 3014621 3015211       
                                                            3015311 3015411 3015711       
                                                            3016111 3016711 3016811       
                                                            3016821 3017111 3018511       
                                                            3018611 3019111 3020711       
                                                            3020811 3021311 3021511       
                                                            3021611 3021711 3021811       
                                                            3022311 3022411 3022511       
                                                            3023111 3023511 3024611       
                                                            3024911 3025311 3025511       
                                                            3026211 3026221 3026311       
                                                            3026911 3027011 3027411       
                                                            3027711 3028211 3028711       
                                                            3028811 3029611 3029811       
                                                            3030611 3030711 3030811       
                                                            3032311 3032511 3032611       
                                                            3032811 3033111 3033121       
                                                            3033311 3033511 3033611       
                                                            3033621 3034011 3034211       
                                                            3034221 3034911 3035011       
                                                            3035411 3035511 3036511       
                                                            Hb Line Plot

                                                        The Mixed Procedure

                                                            3037611 3037911 3037921       
                                                            3038211 3038411 3039211       
                                                            3039221 3039611 3039621       
                                                            3039811 3040111 3040121       
                                                            3040411 3040511 3040711       
                                                            3041011 3041211 3041711       
                                                            3042011 3042021 3042031       
                                                            3042211 3042311 3042911       
                                                            3043411 3043911 3044211       
                                                            3044221 3044311 3044511       
                                                            3044611 3044711 3045511       
                                                            3045811 3046211 3046311       
                                                            3046511 3047011 3047111       
                                                            3047511 3047711 3047811       
                                                            3047911 3048411 3048511       
                                                            3048911 3049011 3049021       
                                                            3049211 3049221 3049511       
                                                            3049711 3049921 3049931       
                                                            3050211 3050611 3052211       
                                                            3052511 3052611 3052711       
                                                            3052811 3053011 3053111       
                                                            3053211 3053311 3053611       
                                                            3054011 3054111 3054411       
                                                            3054511 3054521 3054611       
                                                            3054711 3054911 3055111       
                                                            3055311 3056011 3056111       
                                                            3056211 3056411 3056421       
                                                            3056711 3056811 3057111       
                                                            3058411 3058711 3058911       
                                                            3059011 3059111 3059121       
                                                            3059411 3059511 3059611       
                                                            3059811 3060011 3060111       
                                                            3060121 3060211 3061711       
                                                            3062611 3062911 3063211       
                                                            3063711 3063721 3063811       
                                                            3063911 3064011 3064811       
                                                            3065211 3065221 3065511       
                                                            3065811 3065911 3066211       
                                                            3066411 3066511 3066521       
                                                            3066611 3066621 3066631       
                                                            3066811 3067111 3067121       
                                                            3067611 3067811 3067911       
                                                            3068011 3068111 3068121       
                                                            3068311 3068321 3068511       
                                                            3068811 3068821 3068911       
                                                            3068921 3068931 3069211       
                                                            3069231 3069621 3070311       
                                                            3070321 3070411 3070611       
                                                            3070711 3070811 3072011       
                                         ivh           2    0 1                           


                                                            Dimensions

                                                Covariance Parameters             2
                                                Columns in X                      6
                                                            Hb Line Plot

                                                        The Mixed Procedure

                                                            Dimensions

                                                Columns in Z Per Subject          1
                                                Subjects                        471
                                                Max Obs Per Subject              29


                                                      Number of Observations

                                            Number of Observations Read            3271
                                            Number of Observations Used            3270
                                            Number of Observations Not Used           1


                                                         Iteration History
 
                                    Iteration    Evaluations        -2 Log Like       Criterion

                                            0              1     15012.37879991                
                                            1              2     14838.12818256      0.00170705
                                            2              1     14829.28871066      0.00018339
                                            3              1     14828.42054038      0.00000269
                                            4              1     14828.40856942      0.00000000


                                                     Convergence criteria met.                    


                                                   Covariance Parameter Estimates
 
                                                                     Standard         Z
                                 Cov Parm     Subject    Estimate       Error     Value      Pr > Z

                                 UN(1,1)      id           1.3764      0.1669      8.25      <.0001
                                 Residual                  4.6974      0.1285     36.56      <.0001


                                                          Fit Statistics

                                               -2 Log Likelihood             14828.4
                                               AIC (smaller is better)       14840.4
                                               AICC (smaller is better)      14840.4
                                               BIC (smaller is better)       14865.3


                                                  Null Model Likelihood Ratio Test
 
                                                    DF    Chi-Square      Pr > ChiSq

                                                     1        183.97          <.0001


                                                            Hb Line Plot

                                                        The Mixed Procedure

                                                    Solution for Fixed Effects
 
                                                              Standard
                              Effect       ivh    Estimate       Error      DF    t Value    Pr > |t|

                              Intercept            13.2790      0.2484     469      53.46      <.0001
                              ivh          0       -0.2522      0.2611    2797      -0.97      0.3340
                              ivh          1             0           .       .        .         .    
                              day                  -0.1189     0.02988    2797      -3.98      <.0001
                              day*ivh      0       0.06929     0.02993    2797       2.31      0.0207
                              day*ivh      1             0           .       .        .         .    


                                                   Type 3 Tests of Fixed Effects
 
                                                         Num     Den
                                           Effect         DF      DF    F Value    Pr > F

                                           ivh             1    2797       0.93    0.3340
                                           day             1    2797      31.67    <.0001
                                           day*ivh         1    2797       5.36    0.0207


                                                          Coefficients for
                                                           No IVH, Day60
 
                                                     Effect       ivh      Row1

                                                     Intercept                1
                                                     ivh          0           1
                                                     ivh          1            
                                                     day                     60
                                                     day*ivh      0          60
                                                     day*ivh      1            


                                                          Coefficients for
                                                             IVH, Day60
 
                                                     Effect       ivh      Row1

                                                     Intercept                1
                                                     ivh          0            
                                                     ivh          1           1
                                                     day                     60
                                                     day*ivh      0            
                                                     day*ivh      1          60


                                                             Estimates
 
                                              Standard
            Label                 Estimate       Error      DF    t Value    Pr > |t|     Alpha       Lower       Upper

            No IVH, slope         -0.04958    0.001807    2797     -27.44      <.0001      0.05    -0.05312    -0.04603
               IVH, slope          -0.1189     0.02988    2797      -3.98      <.0001      0.05     -0.1774    -0.06028
                                                            Hb Line Plot

                                                        The Mixed Procedure

                                                             Estimates
 
                                              Standard
            Label                 Estimate       Error      DF    t Value    Pr > |t|     Alpha       Lower       Upper

            Compare slopes         0.06929     0.02993    2797       2.31      0.0207      0.05     0.01060      0.1280
            Compare Intercept      -0.2522      0.2611    2797      -0.97      0.3340      0.05     -0.7641      0.2596
            Compare day1           -0.1830      0.2495    2797      -0.73      0.4634      0.05     -0.6722      0.3063
            Compare day7            0.2328      0.2540    2797       0.92      0.3595      0.05     -0.2653      0.7308
            No IVH, intercept      13.0268     0.08030    2797     162.22      <.0001      0.05     12.8693     13.1842
            No IVH, Day1           12.9772     0.07952    2797     163.19      <.0001      0.05     12.8213     13.1331
            No IVH, Day7           12.6798     0.07557    2797     167.78      <.0001      0.05     12.5316     12.8279
            No IVH, Day14          12.3327     0.07276    2797     169.50      <.0001      0.05     12.1901     12.4754
            No IVH, Day21          11.9857     0.07209    2797     166.27      <.0001      0.05     11.8444     12.1271
            No IVH, Day28          11.6387     0.07361    2797     158.11      <.0001      0.05     11.4943     11.7830
            No IVH, Day40          11.0438     0.08089    2797     136.52      <.0001      0.05     10.8852     11.2024
            No IVH, Day60          10.0523      0.1025    2797      98.06      <.0001      0.05      9.8513     10.2533
            Yes IVH, intercept     13.2790      0.2484    2797      53.46      <.0001      0.05     12.7920     13.7661
                IVH, Day1          13.1602      0.2365    2797      55.65      <.0001      0.05     12.6964     13.6239
                IVH, Day7          12.4470      0.2425    2797      51.33      <.0001      0.05     11.9716     12.9225
                IVH, Day14         11.6150      0.3786    2797      30.68      <.0001      0.05     10.8726     12.3574
                IVH, Day21         10.7830      0.5616    2797      19.20      <.0001      0.05      9.6818     11.8842
                IVH, Day28          9.9509      0.7582    2797      13.12      <.0001      0.05      8.4642     11.4377
                IVH, Day40          8.5246      1.1060    2797       7.71      <.0001      0.05      6.3559     10.6933
                IVH, Day60          6.1474      1.6956    2797       3.63      0.0003      0.05      2.8226      9.4723
                           Hemoglobin vs Age (No IVH=407, IVH=64 (with Hemoglobin before IVH diagnosis))
                                  Test of equal intercepts, p=0.334; Test of equal slopes, p=0.021

                                                    No IVH         IVH                  p
                                         Day      Mean[95%CI]      Mean[95%CI]        value

                                           0    13.0[12.9-13.2]    13.3[12.8-13.8]    0.334
                                           1    13.0[12.8-13.1]    13.2[12.7-13.6]    0.463
                                           7    12.7[12.5-12.8]    12.4[12.0-12.9]    0.360
                                          14    12.3[12.2-12.5]    -                   .   
                                          21    12.0[11.8-12.1]    -                   .   
                                          28    11.6[11.5-11.8]    -                   .   
                                          40    11.0[10.9-11.2]    -                   .   
                                          60    10.1[ 9.9-10.3]    -                   .   
