1                                                          The SAS System                                15:06 Tuesday, May 21, 2013

NOTE: Copyright (c) 2002-2010 by SAS Institute Inc., Cary, NC, USA. 
NOTE: SAS (r) Proprietary Software 9.3 (TS1M0) 
      Licensed to EMORY UNIVERSITY-T&R, Site 70088042.
NOTE: This session is executing on the SunOS 5.10 (SUN X64) platform.



You are running SAS 9. Some SAS 8 files will be automatically converted 
by the V9 engine; others are incompatible.  Please see 
http://support.sas.com/rnd/migration/planning/platform/64bit.html

PROC MIGRATE will preserve current SAS file attributes and is 
recommended for converting all your SAS libraries from any 
SAS 8 release to SAS 9.  For details and examples, please see
http://support.sas.com/rnd/migration/index.html


This message is contained in the SAS news file, and is presented upon
initialization.  Edit the file "news" in the "misc/base" directory to
display site-specific news and information in the program log.
The command line option "-nonews" will prevent this display.




NOTE: SAS initialization used:
      real time           0.02 seconds
      cpu time            0.02 seconds
      

NOTE: AUTOEXEC processing beginning; file is /dfax/ttcmv/sas/programs/reporting/baohua/IVH/autoexec.sas.

NOTE: Libref CMV was successfully assigned as follows: 
      Engine:        V9 
      Physical Name: /ttcmv/sas/data/monthly_freeze_2013.05.01
NOTE: Library CMV_REP does not exist.
NOTE: Library CMV_QC does not exist.
NOTE: Libref LIBRARY was successfully assigned as follows: 
      Engine:        V9 
      Physical Name: /ttcmv/sas/data

NOTE: DATA statement used (Total process time):
      real time           0.00 seconds
      cpu time            0.00 seconds
      


NOTE: AUTOEXEC processing completed.

1          options nodate nonumber;
2          %include "macro.sas";
223        
224        %let mu=%sysfunc(byte(181));
225        %let pm=%sysfunc(byte(177));
226        
227        proc format;
228           value grade 1="I" 2="II" 3="III" 4="IV" 0="NA";
NOTE: Format GRADE has been output.
                                                           The SAS System

229        run;

NOTE: PROCEDURE FORMAT used (Total process time):
      real time           0.00 seconds
      cpu time            0.00 seconds
      

230        
231        data ivh;
232        	merge cmv.plate_068(keep=id IVHDiagDate)
233        			cmv.ivh_image(keep=id ImageDate LeftIVHGrade RightIVHGrade)
234        			cmv.comp_pat(in=comp keep=id center);
235        	by id;
236        	
237        	if comp;
238        	retain x_date;
239        	if first.id then x_date=imagedate;
240        	if ivhdiagdate=. then ivhdiagdate=x_date;
241        	
242        	if LeftIVHGrade=99 then LeftIVHGrade=.;
243        	if rightIVHGrade=99 then rightIVHGrade=.;	
244        	
245        	if LeftIVHGrade in(1,2,3,4) or RightIVHGrade in(1,2,3,4);
246        run;

NOTE: There were 189 observations read from the data set CMV.PLATE_068.
NOTE: There were 603 observations read from the data set CMV.IVH_IMAGE.
NOTE: There were 471 observations read from the data set CMV.COMP_PAT.
NOTE: The data set WORK.IVH has 414 observations and 7 variables.
NOTE: DATA statement used (Total process time):
      real time           0.00 seconds
      cpu time            0.00 seconds
      

247        
248        proc sort; by id imagedate;run;

NOTE: There were 414 observations read from the data set WORK.IVH.
NOTE: The data set WORK.IVH has 414 observations and 7 variables.
NOTE: PROCEDURE SORT used (Total process time):
      real time           0.00 seconds
      cpu time            0.00 seconds
      

249        
250        data ivh_id;
251            set ivh; by id imagedate;
252            if first.id;
253        run;

NOTE: There were 414 observations read from the data set WORK.IVH.
NOTE: The data set WORK.IVH_ID has 163 observations and 7 variables.
NOTE: DATA statement used (Total process time):
      real time           0.00 seconds
      cpu time            0.00 seconds
      

254        
                                                           The SAS System

255        proc means data=ivh max;
256        	class id;
257        	var LeftIVHGrade RightIVHGrade;
258        	ods output means.summary=ivh_max;
259        run;

NOTE: The data set WORK.IVH_MAX has 163 observations and 6 variables.
NOTE: There were 414 observations read from the data set WORK.IVH.
NOTE: The PROCEDURE MEANS printed pages 1-10.
NOTE: PROCEDURE MEANS used (Total process time):
      real time           0.03 seconds
      cpu time            0.04 seconds
      

260        
261        data ivh_grade;
262            set ivh_max;
263            grade=max(LeftIVHGrade_max, rightIVHGrade_max);
264            keep id LeftIVHGrade_max rightIVHGrade_max grade;
265        run;

NOTE: There were 163 observations read from the data set WORK.IVH_MAX.
NOTE: The data set WORK.IVH_GRADE has 163 observations and 4 variables.
NOTE: DATA statement used (Total process time):
      real time           0.00 seconds
      cpu time            0.01 seconds
      

266        
267        
268        proc sort data=cmv.plate_033(keep=id  DateTransfusion plt_TxStartTime) out=tx_plt;by id DateTransfusion plt_TxStartTime;
268      ! run;

NOTE: There were 342 observations read from the data set CMV.PLATE_033.
NOTE: The data set WORK.TX_PLT has 342 observations and 3 variables.
NOTE: PROCEDURE SORT used (Total process time):
      real time           0.00 seconds
      cpu time            0.00 seconds
      

269        
270        data tx_plt;
271            merge tx_plt(in=A) ivh_id(keep=id imagedate in=B); by id;
272            if A and B then if DateTransfusion<=imagedate;
273            drop imagedate;
274            if A;
275        run;

NOTE: There were 342 observations read from the data set WORK.TX_PLT.
NOTE: There were 163 observations read from the data set WORK.IVH_ID.
NOTE: The data set WORK.TX_PLT has 229 observations and 3 variables.
NOTE: DATA statement used (Total process time):
      real time           0.00 seconds
      cpu time            0.00 seconds
      

276        
277        data tx_plt;
                                                           The SAS System

278        	set tx_plt; by id DateTransfusion plt_TxStartTime;
279        	retain dt_plt;
280        	if first.id then do; nplt=0; dt_plt=DateTransfusion; end;
281        	nplt+1;
282        	if last.id;
283        	format dt_plt date9.;
284        run;

NOTE: There were 229 observations read from the data set WORK.TX_PLT.
NOTE: The data set WORK.TX_PLT has 76 observations and 5 variables.
NOTE: DATA statement used (Total process time):
      real time           0.00 seconds
      cpu time            0.00 seconds
      

285        
286        data rbc;
287        	set cmv.plate_031;
288            keep id DateTransfusion Hb DateHbHct;
289        	rename DateHbHct=hbdate DateTransfusion=dt;
290        run;

NOTE: There were 1405 observations read from the data set CMV.PLATE_031.
NOTE: The data set WORK.RBC has 1405 observations and 4 variables.
NOTE: DATA statement used (Total process time):
      real time           0.00 seconds
      cpu time            0.00 seconds
      

291        
292        proc sort nodupkey; by id dt; run;

NOTE: There were 1405 observations read from the data set WORK.RBC.
NOTE: 84 observations with duplicate key values were deleted.
NOTE: The data set WORK.RBC has 1321 observations and 4 variables.
NOTE: PROCEDURE SORT used (Total process time):
      real time           0.00 seconds
      cpu time            0.00 seconds
      

293        
294        data hb;
295        	set cmv.plate_015(keep=id hb hbdate BloodCollectDate) rbc(keep=id hbdate Hb); by id;
296        		if hbdate=. then hbdate=BloodCollectDate;
297        		if hb=. then delete;
298        run;

NOTE: There were 3660 observations read from the data set CMV.PLATE_015.
NOTE: There were 1321 observations read from the data set WORK.RBC.
NOTE: The data set WORK.HB has 4258 observations and 4 variables.
NOTE: DATA statement used (Total process time):
      real time           0.00 seconds
      cpu time            0.00 seconds
      

299        
300        proc sort; by id hbdate;run;

                                                           The SAS System

NOTE: There were 4258 observations read from the data set WORK.HB.
NOTE: The data set WORK.HB has 4258 observations and 4 variables.
NOTE: PROCEDURE SORT used (Total process time):
      real time           0.00 seconds
      cpu time            0.01 seconds
      

301        
302        data first_hb;
303            set hb; by id hbdate;
304            if first.id;
305            keep id hb hbdate;
306        run;

NOTE: There were 4258 observations read from the data set WORK.HB.
NOTE: The data set WORK.FIRST_HB has 503 observations and 3 variables.
NOTE: DATA statement used (Total process time):
      real time           0.00 seconds
      cpu time            0.00 seconds
      

307        
308        
309        data platelet;
310        	set cmv.plate_033;
311            keep id DateTransfusion plateletnum DatePlateletCount;
312        	rename DatePlateletCount=pltdate DateTransfusion=dt plateletnum=platelet;
313        run;

NOTE: There were 342 observations read from the data set CMV.PLATE_033.
NOTE: The data set WORK.PLATELET has 342 observations and 4 variables.
NOTE: DATA statement used (Total process time):
      real time           0.00 seconds
      cpu time            0.00 seconds
      

314        
315        proc sort nodupkey; by id dt; run;

NOTE: There were 342 observations read from the data set WORK.PLATELET.
NOTE: 33 observations with duplicate key values were deleted.
NOTE: The data set WORK.PLATELET has 309 observations and 4 variables.
NOTE: PROCEDURE SORT used (Total process time):
      real time           0.00 seconds
      cpu time            0.00 seconds
      

316        
317        data plt;
318        	set cmv.plate_015(keep=id platelet pltdate BloodCollectDate) platelet(keep=id pltdate platelet); by id;
319        		if pltdate=. then pltdate=BloodCollectDate;
320        		if platelet^=.;
321        run;

NOTE: There were 3660 observations read from the data set CMV.PLATE_015.
NOTE: There were 309 observations read from the data set WORK.PLATELET.
NOTE: The data set WORK.PLT has 2803 observations and 4 variables.
NOTE: DATA statement used (Total process time):
                                                           The SAS System

      real time           0.00 seconds
      cpu time            0.00 seconds
      

322        
323        proc sort; by id pltdate;run;

NOTE: There were 2803 observations read from the data set WORK.PLT.
NOTE: The data set WORK.PLT has 2803 observations and 4 variables.
NOTE: PROCEDURE SORT used (Total process time):
      real time           0.00 seconds
      cpu time            0.00 seconds
      

324        
325        data first_plt;
326            set plt; by id pltdate;
327            if first.id;
328            keep id platelet pltdate;
329        run;

NOTE: There were 2803 observations read from the data set WORK.PLT.
NOTE: The data set WORK.FIRST_PLT has 500 observations and 3 variables.
NOTE: DATA statement used (Total process time):
      real time           0.00 seconds
      cpu time            0.00 seconds
      

330        
331        
332        data indom;
333            merge cmv.med cmv.plate_005(keep=id LBWIDOB); by id;
334            if medcode=14 and StartDate-LBWIDOB<=1;
335            keep id;
336        run;

NOTE: There were 8757 observations read from the data set CMV.MED.
NOTE: There were 501 observations read from the data set CMV.PLATE_005.
NOTE: The data set WORK.INDOM has 61 observations and 1 variables.
NOTE: DATA statement used (Total process time):
      real time           0.00 seconds
      cpu time            0.02 seconds
      

337        
338        proc sort nodupkey; by id;run;

NOTE: There were 61 observations read from the data set WORK.INDOM.
NOTE: 1 observations with duplicate key values were deleted.
NOTE: The data set WORK.INDOM has 60 observations and 1 variables.
NOTE: PROCEDURE SORT used (Total process time):
      real time           0.00 seconds
      cpu time            0.00 seconds
      

339        
340        data ivh_indom;
341            merge indom(in=A) cmv.plate_068(keep=id Indomethacin) ivh_grade(keep=id grade); by id;
                                                           The SAS System

342            if A or indomethacin then indo=1; else indo=0;
343        run;

NOTE: There were 60 observations read from the data set WORK.INDOM.
NOTE: There were 189 observations read from the data set CMV.PLATE_068.
NOTE: There were 163 observations read from the data set WORK.IVH_GRADE.
NOTE: The data set WORK.IVH_INDOM has 235 observations and 4 variables.
NOTE: DATA statement used (Total process time):
      real time           0.00 seconds
      cpu time            0.00 seconds
      

344        
345        %let n1=0;
346        %let n2=0;
347        %let n3=0;
348        %let n4=0;
349        %let n=0;
350        
351        %table(ivh_indom, indo_tab, indo, grade); quit;
NOTE: The data set WORK.ONE has 15 observations and 10 variables.
NOTE: There were 235 observations read from the data set WORK.IVH_INDOM.
NOTE: The PROCEDURE FREQ printed page 11.
NOTE: PROCEDURE FREQ used (Total process time):
      real time           0.00 seconds
      cpu time            0.00 seconds
      


NOTE: There were 15 observations read from the data set WORK.ONE.
NOTE: The data set WORK.ONE has 15 observations and 10 variables.
NOTE: PROCEDURE SORT used (Total process time):
      real time           0.00 seconds
      cpu time            0.00 seconds
      


NOTE: There were 235 observations read from the data set WORK.IVH_INDOM.
NOTE: 230 observations with duplicate key values were deleted.
NOTE: The data set WORK.TEMP has 5 observations and 1 variables.
NOTE: PROCEDURE SORT used (Total process time):
      real time           0.00 seconds
      cpu time            0.00 seconds
      


NOTE: Numeric values have been converted to character values at the places given by: (Line):(Column).
      351:16   
NOTE: There were 4 observations read from the data set WORK.TEMP.
      WHERE grade not = .;
NOTE: DATA statement used (Total process time):
      real time           0.00 seconds
      cpu time            0.00 seconds
      


NOTE: There were 15 observations read from the data set WORK.ONE.
NOTE: The data set WORK.TMP has 12 observations and 8 variables.
                                                           The SAS System

NOTE: PROCEDURE TRANSPOSE used (Total process time):
      real time           0.00 seconds
      cpu time            0.01 seconds
      


NOTE: Numeric values have been converted to character values at the places given by: (Line):(Column).
      351:1   351:1   351:1   351:1   
NOTE: There were 12 observations read from the data set WORK.TMP.
NOTE: DATA statement used (Total process time):
      real time           0.00 seconds
      cpu time            0.00 seconds
      


NOTE: There were 3 observations read from the data set WORK.TMP.
      WHERE _name_='ColPercent';
NOTE: The data set WORK.TMP1 has 3 observations and 8 variables.
NOTE: DATA statement used (Total process time):
      real time           0.00 seconds
      cpu time            0.00 seconds
      


NOTE: There were 3 observations read from the data set WORK.TMP.
      WHERE _name_='RowPercent';
NOTE: The data set WORK.TMP2 has 3 observations and 8 variables.
NOTE: DATA statement used (Total process time):
      real time           0.00 seconds
      cpu time            0.00 seconds
      


NOTE: Numeric values have been converted to character values at the places given by: (Line):(Column).
      351:1    351:1    351:1    351:1    351:19   
NOTE: Character values have been converted to numeric values at the places given by: (Line):(Column).
      351:78   
NOTE: There were 3 observations read from the data set WORK.TMP.
      WHERE _name_='Frequency';
NOTE: There were 3 observations read from the data set WORK.TMP1.
NOTE: There were 3 observations read from the data set WORK.TMP2.
NOTE: The data set WORK.INDO_TAB has 2 observations and 21 variables.
NOTE: At least one W.D format was too small for the number to be printed. The decimal may be shifted by the "BEST" format.
NOTE: DATA statement used (Total process time):
      real time           0.00 seconds
      cpu time            0.00 seconds
      

352        
353        proc format;
354        	
354      !  value ny 0="No" 1="Yes";
NOTE: Format NY has been output.
355        run;

NOTE: PROCEDURE FORMAT used (Total process time):
      real time           0.00 seconds
      cpu time            0.00 seconds
                                                           The SAS System

      

356        
357        
358        ods rtf file="indo_tab.rtf" style=journal bodytitle;
NOTE: Writing RTF Body file: indo_tab.rtf
359        proc print data=indo_tab noobs label split="*" style(header) = [just=center];
360        title "Table1: Indomethacin by IVH grade";
361        Var indo /style(data)=[cellwidth=1.5in just=left];
362        var c1-c4 c /style(data) = [cellwidth=0.8in just=center] ;
363        format indo ny.;
364        label  indo="Indomethacin"
365               c1="Grade I*(n=&n1)"
366               c2="Grade II*(n=&n2)"
367               c3="Grade III*(n=&n3)"
368               c4="Grade IV*(n=&n4)"
369               c="Total*(n=&n)";
370        run;

NOTE: There were 2 observations read from the data set WORK.INDO_TAB.
NOTE: The PROCEDURE PRINT printed page 12.
NOTE: PROCEDURE PRINT used (Total process time):
      real time           0.00 seconds
      cpu time            0.01 seconds
      

371        
372        ods rtf close;
373        
374        
375        
376        data lbwi;
377        	merge
378        
379        	cmv.plate_005(keep=id LBWIDOB Gender)
380        	cmv.plate_006
381        	cmv.plate_008
382        	cmv.plate_009(keep=id IsChorloConfirm HistoChloro)
383        	cmv.plate_010(keep=id PO2Value  PCO2  FiO2)
384        	cmv.plate_012(keep=id SNAPTotalScore)
385        	/*cmv.plate_015(where=(DFSEQ=1)keep=id DFSEQ BloodCollectDate Platelet PltDate)*/
386        	cmv.plate_068(keep=id IVHDiagDate Indomethacin  AntiConvulsant)
387        	first_hb first_plt
388        	ivh_id(in=A)
389        	indom(in=tmp)
390            ivh_grade(keep=id grade)
391        	tx_plt(in=C)
392        
393        	cmv.endofstudy(keep=id StudyLeftDate)
394        	cmv.completedstudylist(in=comp);
395        		
396        	by id;
397        	
398        	if A and comp;
399        	if A then ivh=1; else ivh=0;
400        	if C then plt=1; else plt=0;
401        	if C then do; if nplt in(1,2) then idx_plt=1; else if nplt>2 then idx_plt=2; end; else idx_plt=0;
402        	if tmp or Indomethacin then Indomethacin=1; else Indomethacin=0;
                                                           The SAS System

403        	
404        	if ivh then do;
405        	if imageDate<=pltdate then platelet=.;
406        	end;
407        	
408        	keep 	id Gender LBWIDOB GestAge BirthWeight birthresus BirthResusOxygen BirthResusCPAP StudyLeftDate day
409        	        SNAPTotalScore Platelet plt idx_plt dt_plt nplt	IVHDiagDate ImageDate LeftIVHGrade RightIVHGrade ivh
410        	        Indomethacin Apgar5Min Hypertension DeliveryMode IsChorloConfirm grade Fio2;
411        			
412        run;

WARNING: The variable day in the DROP, KEEP, or RENAME list has never been referenced.
NOTE: There were 501 observations read from the data set CMV.PLATE_005.
NOTE: There were 501 observations read from the data set CMV.PLATE_006.
NOTE: There were 429 observations read from the data set CMV.PLATE_008.
NOTE: There were 415 observations read from the data set CMV.PLATE_009.
NOTE: There were 501 observations read from the data set CMV.PLATE_010.
NOTE: There were 501 observations read from the data set CMV.PLATE_012.
NOTE: There were 189 observations read from the data set CMV.PLATE_068.
NOTE: There were 503 observations read from the data set WORK.FIRST_HB.
NOTE: There were 500 observations read from the data set WORK.FIRST_PLT.
NOTE: There were 163 observations read from the data set WORK.IVH_ID.
NOTE: There were 60 observations read from the data set WORK.INDOM.
NOTE: There were 163 observations read from the data set WORK.IVH_GRADE.
NOTE: There were 76 observations read from the data set WORK.TX_PLT.
NOTE: There were 477 observations read from the data set CMV.ENDOFSTUDY.
NOTE: There were 471 observations read from the data set CMV.COMPLETEDSTUDYLIST.
NOTE: The data set WORK.LBWI has 163 observations and 27 variables.
NOTE: DATA statement used (Total process time):
      real time           0.01 seconds
      cpu time            0.01 seconds
      

413        
414        proc univariate data=lbwi;
415        var Platelet;
416        output out=one Q1=Q1 median=Q2 Q3=Q3;
417        run;

NOTE: The data set WORK.ONE has 1 observations and 3 variables.
NOTE: The PROCEDURE UNIVARIATE printed pages 13-14.
NOTE: PROCEDURE UNIVARIATE used (Total process time):
      real time           0.00 seconds
      cpu time            0.00 seconds
      

418        
419        data _null_;
420            set one;
421            call symput("Q1", put(Q1,4.1));
422        	call symput("Q2", put(Q2,4.1));
423        	call symput("Q3", put(Q3,4.1));
424        run;

NOTE: There were 1 observations read from the data set WORK.ONE.
NOTE: At least one W.D format was too small for the number to be printed. The decimal may be shifted by the "BEST" format.
NOTE: DATA statement used (Total process time):
      real time           0.00 seconds
                                                           The SAS System

      cpu time            0.00 seconds
      

425        
426        proc format;
427        	
427      !  value ivh 0="IVH=No" 1="IVH=Yes";
NOTE: Format IVH has been output.
428        	
428      !  value wc  0="Low"  1="Very Low(1000-1500g)" 2="Extremely Low(<1000g)" ;
NOTE: Format WC has been output.
429        	
429      !  value ny 0="No" 1="Yes";
NOTE: Format NY is already on the library.
NOTE: Format NY has been output.
430        	
431        	
431      !  value ntx   0="tx=0" 1="tx=1-2" 2="tx>=3";
NOTE: Format NTX has been output.
432        
433        	
433      !  value gplt   1="Platelet Count<=Q1(&Q1 &mu.L)" 2="Platelet Count in Q1~Q2(&Q2 &mu.L)" 3="Platelet Count in Q2~Q3(&Q3
433      ! &mu.L)" 4="Platelet Count>Q3(&Q3 &mu.L)";
NOTE: Format GPLT has been output.
434        
435        	
435      !  value tbc    1="Platelet Count<150 *1000/&mu.L" 0="Platelet Count>=150 *1000/&mu.L";
NOTE: Format TBC has been output.
436        	
436      !  value ttbc   0="Normal(>=150*1000/&mu.L)" 1="Mild(100-149*1000/&mu.L)" 2="Moderate(50-99*1000/&mu.L)"
436      ! 3="Severe(30-49*1000/&mu.L)" 4="Very Severe(<30*1000/&mu.L)";
NOTE: Format TTBC has been output.
437            value dmode  1="Vaginal vertex" 2="Caesarean section" 3="Vaginal breech" 4="Vaginal NOS" 99="missing"	;
NOTE: Format DMODE has been output.
438        
439            value item
440                  1="IVH Grade"
441                  2="Platelet Count at Birth(*1000/&mu.L), Mean &pm SD (N)"
442                  3="Platelet Count at Birth by Quartile"
443                  4="Thrombocytopenia at Birth*"
444        	      5="Thrombocytopenia at Birth"
445        	      6="Platelet Transfusion"
446        	      7="Platelet Transfusion by Number"
447        	      8="Hypertension existed prior to pregnancy?"
448        	      9="Chorioamnionitis"
449        	      10="Mode of Delivery"
450        	      11="Gestational Age(week), Median[Q1-Q3], N"
451        	      12="Birthweight(g), Mean &pm SD (N)"
452        	      13="SNAP score, Median[Q1-Q3], N"
453        	      14="APGAR at 5 min, Median[Q1-Q3], N"
454                  15="FiO2 at Birth, Median[Q1-Q3], N"
455        	      16="Delivery room resuscitation"
456            	  17="Birth resuscitation/stabilization with Oxygen"
457        	      18="Birth resuscitation/stabilization with CPAP"
458        	      ;
NOTE: Format ITEM has been output.
459        	
460        	
                                                           The SAS System

460      !   value group 1="Platelet + Indomethacin" 2="SNAP + Gestional Age";
NOTE: Format GROUP has been output.
461        	
461      !   value grade 1="I" 2="II" 3="III" 4="IV";
NOTE: Format GRADE is already on the library.
NOTE: Format GRADE has been output.
462        	
463        run;

NOTE: PROCEDURE FORMAT used (Total process time):
      real time           0.00 seconds
      cpu time            0.01 seconds
      

464        
465        data lbwi;
466            set lbwi;
467            if 0<platelet<=&Q1 then gplt=1; else if &Q1<platelet<=&Q2 then gplt=2;
468            else if &Q2<platelet<=&Q3 then gplt=3; else if platelet^=. then gplt=4;
469            if 0<Platelet<150 then tbc=1; else if platelet^=. then tbc=0;
470        	if 100<=Platelet<150 then ttbc=1; else if 50<=Platelet<100 then ttbc=2; else if 30<=Platelet<50 then ttbc=3;
471        	else if 0<Platelet<30 then ttbc=4; else if platelet^=. then ttbc=0;
472        	
473            if BirthResusCPAP=99 then BirthResusCPAP=.;
474            if birthresus=99 then birthresus=.;
475        
476        	format tbc tbc. ttbc ttbc. gplt gplt. ivh ivh. DeliveryMode dmode. Hypertension ny.;
477        run;

NOTE: There were 163 observations read from the data set WORK.LBWI.
NOTE: The data set WORK.LBWI has 163 observations and 30 variables.
NOTE: DATA statement used (Total process time):
      real time           0.00 seconds
      cpu time            0.00 seconds
      

478        
479        
480        *ods trace on/label listing;
481        proc freq data=lbwi(where=(ivh=1));
482        	table Indomethacin;
483        	ods output onewayfreqs=wbh;
484        run;

NOTE: The data set WORK.WBH has 2 observations and 7 variables.
NOTE: There were 163 observations read from the data set WORK.LBWI.
      WHERE ivh=1;
NOTE: The PROCEDURE FREQ printed page 15.
NOTE: PROCEDURE FREQ used (Total process time):
      real time           0.00 seconds
      cpu time            0.00 seconds
      

485        *ods trace off;
486        
487        data _null_;
488        	set wbh;
489        	if Indomethacin=0 then call symput("n0", compress(frequency));
                                                           The SAS System

490        	if Indomethacin=1 then call symput("n1", compress(frequency));
491        run;

NOTE: Numeric values have been converted to character values at the places given by: (Line):(Column).
      489:52   490:52   
NOTE: There were 2 observations read from the data set WORK.WBH.
NOTE: DATA statement used (Total process time):
      real time           0.00 seconds
      cpu time            0.00 seconds
      

492        
493        %let n=%eval(&n0+&n1);
494        
495        %let varlist=Platelet GestAge BirthWeight snaptotalscore Apgar5Min fio2;
496        %stat(lbwi,Indomethacin,&varlist);

NOTE: The data set WORK.STAT has 0 observations and 0 variables.
NOTE: DATA statement used (Total process time):
      real time           0.00 seconds
      cpu time            0.00 seconds
      


NOTE: There were 163 observations read from the data set WORK.LBWI.
NOTE: The data set WORK.TAB1 has 3 observations and 9 variables.
NOTE: The PROCEDURE MEANS printed page 16.
NOTE: PROCEDURE MEANS used (Total process time):
      real time           0.01 seconds
      cpu time            0.02 seconds
      


NOTE: Numeric values have been converted to character values at the places given by: (Line):(Column).
      496:124   
NOTE: There were 3 observations read from the data set WORK.TAB1.
NOTE: The data set WORK.TAB1 has 3 observations and 5 variables.
NOTE: DATA statement used (Total process time):
      real time           0.00 seconds
      cpu time            0.00 seconds
      

NOTE: The data set WORK.WP1 has 10 observations and 5 variables.
NOTE: There were 163 observations read from the data set WORK.LBWI.
NOTE: The PROCEDURE NPAR1WAY printed page 17.
NOTE: PROCEDURE NPAR1WAY used (Total process time):
      real time           0.00 seconds
      cpu time            0.01 seconds
      


NOTE: Character values have been converted to numeric values at the places given by: (Line):(Column).
      812:109   
NOTE: There were 10 observations read from the data set WORK.WP1.
NOTE: The data set WORK.WP1 has 1 observations and 3 variables.
NOTE: DATA statement used (Total process time):
      real time           0.00 seconds
      cpu time            0.00 seconds
                                                           The SAS System

      


NOTE: There were 1 observations read from the data set WORK.TAB1.
      WHERE Indomethacin=9;
NOTE: There were 1 observations read from the data set WORK.TAB1.
      WHERE Indomethacin=0;
NOTE: There were 1 observations read from the data set WORK.TAB1.
      WHERE Indomethacin=1;
NOTE: There were 1 observations read from the data set WORK.WP1.
NOTE: The data set WORK.TAB1 has 1 observations and 13 variables.
NOTE: DATA statement used (Total process time):
      real time           0.00 seconds
      cpu time            0.01 seconds
      


NOTE: There were 0 observations read from the data set WORK.STAT.
NOTE: There were 1 observations read from the data set WORK.TAB1.
NOTE: The data set WORK.STAT has 1 observations and 13 variables.
NOTE: DATA statement used (Total process time):
      real time           0.00 seconds
      cpu time            0.00 seconds
      


NOTE: There were 163 observations read from the data set WORK.LBWI.
NOTE: The data set WORK.TAB2 has 3 observations and 9 variables.
NOTE: The PROCEDURE MEANS printed page 18.
NOTE: PROCEDURE MEANS used (Total process time):
      real time           0.01 seconds
      cpu time            0.01 seconds
      


NOTE: Numeric values have been converted to character values at the places given by: (Line):(Column).
      496:124   
NOTE: There were 3 observations read from the data set WORK.TAB2.
NOTE: The data set WORK.TAB2 has 3 observations and 5 variables.
NOTE: DATA statement used (Total process time):
      real time           0.00 seconds
      cpu time            0.00 seconds
      

NOTE: The data set WORK.WP2 has 10 observations and 5 variables.
NOTE: There were 163 observations read from the data set WORK.LBWI.
NOTE: The PROCEDURE NPAR1WAY printed page 19.
NOTE: PROCEDURE NPAR1WAY used (Total process time):
      real time           0.00 seconds
      cpu time            0.01 seconds
      


NOTE: Character values have been converted to numeric values at the places given by: (Line):(Column).
      869:109   
NOTE: There were 10 observations read from the data set WORK.WP2.
NOTE: The data set WORK.WP2 has 1 observations and 3 variables.
NOTE: DATA statement used (Total process time):
                                                           The SAS System

      real time           0.00 seconds
      cpu time            0.00 seconds
      


NOTE: There were 1 observations read from the data set WORK.TAB2.
      WHERE Indomethacin=9;
NOTE: There were 1 observations read from the data set WORK.TAB2.
      WHERE Indomethacin=0;
NOTE: There were 1 observations read from the data set WORK.TAB2.
      WHERE Indomethacin=1;
NOTE: There were 1 observations read from the data set WORK.WP2.
NOTE: The data set WORK.TAB2 has 1 observations and 13 variables.
NOTE: DATA statement used (Total process time):
      real time           0.00 seconds
      cpu time            0.00 seconds
      


NOTE: There were 1 observations read from the data set WORK.STAT.
NOTE: There were 1 observations read from the data set WORK.TAB2.
NOTE: The data set WORK.STAT has 2 observations and 13 variables.
NOTE: DATA statement used (Total process time):
      real time           0.00 seconds
      cpu time            0.00 seconds
      


NOTE: There were 163 observations read from the data set WORK.LBWI.
NOTE: The data set WORK.TAB3 has 3 observations and 9 variables.
NOTE: The PROCEDURE MEANS printed page 20.
NOTE: PROCEDURE MEANS used (Total process time):
      real time           0.01 seconds
      cpu time            0.02 seconds
      


NOTE: Numeric values have been converted to character values at the places given by: (Line):(Column).
      496:124   
NOTE: There were 3 observations read from the data set WORK.TAB3.
NOTE: The data set WORK.TAB3 has 3 observations and 5 variables.
NOTE: DATA statement used (Total process time):
      real time           0.00 seconds
      cpu time            0.00 seconds
      

NOTE: The data set WORK.WP3 has 10 observations and 5 variables.
NOTE: There were 163 observations read from the data set WORK.LBWI.
NOTE: The PROCEDURE NPAR1WAY printed page 21.
NOTE: PROCEDURE NPAR1WAY used (Total process time):
      real time           0.00 seconds
      cpu time            0.00 seconds
      


NOTE: Character values have been converted to numeric values at the places given by: (Line):(Column).
      926:109   
NOTE: There were 10 observations read from the data set WORK.WP3.
                                                           The SAS System

NOTE: The data set WORK.WP3 has 1 observations and 3 variables.
NOTE: DATA statement used (Total process time):
      real time           0.00 seconds
      cpu time            0.00 seconds
      


NOTE: There were 1 observations read from the data set WORK.TAB3.
      WHERE Indomethacin=9;
NOTE: There were 1 observations read from the data set WORK.TAB3.
      WHERE Indomethacin=0;
NOTE: There were 1 observations read from the data set WORK.TAB3.
      WHERE Indomethacin=1;
NOTE: There were 1 observations read from the data set WORK.WP3.
NOTE: The data set WORK.TAB3 has 1 observations and 13 variables.
NOTE: DATA statement used (Total process time):
      real time           0.00 seconds
      cpu time            0.00 seconds
      


NOTE: There were 2 observations read from the data set WORK.STAT.
NOTE: There were 1 observations read from the data set WORK.TAB3.
NOTE: The data set WORK.STAT has 3 observations and 13 variables.
NOTE: DATA statement used (Total process time):
      real time           0.00 seconds
      cpu time            0.00 seconds
      


NOTE: There were 163 observations read from the data set WORK.LBWI.
NOTE: The data set WORK.TAB4 has 3 observations and 9 variables.
NOTE: The PROCEDURE MEANS printed page 22.
NOTE: PROCEDURE MEANS used (Total process time):
      real time           0.01 seconds
      cpu time            0.01 seconds
      


NOTE: Numeric values have been converted to character values at the places given by: (Line):(Column).
      496:124   
NOTE: There were 3 observations read from the data set WORK.TAB4.
NOTE: The data set WORK.TAB4 has 3 observations and 5 variables.
NOTE: DATA statement used (Total process time):
      real time           0.00 seconds
      cpu time            0.00 seconds
      

NOTE: The data set WORK.WP4 has 10 observations and 5 variables.
NOTE: There were 163 observations read from the data set WORK.LBWI.
NOTE: The PROCEDURE NPAR1WAY printed page 23.
NOTE: PROCEDURE NPAR1WAY used (Total process time):
      real time           0.00 seconds
      cpu time            0.01 seconds
      


NOTE: Character values have been converted to numeric values at the places given by: (Line):(Column).
                                                           The SAS System

      983:109   
NOTE: There were 10 observations read from the data set WORK.WP4.
NOTE: The data set WORK.WP4 has 1 observations and 3 variables.
NOTE: DATA statement used (Total process time):
      real time           0.00 seconds
      cpu time            0.00 seconds
      


NOTE: There were 1 observations read from the data set WORK.TAB4.
      WHERE Indomethacin=9;
NOTE: There were 1 observations read from the data set WORK.TAB4.
      WHERE Indomethacin=0;
NOTE: There were 1 observations read from the data set WORK.TAB4.
      WHERE Indomethacin=1;
NOTE: There were 1 observations read from the data set WORK.WP4.
NOTE: The data set WORK.TAB4 has 1 observations and 13 variables.
NOTE: DATA statement used (Total process time):
      real time           0.00 seconds
      cpu time            0.00 seconds
      


NOTE: There were 3 observations read from the data set WORK.STAT.
NOTE: There were 1 observations read from the data set WORK.TAB4.
NOTE: The data set WORK.STAT has 4 observations and 13 variables.
NOTE: DATA statement used (Total process time):
      real time           0.00 seconds
      cpu time            0.00 seconds
      


NOTE: There were 163 observations read from the data set WORK.LBWI.
NOTE: The data set WORK.TAB5 has 3 observations and 9 variables.
NOTE: The PROCEDURE MEANS printed page 24.
NOTE: PROCEDURE MEANS used (Total process time):
      real time           0.01 seconds
      cpu time            0.02 seconds
      


NOTE: Numeric values have been converted to character values at the places given by: (Line):(Column).
      496:124   496:77    
NOTE: There were 3 observations read from the data set WORK.TAB5.
NOTE: The data set WORK.TAB5 has 3 observations and 5 variables.
NOTE: DATA statement used (Total process time):
      real time           0.00 seconds
      cpu time            0.00 seconds
      

NOTE: The data set WORK.WP5 has 10 observations and 5 variables.
NOTE: There were 163 observations read from the data set WORK.LBWI.
NOTE: The PROCEDURE NPAR1WAY printed page 25.
NOTE: PROCEDURE NPAR1WAY used (Total process time):
      real time           0.00 seconds
      cpu time            0.00 seconds
      

                                                           The SAS System


NOTE: Character values have been converted to numeric values at the places given by: (Line):(Column).
      1043:109   
NOTE: There were 10 observations read from the data set WORK.WP5.
NOTE: The data set WORK.WP5 has 1 observations and 3 variables.
NOTE: DATA statement used (Total process time):
      real time           0.00 seconds
      cpu time            0.00 seconds
      


NOTE: There were 1 observations read from the data set WORK.TAB5.
      WHERE Indomethacin=9;
NOTE: There were 1 observations read from the data set WORK.TAB5.
      WHERE Indomethacin=0;
NOTE: There were 1 observations read from the data set WORK.TAB5.
      WHERE Indomethacin=1;
NOTE: There were 1 observations read from the data set WORK.WP5.
NOTE: The data set WORK.TAB5 has 1 observations and 13 variables.
NOTE: DATA statement used (Total process time):
      real time           0.00 seconds
      cpu time            0.00 seconds
      


NOTE: There were 4 observations read from the data set WORK.STAT.
NOTE: There were 1 observations read from the data set WORK.TAB5.
NOTE: The data set WORK.STAT has 5 observations and 13 variables.
NOTE: DATA statement used (Total process time):
      real time           0.00 seconds
      cpu time            0.00 seconds
      


NOTE: There were 163 observations read from the data set WORK.LBWI.
NOTE: The data set WORK.TAB6 has 3 observations and 9 variables.
NOTE: The PROCEDURE MEANS printed page 26.
NOTE: PROCEDURE MEANS used (Total process time):
      real time           0.01 seconds
      cpu time            0.02 seconds
      


NOTE: Numeric values have been converted to character values at the places given by: (Line):(Column).
      496:124   
NOTE: There were 3 observations read from the data set WORK.TAB6.
NOTE: The data set WORK.TAB6 has 3 observations and 5 variables.
NOTE: DATA statement used (Total process time):
      real time           0.00 seconds
      cpu time            0.00 seconds
      

NOTE: The data set WORK.WP6 has 10 observations and 5 variables.
NOTE: There were 163 observations read from the data set WORK.LBWI.
NOTE: The PROCEDURE NPAR1WAY printed page 27.
NOTE: PROCEDURE NPAR1WAY used (Total process time):
      real time           0.00 seconds
      cpu time            0.00 seconds
                                                           The SAS System

      


NOTE: Character values have been converted to numeric values at the places given by: (Line):(Column).
      1100:109   
NOTE: There were 10 observations read from the data set WORK.WP6.
NOTE: The data set WORK.WP6 has 1 observations and 3 variables.
NOTE: DATA statement used (Total process time):
      real time           0.00 seconds
      cpu time            0.01 seconds
      


NOTE: There were 1 observations read from the data set WORK.TAB6.
      WHERE Indomethacin=9;
NOTE: There were 1 observations read from the data set WORK.TAB6.
      WHERE Indomethacin=0;
NOTE: There were 1 observations read from the data set WORK.TAB6.
      WHERE Indomethacin=1;
NOTE: There were 1 observations read from the data set WORK.WP6.
NOTE: The data set WORK.TAB6 has 1 observations and 13 variables.
NOTE: DATA statement used (Total process time):
      real time           0.00 seconds
      cpu time            0.00 seconds
      


NOTE: There were 5 observations read from the data set WORK.STAT.
NOTE: There were 1 observations read from the data set WORK.TAB6.
NOTE: The data set WORK.STAT has 6 observations and 13 variables.
NOTE: DATA statement used (Total process time):
      real time           0.00 seconds
      cpu time            0.00 seconds
      

497        
498        
499        %let varlist=grade gplt tbc ttbc plt idx_plt Hypertension IsChorloConfirm DeliveryMode birthresus BirthResusOxygen
499      ! BirthResusCPAP;
500        %tab(lbwi,Indomethacin,tab,&varlist);

NOTE: The data set WORK.TAB has 0 observations and 0 variables.
NOTE: DATA statement used (Total process time):
      real time           0.00 seconds
      cpu time            0.00 seconds
      


NOTE: The data set WORK.TAB1 has 15 observations and 8 variables.
NOTE: There were 163 observations read from the data set WORK.LBWI.
NOTE: The data set WORK.P1 has 2 observations and 23 variables.
NOTE: The PROCEDURE FREQ printed pages 28-29.
NOTE: PROCEDURE FREQ used (Total process time):
      real time           0.00 seconds
      cpu time            0.00 seconds
      


                                                           The SAS System

NOTE: There were 15 observations read from the data set WORK.TAB1.
NOTE: The data set WORK.TAB1 has 15 observations and 8 variables.
NOTE: PROCEDURE SORT used (Total process time):
      real time           0.00 seconds
      cpu time            0.00 seconds
      


NOTE: Numeric values have been converted to character values at the places given by: (Line):(Column).
      500:67    500:127   
NOTE: There were 2 observations read from the data set WORK.TAB1.
      WHERE _type_='01';
NOTE: DATA statement used (Total process time):
      real time           0.00 seconds
      cpu time            0.00 seconds
      


NOTE: Numeric values have been converted to character values at the places given by: (Line):(Column).
      500:77    500:118   500:168   
NOTE: There were 5 observations read from the data set WORK.TAB1.
      WHERE Indomethacin=1;
NOTE: There were 5 observations read from the data set WORK.TAB1.
      WHERE Indomethacin=0;
NOTE: The data set WORK.TAB1 has 4 observations and 12 variables.
NOTE: DATA statement used (Total process time):
      real time           0.00 seconds
      cpu time            0.01 seconds
      


NOTE: There were 4 observations read from the data set WORK.TAB1.
NOTE: The data set WORK.TAB1 has 4 observations and 12 variables.
NOTE: PROCEDURE SORT used (Total process time):
      real time           0.00 seconds
      cpu time            0.00 seconds
      


NOTE: Variable _LGOR_ is uninitialized.
NOTE: Variable L_LGOR is uninitialized.
NOTE: Variable U_LGOR is uninitialized.
NOTE: Missing values were generated as a result of performing an operation on missing values.
      Each place is given by: (Number of times) at (Line):(Column).
      2 at 1189:252   
NOTE: There were 2 observations read from the data set WORK.P1.
NOTE: The data set WORK.P1 has 2 observations and 5 variables.
NOTE: DATA statement used (Total process time):
      real time           0.00 seconds
      cpu time            0.00 seconds
      


NOTE: There were 1 observations read from the data set WORK.P1.
NOTE: There were 1 observations read from the data set WORK.P1.
NOTE: The data set WORK.P1 has 1 observations and 5 variables.
NOTE: DATA statement used (Total process time):
      real time           0.00 seconds
                                                           The SAS System

      cpu time            0.00 seconds
      


NOTE: There were 4 observations read from the data set WORK.TAB1.
NOTE: There were 1 observations read from the data set WORK.P1.
NOTE: The data set WORK.TAB1 has 4 observations and 16 variables.
NOTE: DATA statement used (Total process time):
      real time           0.00 seconds
      cpu time            0.01 seconds
      


NOTE: There were 0 observations read from the data set WORK.TAB.
NOTE: There were 4 observations read from the data set WORK.TAB1.
NOTE: The data set WORK.TAB has 4 observations and 15 variables.
NOTE: DATA statement used (Total process time):
      real time           0.00 seconds
      cpu time            0.00 seconds
      


NOTE: The data set WORK.TAB2 has 15 observations and 8 variables.
NOTE: There were 163 observations read from the data set WORK.LBWI.
NOTE: The data set WORK.P2 has 2 observations and 23 variables.
NOTE: The PROCEDURE FREQ printed pages 30-31.
NOTE: PROCEDURE FREQ used (Total process time):
      real time           0.00 seconds
      cpu time            0.01 seconds
      


NOTE: There were 15 observations read from the data set WORK.TAB2.
NOTE: The data set WORK.TAB2 has 15 observations and 8 variables.
NOTE: PROCEDURE SORT used (Total process time):
      real time           0.00 seconds
      cpu time            0.00 seconds
      


NOTE: Numeric values have been converted to character values at the places given by: (Line):(Column).
      500:67    500:127   
NOTE: There were 2 observations read from the data set WORK.TAB2.
      WHERE _type_='01';
NOTE: DATA statement used (Total process time):
      real time           0.00 seconds
      cpu time            0.00 seconds
      


NOTE: Numeric values have been converted to character values at the places given by: (Line):(Column).
      500:77    500:118   500:168   
NOTE: There were 5 observations read from the data set WORK.TAB2.
      WHERE Indomethacin=1;
NOTE: There were 5 observations read from the data set WORK.TAB2.
      WHERE Indomethacin=0;
NOTE: The data set WORK.TAB2 has 4 observations and 12 variables.
NOTE: DATA statement used (Total process time):
                                                           The SAS System

      real time           0.00 seconds
      cpu time            0.00 seconds
      


NOTE: There were 4 observations read from the data set WORK.TAB2.
NOTE: The data set WORK.TAB2 has 4 observations and 12 variables.
NOTE: PROCEDURE SORT used (Total process time):
      real time           0.00 seconds
      cpu time            0.00 seconds
      


NOTE: Variable _LGOR_ is uninitialized.
NOTE: Variable L_LGOR is uninitialized.
NOTE: Variable U_LGOR is uninitialized.
NOTE: Missing values were generated as a result of performing an operation on missing values.
      Each place is given by: (Number of times) at (Line):(Column).
      2 at 1265:252   
NOTE: There were 2 observations read from the data set WORK.P2.
NOTE: The data set WORK.P2 has 2 observations and 5 variables.
NOTE: DATA statement used (Total process time):
      real time           0.00 seconds
      cpu time            0.00 seconds
      


NOTE: There were 1 observations read from the data set WORK.P2.
NOTE: There were 1 observations read from the data set WORK.P2.
NOTE: The data set WORK.P2 has 1 observations and 5 variables.
NOTE: DATA statement used (Total process time):
      real time           0.00 seconds
      cpu time            0.00 seconds
      


NOTE: There were 4 observations read from the data set WORK.TAB2.
NOTE: There were 1 observations read from the data set WORK.P2.
NOTE: The data set WORK.TAB2 has 4 observations and 16 variables.
NOTE: DATA statement used (Total process time):
      real time           0.00 seconds
      cpu time            0.00 seconds
      


NOTE: There were 4 observations read from the data set WORK.TAB.
NOTE: There were 4 observations read from the data set WORK.TAB2.
NOTE: The data set WORK.TAB has 8 observations and 15 variables.
NOTE: DATA statement used (Total process time):
      real time           0.00 seconds
      cpu time            0.00 seconds
      


NOTE: The data set WORK.TAB3 has 9 observations and 8 variables.
NOTE: There were 163 observations read from the data set WORK.LBWI.
NOTE: The data set WORK.P3 has 2 observations and 46 variables.
NOTE: The PROCEDURE FREQ printed pages 32-33.
                                                           The SAS System

NOTE: PROCEDURE FREQ used (Total process time):
      real time           0.00 seconds
      cpu time            0.01 seconds
      


NOTE: There were 9 observations read from the data set WORK.TAB3.
NOTE: The data set WORK.TAB3 has 9 observations and 8 variables.
NOTE: PROCEDURE SORT used (Total process time):
      real time           0.00 seconds
      cpu time            0.00 seconds
      


NOTE: Numeric values have been converted to character values at the places given by: (Line):(Column).
      500:67    500:127   
NOTE: There were 2 observations read from the data set WORK.TAB3.
      WHERE _type_='01';
NOTE: DATA statement used (Total process time):
      real time           0.00 seconds
      cpu time            0.00 seconds
      


NOTE: Numeric values have been converted to character values at the places given by: (Line):(Column).
      500:77    500:118   500:168   
NOTE: There were 3 observations read from the data set WORK.TAB3.
      WHERE Indomethacin=1;
NOTE: There were 3 observations read from the data set WORK.TAB3.
      WHERE Indomethacin=0;
NOTE: The data set WORK.TAB3 has 2 observations and 12 variables.
NOTE: DATA statement used (Total process time):
      real time           0.00 seconds
      cpu time            0.00 seconds
      


NOTE: There were 2 observations read from the data set WORK.TAB3.
NOTE: The data set WORK.TAB3 has 2 observations and 12 variables.
NOTE: PROCEDURE SORT used (Total process time):
      real time           0.00 seconds
      cpu time            0.00 seconds
      


NOTE: Missing values were generated as a result of performing an operation on missing values.
      Each place is given by: (Number of times) at (Line):(Column).
      1 at 1341:252   
NOTE: There were 2 observations read from the data set WORK.P3.
NOTE: The data set WORK.P3 has 2 observations and 5 variables.
NOTE: DATA statement used (Total process time):
      real time           0.00 seconds
      cpu time            0.00 seconds
      


NOTE: There were 1 observations read from the data set WORK.P3.
NOTE: There were 1 observations read from the data set WORK.P3.
                                                           The SAS System

NOTE: The data set WORK.P3 has 1 observations and 5 variables.
NOTE: DATA statement used (Total process time):
      real time           0.00 seconds
      cpu time            0.01 seconds
      


NOTE: There were 2 observations read from the data set WORK.TAB3.
NOTE: There were 1 observations read from the data set WORK.P3.
NOTE: The data set WORK.TAB3 has 2 observations and 16 variables.
NOTE: DATA statement used (Total process time):
      real time           0.00 seconds
      cpu time            0.00 seconds
      


NOTE: There were 8 observations read from the data set WORK.TAB.
NOTE: There were 2 observations read from the data set WORK.TAB3.
NOTE: The data set WORK.TAB has 10 observations and 15 variables.
NOTE: DATA statement used (Total process time):
      real time           0.00 seconds
      cpu time            0.00 seconds
      


NOTE: The data set WORK.TAB4 has 15 observations and 8 variables.
NOTE: There were 163 observations read from the data set WORK.LBWI.
NOTE: The data set WORK.P4 has 2 observations and 23 variables.
NOTE: The PROCEDURE FREQ printed pages 34-35.
NOTE: PROCEDURE FREQ used (Total process time):
      real time           0.00 seconds
      cpu time            0.01 seconds
      


NOTE: There were 15 observations read from the data set WORK.TAB4.
NOTE: The data set WORK.TAB4 has 15 observations and 8 variables.
NOTE: PROCEDURE SORT used (Total process time):
      real time           0.00 seconds
      cpu time            0.00 seconds
      


NOTE: Numeric values have been converted to character values at the places given by: (Line):(Column).
      500:67    500:127   
NOTE: There were 2 observations read from the data set WORK.TAB4.
      WHERE _type_='01';
NOTE: DATA statement used (Total process time):
      real time           0.00 seconds
      cpu time            0.00 seconds
      


NOTE: Numeric values have been converted to character values at the places given by: (Line):(Column).
      500:77    500:118   500:168   
NOTE: There were 5 observations read from the data set WORK.TAB4.
      WHERE Indomethacin=1;
NOTE: There were 5 observations read from the data set WORK.TAB4.
                                                           The SAS System

      WHERE Indomethacin=0;
NOTE: The data set WORK.TAB4 has 4 observations and 12 variables.
NOTE: DATA statement used (Total process time):
      real time           0.00 seconds
      cpu time            0.01 seconds
      


NOTE: There were 4 observations read from the data set WORK.TAB4.
NOTE: The data set WORK.TAB4 has 4 observations and 12 variables.
NOTE: PROCEDURE SORT used (Total process time):
      real time           0.00 seconds
      cpu time            0.00 seconds
      


NOTE: Variable _LGOR_ is uninitialized.
NOTE: Variable L_LGOR is uninitialized.
NOTE: Variable U_LGOR is uninitialized.
NOTE: Missing values were generated as a result of performing an operation on missing values.
      Each place is given by: (Number of times) at (Line):(Column).
      2 at 1417:252   
NOTE: There were 2 observations read from the data set WORK.P4.
NOTE: The data set WORK.P4 has 2 observations and 5 variables.
NOTE: DATA statement used (Total process time):
      real time           0.00 seconds
      cpu time            0.00 seconds
      


NOTE: There were 1 observations read from the data set WORK.P4.
NOTE: There were 1 observations read from the data set WORK.P4.
NOTE: The data set WORK.P4 has 1 observations and 5 variables.
NOTE: DATA statement used (Total process time):
      real time           0.00 seconds
      cpu time            0.00 seconds
      


NOTE: There were 4 observations read from the data set WORK.TAB4.
NOTE: There were 1 observations read from the data set WORK.P4.
NOTE: The data set WORK.TAB4 has 4 observations and 16 variables.
NOTE: DATA statement used (Total process time):
      real time           0.00 seconds
      cpu time            0.00 seconds
      


NOTE: There were 10 observations read from the data set WORK.TAB.
NOTE: There were 4 observations read from the data set WORK.TAB4.
NOTE: The data set WORK.TAB has 14 observations and 15 variables.
NOTE: DATA statement used (Total process time):
      real time           0.00 seconds
      cpu time            0.00 seconds
      


NOTE: The data set WORK.TAB5 has 9 observations and 8 variables.
                                                           The SAS System

NOTE: There were 163 observations read from the data set WORK.LBWI.
NOTE: The data set WORK.P5 has 2 observations and 46 variables.
NOTE: The PROCEDURE FREQ printed pages 36-37.
NOTE: PROCEDURE FREQ used (Total process time):
      real time           0.00 seconds
      cpu time            0.01 seconds
      


NOTE: There were 9 observations read from the data set WORK.TAB5.
NOTE: The data set WORK.TAB5 has 9 observations and 8 variables.
NOTE: PROCEDURE SORT used (Total process time):
      real time           0.00 seconds
      cpu time            0.00 seconds
      


NOTE: Numeric values have been converted to character values at the places given by: (Line):(Column).
      500:67    500:127   
NOTE: There were 2 observations read from the data set WORK.TAB5.
      WHERE _type_='01';
NOTE: DATA statement used (Total process time):
      real time           0.00 seconds
      cpu time            0.00 seconds
      


NOTE: Numeric values have been converted to character values at the places given by: (Line):(Column).
      500:77    500:118   500:168   
NOTE: There were 3 observations read from the data set WORK.TAB5.
      WHERE Indomethacin=1;
NOTE: There were 3 observations read from the data set WORK.TAB5.
      WHERE Indomethacin=0;
NOTE: The data set WORK.TAB5 has 2 observations and 12 variables.
NOTE: DATA statement used (Total process time):
      real time           0.00 seconds
      cpu time            0.00 seconds
      


NOTE: There were 2 observations read from the data set WORK.TAB5.
NOTE: The data set WORK.TAB5 has 2 observations and 12 variables.
NOTE: PROCEDURE SORT used (Total process time):
      real time           0.00 seconds
      cpu time            0.00 seconds
      


NOTE: Missing values were generated as a result of performing an operation on missing values.
      Each place is given by: (Number of times) at (Line):(Column).
      1 at 1493:252   
NOTE: There were 2 observations read from the data set WORK.P5.
NOTE: The data set WORK.P5 has 2 observations and 5 variables.
NOTE: DATA statement used (Total process time):
      real time           0.00 seconds
      cpu time            0.00 seconds
      

                                                           The SAS System


NOTE: There were 1 observations read from the data set WORK.P5.
NOTE: There were 1 observations read from the data set WORK.P5.
NOTE: The data set WORK.P5 has 1 observations and 5 variables.
NOTE: DATA statement used (Total process time):
      real time           0.00 seconds
      cpu time            0.00 seconds
      


NOTE: There were 2 observations read from the data set WORK.TAB5.
NOTE: There were 1 observations read from the data set WORK.P5.
NOTE: The data set WORK.TAB5 has 2 observations and 16 variables.
NOTE: DATA statement used (Total process time):
      real time           0.00 seconds
      cpu time            0.01 seconds
      


NOTE: There were 14 observations read from the data set WORK.TAB.
NOTE: There were 2 observations read from the data set WORK.TAB5.
NOTE: The data set WORK.TAB has 16 observations and 15 variables.
NOTE: DATA statement used (Total process time):
      real time           0.00 seconds
      cpu time            0.00 seconds
      


NOTE: The data set WORK.TAB6 has 12 observations and 8 variables.
NOTE: There were 163 observations read from the data set WORK.LBWI.
NOTE: The data set WORK.P6 has 2 observations and 23 variables.
NOTE: The PROCEDURE FREQ printed pages 38-39.
NOTE: PROCEDURE FREQ used (Total process time):
      real time           0.00 seconds
      cpu time            0.00 seconds
      


NOTE: There were 12 observations read from the data set WORK.TAB6.
NOTE: The data set WORK.TAB6 has 12 observations and 8 variables.
NOTE: PROCEDURE SORT used (Total process time):
      real time           0.00 seconds
      cpu time            0.00 seconds
      


NOTE: Numeric values have been converted to character values at the places given by: (Line):(Column).
      500:67    500:127   
NOTE: There were 2 observations read from the data set WORK.TAB6.
      WHERE _type_='01';
NOTE: DATA statement used (Total process time):
      real time           0.00 seconds
      cpu time            0.00 seconds
      


NOTE: Numeric values have been converted to character values at the places given by: (Line):(Column).
      500:77    500:118   500:168   
                                                           The SAS System

NOTE: There were 4 observations read from the data set WORK.TAB6.
      WHERE Indomethacin=1;
NOTE: There were 4 observations read from the data set WORK.TAB6.
      WHERE Indomethacin=0;
NOTE: The data set WORK.TAB6 has 3 observations and 12 variables.
NOTE: DATA statement used (Total process time):
      real time           0.00 seconds
      cpu time            0.01 seconds
      


NOTE: There were 3 observations read from the data set WORK.TAB6.
NOTE: The data set WORK.TAB6 has 3 observations and 12 variables.
NOTE: PROCEDURE SORT used (Total process time):
      real time           0.00 seconds
      cpu time            0.01 seconds
      


NOTE: Variable _LGOR_ is uninitialized.
NOTE: Variable L_LGOR is uninitialized.
NOTE: Variable U_LGOR is uninitialized.
NOTE: Missing values were generated as a result of performing an operation on missing values.
      Each place is given by: (Number of times) at (Line):(Column).
      2 at 1569:252   
NOTE: There were 2 observations read from the data set WORK.P6.
NOTE: The data set WORK.P6 has 2 observations and 5 variables.
NOTE: DATA statement used (Total process time):
      real time           0.00 seconds
      cpu time            0.00 seconds
      


NOTE: There were 1 observations read from the data set WORK.P6.
NOTE: There were 1 observations read from the data set WORK.P6.
NOTE: The data set WORK.P6 has 1 observations and 5 variables.
NOTE: DATA statement used (Total process time):
      real time           0.00 seconds
      cpu time            0.00 seconds
      


NOTE: There were 3 observations read from the data set WORK.TAB6.
NOTE: There were 1 observations read from the data set WORK.P6.
NOTE: The data set WORK.TAB6 has 3 observations and 16 variables.
NOTE: DATA statement used (Total process time):
      real time           0.00 seconds
      cpu time            0.00 seconds
      


NOTE: There were 16 observations read from the data set WORK.TAB.
NOTE: There were 3 observations read from the data set WORK.TAB6.
NOTE: The data set WORK.TAB has 19 observations and 15 variables.
NOTE: DATA statement used (Total process time):
      real time           0.00 seconds
      cpu time            0.00 seconds
      
                                                           The SAS System



NOTE: The data set WORK.TAB7 has 9 observations and 8 variables.
NOTE: There were 163 observations read from the data set WORK.LBWI.
NOTE: The data set WORK.P7 has 2 observations and 46 variables.
NOTE: The PROCEDURE FREQ printed pages 40-41.
NOTE: PROCEDURE FREQ used (Total process time):
      real time           0.00 seconds
      cpu time            0.01 seconds
      


NOTE: There were 9 observations read from the data set WORK.TAB7.
NOTE: The data set WORK.TAB7 has 9 observations and 8 variables.
NOTE: PROCEDURE SORT used (Total process time):
      real time           0.00 seconds
      cpu time            0.00 seconds
      


NOTE: Numeric values have been converted to character values at the places given by: (Line):(Column).
      500:67    500:127   
NOTE: There were 2 observations read from the data set WORK.TAB7.
      WHERE _type_='01';
NOTE: DATA statement used (Total process time):
      real time           0.00 seconds
      cpu time            0.00 seconds
      


NOTE: Numeric values have been converted to character values at the places given by: (Line):(Column).
      500:77    500:118   500:168   
NOTE: There were 3 observations read from the data set WORK.TAB7.
      WHERE Indomethacin=1;
NOTE: There were 3 observations read from the data set WORK.TAB7.
      WHERE Indomethacin=0;
NOTE: The data set WORK.TAB7 has 2 observations and 12 variables.
NOTE: DATA statement used (Total process time):
      real time           0.00 seconds
      cpu time            0.00 seconds
      


NOTE: There were 2 observations read from the data set WORK.TAB7.
NOTE: The data set WORK.TAB7 has 2 observations and 12 variables.
NOTE: PROCEDURE SORT used (Total process time):
      real time           0.00 seconds
      cpu time            0.00 seconds
      


NOTE: Missing values were generated as a result of performing an operation on missing values.
      Each place is given by: (Number of times) at (Line):(Column).
      1 at 1645:252   
NOTE: There were 2 observations read from the data set WORK.P7.
NOTE: The data set WORK.P7 has 2 observations and 5 variables.
NOTE: DATA statement used (Total process time):
      real time           0.00 seconds
                                                           The SAS System

      cpu time            0.00 seconds
      


NOTE: There were 1 observations read from the data set WORK.P7.
NOTE: There were 1 observations read from the data set WORK.P7.
NOTE: The data set WORK.P7 has 1 observations and 5 variables.
NOTE: DATA statement used (Total process time):
      real time           0.00 seconds
      cpu time            0.00 seconds
      


NOTE: There were 2 observations read from the data set WORK.TAB7.
NOTE: There were 1 observations read from the data set WORK.P7.
NOTE: The data set WORK.TAB7 has 2 observations and 16 variables.
NOTE: DATA statement used (Total process time):
      real time           0.00 seconds
      cpu time            0.00 seconds
      


NOTE: There were 19 observations read from the data set WORK.TAB.
NOTE: There were 2 observations read from the data set WORK.TAB7.
NOTE: The data set WORK.TAB has 21 observations and 15 variables.
NOTE: DATA statement used (Total process time):
      real time           0.00 seconds
      cpu time            0.00 seconds
      


NOTE: The data set WORK.TAB8 has 9 observations and 8 variables.
NOTE: There were 163 observations read from the data set WORK.LBWI.
NOTE: The data set WORK.P8 has 2 observations and 46 variables.
NOTE: The PROCEDURE FREQ printed pages 42-43.
NOTE: PROCEDURE FREQ used (Total process time):
      real time           0.00 seconds
      cpu time            0.01 seconds
      


NOTE: There were 9 observations read from the data set WORK.TAB8.
NOTE: The data set WORK.TAB8 has 9 observations and 8 variables.
NOTE: PROCEDURE SORT used (Total process time):
      real time           0.00 seconds
      cpu time            0.00 seconds
      


NOTE: Numeric values have been converted to character values at the places given by: (Line):(Column).
      500:67    500:127   
NOTE: There were 2 observations read from the data set WORK.TAB8.
      WHERE _type_='01';
NOTE: DATA statement used (Total process time):
      real time           0.00 seconds
      cpu time            0.00 seconds
      

                                                           The SAS System


NOTE: Numeric values have been converted to character values at the places given by: (Line):(Column).
      500:77    500:118   500:168   
NOTE: There were 3 observations read from the data set WORK.TAB8.
      WHERE Indomethacin=1;
NOTE: There were 3 observations read from the data set WORK.TAB8.
      WHERE Indomethacin=0;
NOTE: The data set WORK.TAB8 has 2 observations and 12 variables.
NOTE: DATA statement used (Total process time):
      real time           0.00 seconds
      cpu time            0.00 seconds
      


NOTE: There were 2 observations read from the data set WORK.TAB8.
NOTE: The data set WORK.TAB8 has 2 observations and 12 variables.
NOTE: PROCEDURE SORT used (Total process time):
      real time           0.00 seconds
      cpu time            0.00 seconds
      


NOTE: Missing values were generated as a result of performing an operation on missing values.
      Each place is given by: (Number of times) at (Line):(Column).
      1 at 1721:252   
NOTE: There were 2 observations read from the data set WORK.P8.
NOTE: The data set WORK.P8 has 2 observations and 5 variables.
NOTE: At least one W.D format was too small for the number to be printed. The decimal may be shifted by the "BEST" format.
NOTE: DATA statement used (Total process time):
      real time           0.00 seconds
      cpu time            0.00 seconds
      


NOTE: There were 1 observations read from the data set WORK.P8.
NOTE: There were 1 observations read from the data set WORK.P8.
NOTE: The data set WORK.P8 has 1 observations and 5 variables.
NOTE: DATA statement used (Total process time):
      real time           0.00 seconds
      cpu time            0.01 seconds
      


NOTE: There were 2 observations read from the data set WORK.TAB8.
NOTE: There were 1 observations read from the data set WORK.P8.
NOTE: The data set WORK.TAB8 has 2 observations and 16 variables.
NOTE: DATA statement used (Total process time):
      real time           0.00 seconds
      cpu time            0.00 seconds
      


NOTE: There were 21 observations read from the data set WORK.TAB.
NOTE: There were 2 observations read from the data set WORK.TAB8.
NOTE: The data set WORK.TAB has 23 observations and 15 variables.
NOTE: DATA statement used (Total process time):
      real time           0.00 seconds
      cpu time            0.00 seconds
                                                           The SAS System

      


NOTE: The data set WORK.TAB9 has 12 observations and 8 variables.
NOTE: There were 163 observations read from the data set WORK.LBWI.
NOTE: The data set WORK.P9 has 2 observations and 23 variables.
NOTE: The PROCEDURE FREQ printed pages 44-45.
NOTE: PROCEDURE FREQ used (Total process time):
      real time           0.00 seconds
      cpu time            0.01 seconds
      


NOTE: There were 12 observations read from the data set WORK.TAB9.
NOTE: The data set WORK.TAB9 has 12 observations and 8 variables.
NOTE: PROCEDURE SORT used (Total process time):
      real time           0.00 seconds
      cpu time            0.00 seconds
      


NOTE: Numeric values have been converted to character values at the places given by: (Line):(Column).
      500:67    500:127   
NOTE: There were 2 observations read from the data set WORK.TAB9.
      WHERE _type_='01';
NOTE: DATA statement used (Total process time):
      real time           0.00 seconds
      cpu time            0.00 seconds
      


NOTE: Numeric values have been converted to character values at the places given by: (Line):(Column).
      500:77    500:118   500:168   
NOTE: There were 4 observations read from the data set WORK.TAB9.
      WHERE Indomethacin=1;
NOTE: There were 4 observations read from the data set WORK.TAB9.
      WHERE Indomethacin=0;
NOTE: The data set WORK.TAB9 has 3 observations and 12 variables.
NOTE: DATA statement used (Total process time):
      real time           0.00 seconds
      cpu time            0.01 seconds
      


NOTE: There were 3 observations read from the data set WORK.TAB9.
NOTE: The data set WORK.TAB9 has 3 observations and 12 variables.
NOTE: PROCEDURE SORT used (Total process time):
      real time           0.00 seconds
      cpu time            0.00 seconds
      


NOTE: Variable _LGOR_ is uninitialized.
NOTE: Variable L_LGOR is uninitialized.
NOTE: Variable U_LGOR is uninitialized.
NOTE: Missing values were generated as a result of performing an operation on missing values.
      Each place is given by: (Number of times) at (Line):(Column).
      2 at 1797:252   
                                                           The SAS System

NOTE: There were 2 observations read from the data set WORK.P9.
NOTE: The data set WORK.P9 has 2 observations and 5 variables.
NOTE: DATA statement used (Total process time):
      real time           0.00 seconds
      cpu time            0.00 seconds
      


NOTE: There were 1 observations read from the data set WORK.P9.
NOTE: There were 1 observations read from the data set WORK.P9.
NOTE: The data set WORK.P9 has 1 observations and 5 variables.
NOTE: DATA statement used (Total process time):
      real time           0.00 seconds
      cpu time            0.00 seconds
      


NOTE: There were 3 observations read from the data set WORK.TAB9.
NOTE: There were 1 observations read from the data set WORK.P9.
NOTE: The data set WORK.TAB9 has 3 observations and 16 variables.
NOTE: DATA statement used (Total process time):
      real time           0.00 seconds
      cpu time            0.00 seconds
      


NOTE: There were 23 observations read from the data set WORK.TAB.
NOTE: There were 3 observations read from the data set WORK.TAB9.
NOTE: The data set WORK.TAB has 26 observations and 15 variables.
NOTE: DATA statement used (Total process time):
      real time           0.00 seconds
      cpu time            0.00 seconds
      


NOTE: The data set WORK.TAB10 has 9 observations and 8 variables.
NOTE: There were 163 observations read from the data set WORK.LBWI.
NOTE: The data set WORK.P10 has 2 observations and 46 variables.
NOTE: The PROCEDURE FREQ printed pages 46-47.
NOTE: PROCEDURE FREQ used (Total process time):
      real time           0.00 seconds
      cpu time            0.01 seconds
      


NOTE: There were 9 observations read from the data set WORK.TAB10.
NOTE: The data set WORK.TAB10 has 9 observations and 8 variables.
NOTE: PROCEDURE SORT used (Total process time):
      real time           0.00 seconds
      cpu time            0.00 seconds
      


NOTE: Numeric values have been converted to character values at the places given by: (Line):(Column).
      500:67    500:127   
NOTE: There were 2 observations read from the data set WORK.TAB10.
      WHERE _type_='01';
NOTE: DATA statement used (Total process time):
                                                           The SAS System

      real time           0.00 seconds
      cpu time            0.00 seconds
      


NOTE: Numeric values have been converted to character values at the places given by: (Line):(Column).
      500:77    500:118   500:168   
NOTE: There were 3 observations read from the data set WORK.TAB10.
      WHERE Indomethacin=1;
NOTE: There were 3 observations read from the data set WORK.TAB10.
      WHERE Indomethacin=0;
NOTE: The data set WORK.TAB10 has 2 observations and 12 variables.
NOTE: DATA statement used (Total process time):
      real time           0.00 seconds
      cpu time            0.00 seconds
      


NOTE: There were 2 observations read from the data set WORK.TAB10.
NOTE: The data set WORK.TAB10 has 2 observations and 12 variables.
NOTE: PROCEDURE SORT used (Total process time):
      real time           0.00 seconds
      cpu time            0.00 seconds
      


NOTE: Missing values were generated as a result of performing an operation on missing values.
      Each place is given by: (Number of times) at (Line):(Column).
      1 at 1873:252   
NOTE: There were 2 observations read from the data set WORK.P10.
NOTE: The data set WORK.P10 has 2 observations and 5 variables.
NOTE: At least one W.D format was too small for the number to be printed. The decimal may be shifted by the "BEST" format.
NOTE: DATA statement used (Total process time):
      real time           0.00 seconds
      cpu time            0.00 seconds
      


NOTE: There were 1 observations read from the data set WORK.P10.
NOTE: There were 1 observations read from the data set WORK.P10.
NOTE: The data set WORK.P10 has 1 observations and 5 variables.
NOTE: DATA statement used (Total process time):
      real time           0.00 seconds
      cpu time            0.00 seconds
      


NOTE: There were 2 observations read from the data set WORK.TAB10.
NOTE: There were 1 observations read from the data set WORK.P10.
NOTE: The data set WORK.TAB10 has 2 observations and 16 variables.
NOTE: DATA statement used (Total process time):
      real time           0.00 seconds
      cpu time            0.00 seconds
      


NOTE: There were 26 observations read from the data set WORK.TAB.
NOTE: There were 2 observations read from the data set WORK.TAB10.
                                                           The SAS System

NOTE: The data set WORK.TAB has 28 observations and 15 variables.
NOTE: DATA statement used (Total process time):
      real time           0.00 seconds
      cpu time            0.00 seconds
      


NOTE: The data set WORK.TAB11 has 9 observations and 8 variables.
NOTE: There were 163 observations read from the data set WORK.LBWI.
NOTE: The data set WORK.P11 has 2 observations and 46 variables.
NOTE: The PROCEDURE FREQ printed pages 48-49.
NOTE: PROCEDURE FREQ used (Total process time):
      real time           0.00 seconds
      cpu time            0.00 seconds
      


NOTE: There were 9 observations read from the data set WORK.TAB11.
NOTE: The data set WORK.TAB11 has 9 observations and 8 variables.
NOTE: PROCEDURE SORT used (Total process time):
      real time           0.00 seconds
      cpu time            0.00 seconds
      


NOTE: Numeric values have been converted to character values at the places given by: (Line):(Column).
      500:67    500:127   
NOTE: There were 2 observations read from the data set WORK.TAB11.
      WHERE _type_='01';
NOTE: DATA statement used (Total process time):
      real time           0.00 seconds
      cpu time            0.00 seconds
      


NOTE: Numeric values have been converted to character values at the places given by: (Line):(Column).
      500:77    500:118   500:168   
NOTE: There were 3 observations read from the data set WORK.TAB11.
      WHERE Indomethacin=1;
NOTE: There were 3 observations read from the data set WORK.TAB11.
      WHERE Indomethacin=0;
NOTE: The data set WORK.TAB11 has 2 observations and 12 variables.
NOTE: DATA statement used (Total process time):
      real time           0.00 seconds
      cpu time            0.00 seconds
      


NOTE: There were 2 observations read from the data set WORK.TAB11.
NOTE: The data set WORK.TAB11 has 2 observations and 12 variables.
NOTE: PROCEDURE SORT used (Total process time):
      real time           0.00 seconds
      cpu time            0.01 seconds
      


NOTE: Missing values were generated as a result of performing an operation on missing values.
      Each place is given by: (Number of times) at (Line):(Column).
                                                           The SAS System

      1 at 1949:252   
NOTE: There were 2 observations read from the data set WORK.P11.
NOTE: The data set WORK.P11 has 2 observations and 5 variables.
NOTE: DATA statement used (Total process time):
      real time           0.00 seconds
      cpu time            0.00 seconds
      


NOTE: There were 1 observations read from the data set WORK.P11.
NOTE: There were 1 observations read from the data set WORK.P11.
NOTE: The data set WORK.P11 has 1 observations and 5 variables.
NOTE: DATA statement used (Total process time):
      real time           0.00 seconds
      cpu time            0.01 seconds
      


NOTE: There were 2 observations read from the data set WORK.TAB11.
NOTE: There were 1 observations read from the data set WORK.P11.
NOTE: The data set WORK.TAB11 has 2 observations and 16 variables.
NOTE: DATA statement used (Total process time):
      real time           0.00 seconds
      cpu time            0.00 seconds
      


NOTE: There were 28 observations read from the data set WORK.TAB.
NOTE: There were 2 observations read from the data set WORK.TAB11.
NOTE: The data set WORK.TAB has 30 observations and 15 variables.
NOTE: DATA statement used (Total process time):
      real time           0.00 seconds
      cpu time            0.00 seconds
      


NOTE: The data set WORK.TAB12 has 9 observations and 8 variables.
NOTE: There were 163 observations read from the data set WORK.LBWI.
NOTE: The data set WORK.P12 has 2 observations and 46 variables.
NOTE: The PROCEDURE FREQ printed pages 50-51.
NOTE: PROCEDURE FREQ used (Total process time):
      real time           0.00 seconds
      cpu time            0.00 seconds
      


NOTE: There were 9 observations read from the data set WORK.TAB12.
NOTE: The data set WORK.TAB12 has 9 observations and 8 variables.
NOTE: PROCEDURE SORT used (Total process time):
      real time           0.00 seconds
      cpu time            0.00 seconds
      


NOTE: Numeric values have been converted to character values at the places given by: (Line):(Column).
      500:67    500:127   
NOTE: There were 2 observations read from the data set WORK.TAB12.
      WHERE _type_='01';
                                                           The SAS System

NOTE: DATA statement used (Total process time):
      real time           0.00 seconds
      cpu time            0.00 seconds
      


NOTE: Numeric values have been converted to character values at the places given by: (Line):(Column).
      500:77    500:118   500:168   
NOTE: There were 3 observations read from the data set WORK.TAB12.
      WHERE Indomethacin=1;
NOTE: There were 3 observations read from the data set WORK.TAB12.
      WHERE Indomethacin=0;
NOTE: The data set WORK.TAB12 has 2 observations and 12 variables.
NOTE: DATA statement used (Total process time):
      real time           0.00 seconds
      cpu time            0.01 seconds
      


NOTE: There were 2 observations read from the data set WORK.TAB12.
NOTE: The data set WORK.TAB12 has 2 observations and 12 variables.
NOTE: PROCEDURE SORT used (Total process time):
      real time           0.00 seconds
      cpu time            0.00 seconds
      


NOTE: Missing values were generated as a result of performing an operation on missing values.
      Each place is given by: (Number of times) at (Line):(Column).
      1 at 2025:252   
NOTE: There were 2 observations read from the data set WORK.P12.
NOTE: The data set WORK.P12 has 2 observations and 5 variables.
NOTE: DATA statement used (Total process time):
      real time           0.00 seconds
      cpu time            0.00 seconds
      


NOTE: There were 1 observations read from the data set WORK.P12.
NOTE: There were 1 observations read from the data set WORK.P12.
NOTE: The data set WORK.P12 has 1 observations and 5 variables.
NOTE: DATA statement used (Total process time):
      real time           0.00 seconds
      cpu time            0.00 seconds
      


NOTE: There were 2 observations read from the data set WORK.TAB12.
NOTE: There were 1 observations read from the data set WORK.P12.
NOTE: The data set WORK.TAB12 has 2 observations and 16 variables.
NOTE: DATA statement used (Total process time):
      real time           0.00 seconds
      cpu time            0.00 seconds
      


NOTE: There were 30 observations read from the data set WORK.TAB.
NOTE: There were 2 observations read from the data set WORK.TAB12.
                                                           The SAS System

NOTE: The data set WORK.TAB has 32 observations and 15 variables.
NOTE: DATA statement used (Total process time):
      real time           0.00 seconds
      cpu time            0.00 seconds
      

501        
502        data tab;
503        	length code0 $100;
504            set tab; by item code;
505                if item=1 then  do; code0=put(code, grade.); end;
506        		if item=2 then  do; code0=put(code, gplt.); end;
507        		if item=3 then  do; code0=put(code, tbc.); end;
508        		if item=4 then  do; code0=put(code, ttbc.); end;
509        		if item=5 then  do; code0=put(code, ny.); end;
510        
511        	
512        		if item=6 then  do; code0=put(code, ntx.); end;
513        		if item=7 then  do; code0=put(code, ny.); end;
514        		if item=8 then  do; code0=put(code, ny.); end;
515        		if item=9 then  do; code0=put(code, dmode.); end;
516        		
517        		if item=10  then  do; code0=put(code, ny.); end;
518        		if item=11 then  do; code0=put(code, ny.); end;
519        		if item=12 then  do; code0=put(code, ny.); end;
520        		*format item item.;
521        run;

NOTE: There were 32 observations read from the data set WORK.TAB.
NOTE: The data set WORK.TAB has 32 observations and 16 variables.
NOTE: DATA statement used (Total process time):
      real time           0.00 seconds
      cpu time            0.00 seconds
      

522        
523        data tab_ivh;
524        	length nfn nfy nft code0 $40;
525            set tab(where=(item=1) in=A)
526                stat(where=(item=1) in=B keep=item mean0 mean1 mean9 pv rename=(mean0=nfn mean1=nfy mean9=nft))
527                tab(where=(1<item<=9) in=C)
528                stat(where=(item>1) in=D keep=item mean0 mean1 mean9 pv rename=(mean0=nfn mean1=nfy mean9=nft))
529                tab(where=(item>9) in=E);
530                by item;
531        
532                if B then item=item+1;
533                if C then item=item+1;
534                if D then item=item+9;
535                if E then item=item+6;
536        
537                format item item.;
538                if item=3 then delete;
539        run;

WARNING: Multiple lengths were specified for the variable code0 by input data set(s). This may cause truncation of data.
NOTE: There were 4 observations read from the data set WORK.TAB.
      WHERE item=1;
NOTE: There were 1 observations read from the data set WORK.STAT.
                                                           The SAS System

      WHERE item=1;
NOTE: There were 22 observations read from the data set WORK.TAB.
      WHERE (item>1 and item<=9);
NOTE: There were 5 observations read from the data set WORK.STAT.
      WHERE item>1;
NOTE: There were 6 observations read from the data set WORK.TAB.
      WHERE item>9;
NOTE: The data set WORK.TAB_IVH has 34 observations and 16 variables.
NOTE: DATA statement used (Total process time):
      real time           0.00 seconds
      cpu time            0.01 seconds
      

540        
541        
542        
543        ods rtf file="tab_ivh.rtf" style=journal bodytitle ;
NOTE: Writing RTF Body file: tab_ivh.rtf
544        proc report data=tab_ivh nowindows style(column)=[just=center] split="*";
545        title "Approach #2: Impact of Prophylactic Indomethacin and Initial Platelet Count on IVH";
546        where item<11;
547        column item code0 nfy nfn pv;
548        define item/"Characteristic" group order=internal format=item. style=[just=left];
549        define code0/"." style=[just=left];
550        define nfy/"Prophylactic Indomethacin*(n=&n1)";
551        define nfn/"No Prophylactic Indomethacin*(n=&n0)";
552        define pv/"p value" group;
553        run;

NOTE: Groups are not created because the usage of code0 is DISPLAY. To avoid this note, change all GROUP variables to ORDER 
variables.
NOTE: There were 23 observations read from the data set WORK.TAB_IVH.
      WHERE item<11;
NOTE: The PROCEDURE REPORT printed pages 52-53.
NOTE: PROCEDURE REPORT used (Total process time):
      real time           0.02 seconds
      cpu time            0.03 seconds
      

554        
555        proc report data=tab_ivh nowindows style(column)=[just=center] split="*";
556        title "Approach #2: Impact of Prophylactic Indomethacin and Initial Platelet Count on IVH";
557        where item>=11;
558        column item code0 nfy nfn pv;
559        define item/"Characteristic" group order=internal format=item. style=[just=left];
560        define code0/"." style=[just=left];
561        define nfy/"Prophylactic Indomethacin*(n=&n1)";
562        define nfn/"No Prophylactic Indomethacin*(n=&n0)";
563        define pv/"p value" group;
564        run;

NOTE: Groups are not created because the usage of code0 is DISPLAY. To avoid this note, change all GROUP variables to ORDER 
variables.
NOTE: There were 11 observations read from the data set WORK.TAB_IVH.
      WHERE item>=11;
NOTE: The PROCEDURE REPORT printed pages 54-55.
NOTE: PROCEDURE REPORT used (Total process time):
      real time           0.01 seconds
                                                           The SAS System

      cpu time            0.02 seconds
      

565        
566        ODS ESCAPECHAR="^";
567        ODS rtf TEXT="^S={LEFTMARGIN=0.5in RIGHTMARGIN=0.5in font_size=11pt}
568        * Thrombocytopenia was defined by Lindern et al. as a platelet count  below 150 x 10^{super 9}/L : BMC Pediatrics
568      ! 2011,11:16.
569        ^n
570        ** Only included data prior to IVH diagnosis for LBWIs with IVH.
571        ^n
572        *** There were 3 LBWIs with IVH treated prophylactically with Indomethacin that did not have a platelet count measurement
572      !  available at birth.";
573        ods rtf close;
574        
575        
576        
577        
578        
579        
580        
581        
582        

NOTE: SAS Institute Inc., SAS Campus Drive, Cary, NC USA 27513-2414
NOTE: The SAS System used:
      real time           0.65 seconds
      cpu time            0.63 seconds
      
