                                                           The SAS System

                                                         The FREQ Procedure

                                               Table of LeftIVHGrade by RightIVHGrade

                                  LeftIVHGrade     RightIVHGrade

                                  Frequency  |I       |II      |III     |IV      |Unilater|  Total
                                             |        |        |        |        |al      |
                                  -----------+--------+--------+--------+--------+--------+
                                  I          |     70 |      8 |      0 |      1 |     49 |    128
                                  -----------+--------+--------+--------+--------+--------+
                                  II         |      2 |     46 |      7 |      6 |      5 |     66
                                  -----------+--------+--------+--------+--------+--------+
                                  III        |      0 |     11 |     53 |      2 |      5 |     71
                                  -----------+--------+--------+--------+--------+--------+
                                  IV         |      2 |      1 |     14 |      5 |     14 |     36
                                  -----------+--------+--------+--------+--------+--------+
                                  Unilateral |     65 |     15 |     11 |     20 |      0 |    111
                                  -----------+--------+--------+--------+--------+--------+
                                  Total           139       81       85       34       73      412
                                     Imaging: Left IVH Grade by Right IVH Grade(n=163/471,35%)

           Left IVH ------------------------------------------- Right IVH Grade -------------------------------------------
              Grade I                         II                        III                       IV                       
         ------------------------------------------------------------------------------------------------------------------
         I                    70(55%)                    8(6%)                     0(0%)                     1(1%)         
         II                    2(3%)                    46(70%)                    7(11%)                    6(9%)         
         III                   0(0%)                    11(15%)                   53(75%)                    2(3%)         
         IV                    2(6%)                     1(3%)                    14(39%)                    5(14%)        
         Unilateral           65(59%)                   15(14%)                   11(10%)                   20(18%)        
         Total               139/412(34%)               81/412(20%)               85/412(21%)               34/412(8%)     
                                     Imaging: Left IVH Grade by Right IVH Grade(n=163/471,35%)

                                        -------------------------                          
                                        Unilateral                Total                    
                                        ---------------------------------------------------
                                                  49(38%)                  128/412(31%)    
                                                   5(8%)                    66/412(16%)    
                                                   5(7%)                    71/412(17%)    
                                                  14(39%)                   36/412(9%)     
                                                   0(0%)                   111/412(27%)    
                                                  73/412(18%)                           412
