                                                           The SAS System

                                                        The MEANS Procedure

                                          TTCMV LBWI      N
                                                  ID    Obs    Variable              Maximum
                                        ----------------------------------------------------
                                             1001811      6    LeftIVHGrade                .
                                                               RightIVHGrade       4.0000000

                                             1006121      4    LeftIVHGrade                .
                                                               RightIVHGrade       4.0000000

                                             1007111      2    LeftIVHGrade        4.0000000
                                                               RightIVHGrade       1.0000000

                                             1012611     11    LeftIVHGrade        4.0000000
                                                               RightIVHGrade               .

                                             1012811      1    LeftIVHGrade        4.0000000
                                                               RightIVHGrade       3.0000000

                                             1022411      3    LeftIVHGrade        3.0000000
                                                               RightIVHGrade               .

                                             2000811      2    LeftIVHGrade        3.0000000
                                                               RightIVHGrade       4.0000000

                                             2002411      4    LeftIVHGrade                .
                                                               RightIVHGrade       3.0000000

                                             2003221      1    LeftIVHGrade        3.0000000
                                                               RightIVHGrade       3.0000000

                                             2007211      6    LeftIVHGrade        3.0000000
                                                               RightIVHGrade       4.0000000

                                             2008311      1    LeftIVHGrade                .
                                                               RightIVHGrade       4.0000000

                                             2008611      6    LeftIVHGrade        3.0000000
                                                               RightIVHGrade       4.0000000

                                             2010211      4    LeftIVHGrade        4.0000000
                                                               RightIVHGrade       2.0000000

                                             2021611      1    LeftIVHGrade        4.0000000
                                                               RightIVHGrade       3.0000000

                                             3001011      4    LeftIVHGrade        3.0000000
                                                               RightIVHGrade       3.0000000

                                             3013611      3    LeftIVHGrade        2.0000000
                                                               RightIVHGrade       3.0000000

                                             3013921      4    LeftIVHGrade        3.0000000
                                                               RightIVHGrade       2.0000000

                                             3015711      4    LeftIVHGrade        3.0000000
                                        ----------------------------------------------------
                                                           The SAS System

                                                        The MEANS Procedure

                                          TTCMV LBWI      N
                                                  ID    Obs    Variable              Maximum
                                        ----------------------------------------------------
                                             3015711      4    RightIVHGrade       2.0000000

                                             3017111      1    LeftIVHGrade        3.0000000
                                                               RightIVHGrade       3.0000000

                                             3021311      4    LeftIVHGrade        3.0000000
                                                               RightIVHGrade       3.0000000

                                             3023511      6    LeftIVHGrade        4.0000000
                                                               RightIVHGrade       4.0000000

                                             3024911      3    LeftIVHGrade                .
                                                               RightIVHGrade       4.0000000

                                             3029611      8    LeftIVHGrade        2.0000000
                                                               RightIVHGrade       3.0000000

                                             3029811      3    LeftIVHGrade        3.0000000
                                                               RightIVHGrade       3.0000000

                                             3042911      3    LeftIVHGrade        3.0000000
                                                               RightIVHGrade       3.0000000

                                             3044221      8    LeftIVHGrade        3.0000000
                                                               RightIVHGrade       3.0000000

                                             3049211      3    LeftIVHGrade                .
                                                               RightIVHGrade       3.0000000

                                             3049221      4    LeftIVHGrade        3.0000000
                                                               RightIVHGrade       3.0000000

                                             3052511      5    LeftIVHGrade        3.0000000
                                                               RightIVHGrade       3.0000000

                                             3053011      7    LeftIVHGrade        3.0000000
                                                               RightIVHGrade       3.0000000

                                             3054911      2    LeftIVHGrade        3.0000000
                                                               RightIVHGrade       3.0000000

                                             3059611     10    LeftIVHGrade        3.0000000
                                                               RightIVHGrade       3.0000000

                                             3060211     12    LeftIVHGrade        4.0000000
                                                               RightIVHGrade       3.0000000

                                             3068311      6    LeftIVHGrade        2.0000000
                                                               RightIVHGrade       4.0000000
                                        ----------------------------------------------------
                                                           The SAS System

                                                      The UNIVARIATE Procedure
                                             Variable:  Platelet  (2.5 Platelet count)

                                                              Moments

                                  N                          32    Sum Weights                 32
                                  Mean                  185.875    Sum Observations          5948
                                  Std Deviation      69.8430268    Variance            4878.04839
                                  Skewness           -0.0306422    Kurtosis            0.01822155
                                  Uncorrected SS        1256804    Corrected SS          151219.5
                                  Coeff Variation    37.5752666    Std Error Mean      12.3466195


                                                     Basic Statistical Measures
 
                                           Location                    Variability

                                       Mean     185.8750     Std Deviation           69.84303
                                       Median   195.0000     Variance                    4878
                                       Mode     237.0000     Range                  305.00000
                                                             Interquartile Range    102.00000

                               Note: The mode displayed is the smallest of 3 modes with a count of 2.


                                                     Tests for Location: Mu0=0
 
                                          Test           -Statistic-    -----p Value------

                                          Student's t    t  15.05473    Pr > |t|    <.0001
                                          Sign           M        16    Pr >= |M|   <.0001
                                          Signed Rank    S       264    Pr >= |S|   <.0001


                                                      Quantiles (Definition 5)
 
                                                       Quantile      Estimate

                                                       100% Max           330
                                                       99%                330
                                                       95%                330
                                                       90%                266
                                                       75% Q3             231
                                                       50% Median         195
                                                       25% Q1             129
                                                       10%                105
                                                       5%                  79
                                                       1%                  25
                                                       0% Min              25


                                                           The SAS System

                                                      The UNIVARIATE Procedure
                                             Variable:  Platelet  (2.5 Platelet count)

                                                        Extreme Observations
 
                                                ----Lowest----        ----Highest---
 
                                                Value      Obs        Value      Obs

                                                   25       15          256       20
                                                   79       22          266       25
                                                   83       27          266       34
                                                  105       12          330       11
                                                  119        9          330       32


                                                           Missing Values
 
                                                                   -----Percent Of-----
                                            Missing                             Missing
                                              Value       Count     All Obs         Obs

                                                  .           2        5.88      100.00
                                                           The SAS System

                                                         The FREQ Procedure

                                                 3.1 Indomethacin within 24 hours?
 
                                                                          Cumulative    Cumulative
                                 Indomethacin    Frequency     Percent     Frequency      Percent
                                 -----------------------------------------------------------------
                                            0          25       73.53            25        73.53  
                                            1           9       26.47            34       100.00  
                                                           The SAS System

                                                        The MEANS Procedure

                                          Analysis Variable : Platelet 2.5 Platelet count
 
                              3.1
                     Indomethacin
                        within 24      N
                           hours?    Obs     N            Mean         Std Dev         Minimum         Maximum
                     -----------------------------------------------------------------------------------------
                                0     25    25     186.5200000      74.7903291      25.0000000     330.0000000

                                1      9     7     183.5714286      53.1126386     119.0000000     237.0000000
                     -----------------------------------------------------------------------------------------
                                                           The SAS System

                                                       The NPAR1WAY Procedure

                                         Wilcoxon Scores (Rank Sums) for Variable Platelet
                                                Classified by Variable Indomethacin
 
                                                        Sum of      Expected       Std Dev          Mean
                            Indomethacin       N        Scores      Under H0      Under H0         Score
                            ----------------------------------------------------------------------------
                            1                  7         114.0        115.50     21.931379     16.285714
                            0                 25         414.0        412.50     21.931379     16.560000

                                                 Average scores were used for ties.


                                                      Wilcoxon Two-Sample Test

                                                   Statistic             114.0000
                                                                                 
                                                   Normal Approximation          
                                                   Z                      -0.0456
                                                   One-Sided Pr <  Z       0.4818
                                                   Two-Sided Pr > |Z|      0.9636
                                                                                 
                                                   t Approximation               
                                                   One-Sided Pr <  Z       0.4820
                                                   Two-Sided Pr > |Z|      0.9639

                                             Z includes a continuity correction of 0.5.


                                                        Kruskal-Wallis Test

                                                   Chi-Square              0.0047
                                                   DF                           1
                                                   Pr > Chi-Square         0.9455
                                                           The SAS System

                                                        The MEANS Procedure

                                          Analysis Variable : GestAge 2.1. Gestational Age
 
                              3.1
                     Indomethacin
                        within 24      N
                           hours?    Obs     N            Mean         Std Dev         Minimum         Maximum
                     -----------------------------------------------------------------------------------------
                                0     25    25      25.9600000       2.2075628      23.0000000      31.0000000

                                1      9     9      25.5555556       1.1303883      24.0000000      28.0000000
                     -----------------------------------------------------------------------------------------
                                                           The SAS System

                                                       The NPAR1WAY Procedure

                                          Wilcoxon Scores (Rank Sums) for Variable GestAge
                                                Classified by Variable Indomethacin
 
                                                        Sum of      Expected       Std Dev          Mean
                            Indomethacin       N        Scores      Under H0      Under H0         Score
                            ----------------------------------------------------------------------------
                            1                  9         160.0        157.50     25.073422     17.777778
                            0                 25         435.0        437.50     25.073422     17.400000

                                                 Average scores were used for ties.


                                                      Wilcoxon Two-Sample Test

                                                   Statistic             160.0000
                                                                                 
                                                   Normal Approximation          
                                                   Z                       0.0798
                                                   One-Sided Pr >  Z       0.4682
                                                   Two-Sided Pr > |Z|      0.9364
                                                                                 
                                                   t Approximation               
                                                   One-Sided Pr >  Z       0.4685
                                                   Two-Sided Pr > |Z|      0.9369

                                             Z includes a continuity correction of 0.5.


                                                        Kruskal-Wallis Test

                                                   Chi-Square              0.0099
                                                   DF                           1
                                                   Pr > Chi-Square         0.9206
                                                           The SAS System

                                                        The MEANS Procedure

                                       Analysis Variable : BirthWeight 2.2 LBWI Birth Weight
 
                              3.1
                     Indomethacin
                        within 24      N
                           hours?    Obs     N            Mean         Std Dev         Minimum         Maximum
                     -----------------------------------------------------------------------------------------
                                0     25    25     837.2000000     296.1321496     426.0000000         1440.00

                                1      9     9     821.8888889     134.6044617     630.0000000         1000.00
                     -----------------------------------------------------------------------------------------
                                                           The SAS System

                                                       The NPAR1WAY Procedure

                                        Wilcoxon Scores (Rank Sums) for Variable BirthWeight
                                                Classified by Variable Indomethacin
 
                                                        Sum of      Expected       Std Dev          Mean
                            Indomethacin       N        Scores      Under H0      Under H0         Score
                            ----------------------------------------------------------------------------
                            1                  9         159.0        157.50     25.617377     17.666667
                            0                 25         436.0        437.50     25.617377     17.440000


                                                      Wilcoxon Two-Sample Test

                                                   Statistic             159.0000
                                                                                 
                                                   Normal Approximation          
                                                   Z                       0.0390
                                                   One-Sided Pr >  Z       0.4844
                                                   Two-Sided Pr > |Z|      0.9689
                                                                                 
                                                   t Approximation               
                                                   One-Sided Pr >  Z       0.4845
                                                   Two-Sided Pr > |Z|      0.9691

                                             Z includes a continuity correction of 0.5.


                                                        Kruskal-Wallis Test

                                                   Chi-Square              0.0034
                                                   DF                           1
                                                   Pr > Chi-Square         0.9533
                                                           The SAS System

                                                        The MEANS Procedure

                           Analysis Variable : SNAPTotalScore SNAP (Score for Neonatal Acute Physiology)
 
                              3.1
                     Indomethacin
                        within 24      N
                           hours?    Obs     N            Mean         Std Dev         Minimum         Maximum
                     -----------------------------------------------------------------------------------------
                                0     25    25      13.8000000       4.3969687       4.0000000      23.0000000

                                1      9     9      14.3333333       3.8078866      11.0000000      23.0000000
                     -----------------------------------------------------------------------------------------
                                                           The SAS System

                                                       The NPAR1WAY Procedure

                                      Wilcoxon Scores (Rank Sums) for Variable SNAPTotalScore
                                                Classified by Variable Indomethacin
 
                                                        Sum of      Expected       Std Dev          Mean
                            Indomethacin       N        Scores      Under H0      Under H0         Score
                            ----------------------------------------------------------------------------
                            1                  9        156.50        157.50     25.470178     17.388889
                            0                 25        438.50        437.50     25.470178     17.540000

                                                 Average scores were used for ties.


                                                      Wilcoxon Two-Sample Test

                                                   Statistic             156.5000
                                                                                 
                                                   Normal Approximation          
                                                   Z                      -0.0196
                                                   One-Sided Pr <  Z       0.4922
                                                   Two-Sided Pr > |Z|      0.9843
                                                                                 
                                                   t Approximation               
                                                   One-Sided Pr <  Z       0.4922
                                                   Two-Sided Pr > |Z|      0.9845

                                             Z includes a continuity correction of 0.5.


                                                        Kruskal-Wallis Test

                                                   Chi-Square              0.0015
                                                   DF                           1
                                                   Pr > Chi-Square         0.9687
                                                           The SAS System

                                                        The MEANS Procedure

                                     Analysis Variable : Apgar5Min 2.6 LBWI Apgar 5- min score
 
                              3.1
                     Indomethacin
                        within 24      N
                           hours?    Obs     N            Mean         Std Dev         Minimum         Maximum
                     -----------------------------------------------------------------------------------------
                                0     25    25       6.6800000       2.4617067       1.0000000       9.0000000

                                1      9     9       5.7777778       1.5634719       4.0000000       8.0000000
                     -----------------------------------------------------------------------------------------
                                                           The SAS System

                                                       The NPAR1WAY Procedure

                                         Wilcoxon Scores (Rank Sums) for Variable Apgar5Min
                                                Classified by Variable Indomethacin
 
                                                        Sum of      Expected       Std Dev          Mean
                            Indomethacin       N        Scores      Under H0      Under H0         Score
                            ----------------------------------------------------------------------------
                            1                  9         117.0        157.50     25.250748        13.000
                            0                 25         478.0        437.50     25.250748        19.120

                                                 Average scores were used for ties.


                                                      Wilcoxon Two-Sample Test

                                                   Statistic             117.0000
                                                                                 
                                                   Normal Approximation          
                                                   Z                      -1.5841
                                                   One-Sided Pr <  Z       0.0566
                                                   Two-Sided Pr > |Z|      0.1132
                                                                                 
                                                   t Approximation               
                                                   One-Sided Pr <  Z       0.0614
                                                   Two-Sided Pr > |Z|      0.1227

                                             Z includes a continuity correction of 0.5.


                                                        Kruskal-Wallis Test

                                                   Chi-Square              2.5725
                                                   DF                           1
                                                   Pr > Chi-Square         0.1087
                                                           The SAS System

                                                         The FREQ Procedure

                                                Table of BirthResus by Indomethacin

                                                BirthResus(2.7 LBWI Birth Resuscitation)
                                                          Indomethacin(3.1 Indomethacin within 24 hours?)

                                                Frequency|
                                                Row Pct  |       0|       1|  Total
                                                ---------+--------+--------+
                                                       1 |     25 |      9 |     34
                                                         |  73.53 |  26.47 |
                                                ---------+--------+--------+
                                                Total          25        9       34
                                                           The SAS System

                                                         The FREQ Procedure

                                                   Table of grade by Indomethacin

                                                grade
                                                          Indomethacin(3.1 Indomethacin within 24 hours?)

                                                Frequency|
                                                Row Pct  |       0|       1|  Total
                                                ---------+--------+--------+
                                                       3 |     17 |      2 |     19
                                                         |  89.47 |  10.53 |
                                                ---------+--------+--------+
                                                       4 |      8 |      7 |     15
                                                         |  53.33 |  46.67 |
                                                ---------+--------+--------+
                                                Total          25        9       34


                                           Statistics for Table of grade by Indomethacin

                                       Statistic                     DF       Value      Prob
                                       ------------------------------------------------------
                                       Chi-Square                     1      5.6250    0.0177
                                       Likelihood Ratio Chi-Square    1      5.7841    0.0162
                                       Continuity Adj. Chi-Square     1      3.9215    0.0477
                                       Mantel-Haenszel Chi-Square     1      5.4596    0.0195
                                       Phi Coefficient                       0.4067          
                                       Contingency Coefficient               0.3768          
                                       Cramer's V                            0.4067          

                                        WARNING: 25% of the cells have expected counts less 
                                                 than 5. Chi-Square may not be a valid test.


                                                        Fisher's Exact Test
                                                 ----------------------------------
                                                 Cell (1,1) Frequency (F)        17
                                                 Left-sided Pr <= F          0.9976
                                                 Right-sided Pr >= F         0.0234
                                                                                   
                                                 Table Probability (P)       0.0210
                                                 Two-sided Pr <= P           0.0252

                                                          Sample Size = 34
                                                           The SAS System

                                                         The FREQ Procedure

                                            Summary Statistics for grade by Indomethacin

                                    Cochran-Mantel-Haenszel Statistics (Based on Table Scores)
 
                                  Statistic    Alternative Hypothesis    DF       Value      Prob
                                  ---------------------------------------------------------------
                                      1        Nonzero Correlation        1      5.4596    0.0195
                                      2        Row Mean Scores Differ     1      5.4596    0.0195
                                      3        General Association        1      5.4596    0.0195


                                         Estimates of the Common Relative Risk (Row1/Row2)
 
                             Type of Study     Method                  Value     95% Confidence Limits
                             -------------------------------------------------------------------------
                             Case-Control      Mantel-Haenszel        7.4375       1.2517      44.1933
                               (Odds Ratio)    Logit                  7.4375       1.2517      44.1933

                             Cohort            Mantel-Haenszel        1.6776       1.0197       2.7601
                               (Col1 Risk)     Logit                  1.6776       1.0197       2.7601

                             Cohort            Mantel-Haenszel        0.2256       0.0546       0.9315
                               (Col2 Risk)     Logit                  0.2256       0.0546       0.9315


                                                       Total Sample Size = 34
                                                           The SAS System

                                                         The FREQ Procedure

                                                   Table of gplt by Indomethacin

                                            gplt
                                                              Indomethacin(3.1 Indomethacin within 24 hours?)

                                            Frequency        |
                                            Row Pct          |       0|       1|  Total
                                            -----------------+--------+--------+
                                            Platelet Count<= |      6 |      2 |      8
                                            Q1( 129 킠)      |  75.00 |  25.00 |
                                            -----------------+--------+--------+
                                            Platelet Count i |      7 |      1 |      8
                                            n Q1~Q2( 195 킠) |  87.50 |  12.50 |
                                            -----------------+--------+--------+
                                            Platelet Count i |      6 |      2 |      8
                                            n Q2~Q3( 231 킠) |  75.00 |  25.00 |
                                            -----------------+--------+--------+
                                            Platelet Count>Q |      6 |      2 |      8
                                            3( 231 킠)       |  75.00 |  25.00 |
                                            -----------------+--------+--------+
                                            Total                  25        7       32

                                                       Frequency Missing = 2


                                            Statistics for Table of gplt by Indomethacin

                                       Statistic                     DF       Value      Prob
                                       ------------------------------------------------------
                                       Chi-Square                     3      0.5486    0.9081
                                       Likelihood Ratio Chi-Square    3      0.6002    0.8964
                                       Mantel-Haenszel Chi-Square     1      0.0354    0.8507
                                       Phi Coefficient                       0.1309          
                                       Contingency Coefficient               0.1298          
                                       Cramer's V                            0.1309          

                                        WARNING: 50% of the cells have expected counts less 
                                                 than 5. Chi-Square may not be a valid test.


                                                        Fisher's Exact Test
                                                 ----------------------------------
                                                 Table Probability (P)       0.0522
                                                 Pr <= P                     1.0000

                                                     Effective Sample Size = 32
                                                       Frequency Missing = 2
                                                           The SAS System

                                                         The FREQ Procedure

                                            Summary Statistics for gplt by Indomethacin

                                    Cochran-Mantel-Haenszel Statistics (Based on Table Scores)
 
                                  Statistic    Alternative Hypothesis    DF       Value      Prob
                                  ---------------------------------------------------------------
                                      1        Nonzero Correlation        1      0.0354    0.8507
                                      2        Row Mean Scores Differ     3      0.5314    0.9119
                                      3        General Association        3      0.5314    0.9119


                                                     Effective Sample Size = 32
                                                       Frequency Missing = 2
                                                           The SAS System

                                                         The FREQ Procedure

                                                    Table of tbc by Indomethacin

                                            tbc
                                                              Indomethacin(3.1 Indomethacin within 24 hours?)

                                            Frequency        |
                                            Row Pct          |       0|       1|  Total
                                            -----------------+--------+--------+
                                            Platelet Count>= |     18 |      4 |     22
                                            150 *1000/킠     |  81.82 |  18.18 |
                                            -----------------+--------+--------+
                                            Platelet Count<1 |      7 |      3 |     10
                                            50 *1000/킠      |  70.00 |  30.00 |
                                            -----------------+--------+--------+
                                            Total                  25        7       32

                                                       Frequency Missing = 2


                                            Statistics for Table of tbc by Indomethacin

                                       Statistic                     DF       Value      Prob
                                       ------------------------------------------------------
                                       Chi-Square                     1      0.5619    0.4535
                                       Likelihood Ratio Chi-Square    1      0.5411    0.4620
                                       Continuity Adj. Chi-Square     1      0.0831    0.7731
                                       Mantel-Haenszel Chi-Square     1      0.5443    0.4607
                                       Phi Coefficient                       0.1325          
                                       Contingency Coefficient               0.1314          
                                       Cramer's V                            0.1325          

                                        WARNING: 50% of the cells have expected counts less 
                                                 than 5. Chi-Square may not be a valid test.


                                                        Fisher's Exact Test
                                                 ----------------------------------
                                                 Cell (1,1) Frequency (F)        18
                                                 Left-sided Pr <= F          0.8852
                                                 Right-sided Pr >= F         0.3756
                                                                                   
                                                 Table Probability (P)       0.2608
                                                 Two-sided Pr <= P           0.6479

                                                     Effective Sample Size = 32
                                                       Frequency Missing = 2
                                                           The SAS System

                                                         The FREQ Procedure

                                             Summary Statistics for tbc by Indomethacin

                                    Cochran-Mantel-Haenszel Statistics (Based on Table Scores)
 
                                  Statistic    Alternative Hypothesis    DF       Value      Prob
                                  ---------------------------------------------------------------
                                      1        Nonzero Correlation        1      0.5443    0.4607
                                      2        Row Mean Scores Differ     1      0.5443    0.4607
                                      3        General Association        1      0.5443    0.4607


                                         Estimates of the Common Relative Risk (Row1/Row2)
 
                             Type of Study     Method                  Value     95% Confidence Limits
                             -------------------------------------------------------------------------
                             Case-Control      Mantel-Haenszel        1.9286       0.3409      10.9103
                               (Odds Ratio)    Logit                  1.9286       0.3409      10.9103

                             Cohort            Mantel-Haenszel        1.1688       0.7445       1.8350
                               (Col1 Risk)     Logit                  1.1688       0.7445       1.8350

                             Cohort            Mantel-Haenszel        0.6061       0.1657       2.2171
                               (Col2 Risk)     Logit                  0.6061       0.1657       2.2171


                                                     Effective Sample Size = 32
                                                       Frequency Missing = 2
                                                           The SAS System

                                                         The FREQ Procedure

                                                   Table of ttbc by Indomethacin

                                            ttbc
                                                              Indomethacin(3.1 Indomethacin within 24 hours?)

                                            Frequency        |
                                            Row Pct          |       0|       1|  Total
                                            -----------------+--------+--------+
                                            Normal(>=150*100 |     18 |      4 |     22
                                            0/킠)            |  81.82 |  18.18 |
                                            -----------------+--------+--------+
                                            Mild(100-149*100 |      4 |      3 |      7
                                            0/킠)            |  57.14 |  42.86 |
                                            -----------------+--------+--------+
                                            Moderate(50-99*1 |      2 |      0 |      2
                                            000/킠)          | 100.00 |   0.00 |
                                            -----------------+--------+--------+
                                            Very Severe(<30* |      1 |      0 |      1
                                            1000/킠)         | 100.00 |   0.00 |
                                            -----------------+--------+--------+
                                            Total                  25        7       32

                                                       Frequency Missing = 2


                                            Statistics for Table of ttbc by Indomethacin

                                       Statistic                     DF       Value      Prob
                                       ------------------------------------------------------
                                       Chi-Square                     3      2.8188    0.4204
                                       Likelihood Ratio Chi-Square    3      3.1977    0.3621
                                       Mantel-Haenszel Chi-Square     1      0.0187    0.8912
                                       Phi Coefficient                       0.2968          
                                       Contingency Coefficient               0.2845          
                                       Cramer's V                            0.2968          

                                        WARNING: 75% of the cells have expected counts less 
                                                 than 5. Chi-Square may not be a valid test.


                                                        Fisher's Exact Test
                                                 ----------------------------------
                                                 Table Probability (P)       0.0761
                                                 Pr <= P                     0.4797

                                                     Effective Sample Size = 32
                                                       Frequency Missing = 2
                                                           The SAS System

                                                         The FREQ Procedure

                                            Summary Statistics for ttbc by Indomethacin

                                    Cochran-Mantel-Haenszel Statistics (Based on Table Scores)
 
                                  Statistic    Alternative Hypothesis    DF       Value      Prob
                                  ---------------------------------------------------------------
                                      1        Nonzero Correlation        1      0.0187    0.8912
                                      2        Row Mean Scores Differ     3      2.7308    0.4350
                                      3        General Association        3      2.7308    0.4350


                                                     Effective Sample Size = 32
                                                       Frequency Missing = 2
                                                           The SAS System

                                                         The FREQ Procedure

                                                    Table of plt by Indomethacin

                                                plt
                                                          Indomethacin(3.1 Indomethacin within 24 hours?)

                                                Frequency|
                                                Row Pct  |       0|       1|  Total
                                                ---------+--------+--------+
                                                       0 |     13 |      7 |     20
                                                         |  65.00 |  35.00 |
                                                ---------+--------+--------+
                                                       1 |     12 |      2 |     14
                                                         |  85.71 |  14.29 |
                                                ---------+--------+--------+
                                                Total          25        9       34


                                            Statistics for Table of plt by Indomethacin

                                       Statistic                     DF       Value      Prob
                                       ------------------------------------------------------
                                       Chi-Square                     1      1.8155    0.1779
                                       Likelihood Ratio Chi-Square    1      1.9176    0.1661
                                       Continuity Adj. Chi-Square     1      0.9072    0.3409
                                       Mantel-Haenszel Chi-Square     1      1.7621    0.1844
                                       Phi Coefficient                      -0.2311          
                                       Contingency Coefficient               0.2251          
                                       Cramer's V                           -0.2311          

                                        WARNING: 25% of the cells have expected counts less 
                                                 than 5. Chi-Square may not be a valid test.


                                                        Fisher's Exact Test
                                                 ----------------------------------
                                                 Cell (1,1) Frequency (F)        13
                                                 Left-sided Pr <= F          0.1713
                                                 Right-sided Pr >= F         0.9632
                                                                                   
                                                 Table Probability (P)       0.1345
                                                 Two-sided Pr <= P           0.2502

                                                          Sample Size = 34
                                                           The SAS System

                                                         The FREQ Procedure

                                             Summary Statistics for plt by Indomethacin

                                    Cochran-Mantel-Haenszel Statistics (Based on Table Scores)
 
                                  Statistic    Alternative Hypothesis    DF       Value      Prob
                                  ---------------------------------------------------------------
                                      1        Nonzero Correlation        1      1.7621    0.1844
                                      2        Row Mean Scores Differ     1      1.7621    0.1844
                                      3        General Association        1      1.7621    0.1844


                                         Estimates of the Common Relative Risk (Row1/Row2)
 
                             Type of Study     Method                  Value     95% Confidence Limits
                             -------------------------------------------------------------------------
                             Case-Control      Mantel-Haenszel        0.3095       0.0534       1.7927
                               (Odds Ratio)    Logit                  0.3095       0.0534       1.7927

                             Cohort            Mantel-Haenszel        0.7583       0.5154       1.1158
                               (Col1 Risk)     Logit                  0.7583       0.5154       1.1158

                             Cohort            Mantel-Haenszel        2.4500       0.5950      10.0883
                               (Col2 Risk)     Logit                  2.4500       0.5950      10.0883


                                                       Total Sample Size = 34
                                                           The SAS System

                                                         The FREQ Procedure

                                                  Table of idx_plt by Indomethacin

                                                idx_plt
                                                          Indomethacin(3.1 Indomethacin within 24 hours?)

                                                Frequency|
                                                Row Pct  |       0|       1|  Total
                                                ---------+--------+--------+
                                                       0 |     13 |      7 |     20
                                                         |  65.00 |  35.00 |
                                                ---------+--------+--------+
                                                       1 |      8 |      1 |      9
                                                         |  88.89 |  11.11 |
                                                ---------+--------+--------+
                                                       2 |      4 |      1 |      5
                                                         |  80.00 |  20.00 |
                                                ---------+--------+--------+
                                                Total          25        9       34


                                          Statistics for Table of idx_plt by Indomethacin

                                       Statistic                     DF       Value      Prob
                                       ------------------------------------------------------
                                       Chi-Square                     2      1.9460    0.3780
                                       Likelihood Ratio Chi-Square    2      2.1178    0.3468
                                       Mantel-Haenszel Chi-Square     1      1.1172    0.2905
                                       Phi Coefficient                       0.2392          
                                       Contingency Coefficient               0.2327          
                                       Cramer's V                            0.2392          

                                        WARNING: 50% of the cells have expected counts less 
                                                 than 5. Chi-Square may not be a valid test.


                                                        Fisher's Exact Test
                                                 ----------------------------------
                                                 Table Probability (P)       0.0665
                                                 Pr <= P                     0.5588

                                                          Sample Size = 34
                                                           The SAS System

                                                         The FREQ Procedure

                                           Summary Statistics for idx_plt by Indomethacin

                                    Cochran-Mantel-Haenszel Statistics (Based on Table Scores)
 
                                  Statistic    Alternative Hypothesis    DF       Value      Prob
                                  ---------------------------------------------------------------
                                      1        Nonzero Correlation        1      1.1172    0.2905
                                      2        Row Mean Scores Differ     2      1.8887    0.3889
                                      3        General Association        2      1.8887    0.3889


                                                       Total Sample Size = 34
                                                           The SAS System

                                                         The FREQ Procedure

                                               Table of Hypertension by Indomethacin

                                                Hypertension(Hypertension during pregnancy)
                                                          Indomethacin(3.1 Indomethacin within 24 hours?)

                                                Frequency|
                                                Row Pct  |       0|       1|  Total
                                                ---------+--------+--------+
                                                No       |     19 |      7 |     26
                                                         |  73.08 |  26.92 |
                                                ---------+--------+--------+
                                                Yes      |      3 |      0 |      3
                                                         | 100.00 |   0.00 |
                                                ---------+--------+--------+
                                                Total          22        7       29

                                                       Frequency Missing = 5


                                        Statistics for Table of Hypertension by Indomethacin

                                       Statistic                     DF       Value      Prob
                                       ------------------------------------------------------
                                       Chi-Square                     1      1.0647    0.3021
                                       Likelihood Ratio Chi-Square    1      1.7650    0.1840
                                       Continuity Adj. Chi-Square     1      0.1020    0.7494
                                       Mantel-Haenszel Chi-Square     1      1.0280    0.3106
                                       Phi Coefficient                      -0.1916          
                                       Contingency Coefficient               0.1882          
                                       Cramer's V                           -0.1916          

                                        WARNING: 50% of the cells have expected counts less 
                                                 than 5. Chi-Square may not be a valid test.


                                                        Fisher's Exact Test
                                                 ----------------------------------
                                                 Cell (1,1) Frequency (F)        19
                                                 Left-sided Pr <= F          0.4215
                                                 Right-sided Pr >= F         1.0000
                                                                                   
                                                 Table Probability (P)       0.4215
                                                 Two-sided Pr <= P           0.5575

                                                     Effective Sample Size = 29
                                                       Frequency Missing = 5

                                               WARNING: 15% of the data are missing.
                                                           The SAS System

                                                         The FREQ Procedure

                                        Summary Statistics for Hypertension by Indomethacin

                                    Cochran-Mantel-Haenszel Statistics (Based on Table Scores)
 
                                  Statistic    Alternative Hypothesis    DF       Value      Prob
                                  ---------------------------------------------------------------
                                      1        Nonzero Correlation        1      1.0280    0.3106
                                      2        Row Mean Scores Differ     1      1.0280    0.3106
                                      3        General Association        1      1.0280    0.3106


                                         Estimates of the Common Relative Risk (Row1/Row2)
 
                             Type of Study     Method                  Value     95% Confidence Limits
                             -------------------------------------------------------------------------
                             Case-Control      Mantel-Haenszel        0.0000        .            .    
                               (Odds Ratio)    Logit **               0.3714       0.0171       8.0860

                             Cohort            Mantel-Haenszel        0.7308       0.5787       0.9228
                               (Col1 Risk)     Logit                  0.7308       0.5787       0.9228

                             Cohort            Mantel-Haenszel         .            .            .    
                               (Col2 Risk)     Logit **               2.2222       0.1549      31.8704

                                    To avoid undefined results, some estimates are not computed.
                                 ** These logit estimators use a correction of 0.5 in every cell  
                                      of those tables that contain a zero.


                                                     Effective Sample Size = 29
                                                       Frequency Missing = 5

                                               WARNING: 15% of the data are missing.
                                                           The SAS System

                                                         The FREQ Procedure

                                              Table of IsChorloConfirm by Indomethacin

                                                IsChorloConfirm
                                                          Indomethacin(3.1 Indomethacin within 24 hours?)

                                                Frequency|
                                                Row Pct  |       0|       1|  Total
                                                ---------+--------+--------+
                                                       0 |     19 |      7 |     26
                                                         |  73.08 |  26.92 |
                                                ---------+--------+--------+
                                                       1 |      1 |      0 |      1
                                                         | 100.00 |   0.00 |
                                                ---------+--------+--------+
                                                Total          20        7       27

                                                       Frequency Missing = 7


                                      Statistics for Table of IsChorloConfirm by Indomethacin

                                       Statistic                     DF       Value      Prob
                                       ------------------------------------------------------
                                       Chi-Square                     1      0.3635    0.5466
                                       Likelihood Ratio Chi-Square    1      0.6136    0.4335
                                       Continuity Adj. Chi-Square     1      0.0000    1.0000
                                       Mantel-Haenszel Chi-Square     1      0.3500    0.5541
                                       Phi Coefficient                      -0.1160          
                                       Contingency Coefficient               0.1153          
                                       Cramer's V                           -0.1160          

                                        WARNING: 50% of the cells have expected counts less 
                                                 than 5. Chi-Square may not be a valid test.


                                                        Fisher's Exact Test
                                                 ----------------------------------
                                                 Cell (1,1) Frequency (F)        19
                                                 Left-sided Pr <= F          0.7407
                                                 Right-sided Pr >= F         1.0000
                                                                                   
                                                 Table Probability (P)       0.7407
                                                 Two-sided Pr <= P           1.0000

                                                     Effective Sample Size = 27
                                                       Frequency Missing = 7

                                               WARNING: 21% of the data are missing.
                                                           The SAS System

                                                         The FREQ Procedure

                                       Summary Statistics for IsChorloConfirm by Indomethacin

                                    Cochran-Mantel-Haenszel Statistics (Based on Table Scores)
 
                                  Statistic    Alternative Hypothesis    DF       Value      Prob
                                  ---------------------------------------------------------------
                                      1        Nonzero Correlation        1      0.3500    0.5541
                                      2        Row Mean Scores Differ     1      0.3500    0.5541
                                      3        General Association        1      0.3500    0.5541


                                         Estimates of the Common Relative Risk (Row1/Row2)
 
                             Type of Study     Method                  Value     95% Confidence Limits
                             -------------------------------------------------------------------------
                             Case-Control      Mantel-Haenszel        0.0000        .            .    
                               (Odds Ratio)    Logit **               0.8667       0.0317      23.7230

                             Cohort            Mantel-Haenszel        0.7308       0.5787       0.9228
                               (Col1 Risk)     Logit                  0.7308       0.5787       0.9228

                             Cohort            Mantel-Haenszel         .            .            .    
                               (Col2 Risk)     Logit **               1.1111       0.0934      13.2192

                                    To avoid undefined results, some estimates are not computed.
                                 ** These logit estimators use a correction of 0.5 in every cell  
                                      of those tables that contain a zero.


                                                     Effective Sample Size = 27
                                                       Frequency Missing = 7

                                               WARNING: 21% of the data are missing.
                                                           The SAS System

                                                         The FREQ Procedure

                                               Table of DeliveryMode by Indomethacin

                                            DeliveryMode(Final Delivery Mode)
                                                              Indomethacin(3.1 Indomethacin within 24 hours?)

                                            Frequency        |
                                            Row Pct          |       0|       1|  Total
                                            -----------------+--------+--------+
                                            Vaginal vertex   |      4 |      4 |      8
                                                             |  50.00 |  50.00 |
                                            -----------------+--------+--------+
                                            Caesarean sectio |     17 |      3 |     20
                                            n                |  85.00 |  15.00 |
                                            -----------------+--------+--------+
                                            Vaginal breech   |      1 |      0 |      1
                                                             | 100.00 |   0.00 |
                                            -----------------+--------+--------+
                                            Total                  22        7       29

                                                       Frequency Missing = 5


                                        Statistics for Table of DeliveryMode by Indomethacin

                                       Statistic                     DF       Value      Prob
                                       ------------------------------------------------------
                                       Chi-Square                     2      4.1523    0.1254
                                       Likelihood Ratio Chi-Square    2      4.0558    0.1316
                                       Mantel-Haenszel Chi-Square     1      3.8499    0.0497
                                       Phi Coefficient                       0.3784          
                                       Contingency Coefficient               0.3539          
                                       Cramer's V                            0.3784          

                                        WARNING: 67% of the cells have expected counts less 
                                                 than 5. Chi-Square may not be a valid test.


                                                        Fisher's Exact Test
                                                 ----------------------------------
                                                 Table Probability (P)       0.0511
                                                 Pr <= P                     0.1830

                                                     Effective Sample Size = 29
                                                       Frequency Missing = 5

                                               WARNING: 15% of the data are missing.
                                                           The SAS System

                                                         The FREQ Procedure

                                        Summary Statistics for DeliveryMode by Indomethacin

                                    Cochran-Mantel-Haenszel Statistics (Based on Table Scores)
 
                                  Statistic    Alternative Hypothesis    DF       Value      Prob
                                  ---------------------------------------------------------------
                                      1        Nonzero Correlation        1      3.8499    0.0497
                                      2        Row Mean Scores Differ     2      4.0091    0.1347
                                      3        General Association        2      4.0091    0.1347


                                                     Effective Sample Size = 29
                                                       Frequency Missing = 5

                                               WARNING: 15% of the data are missing.
                                                           The SAS System

                                                         The FREQ Procedure

                                             Table of BirthResusOxygen by Indomethacin

                                                BirthResusOxygen(Birth Resuscitation by Oxygen)
                                                          Indomethacin(3.1 Indomethacin within 24 hours?)

                                                Frequency|
                                                Row Pct  |       0|       1|  Total
                                                ---------+--------+--------+
                                                       0 |      3 |      2 |      5
                                                         |  60.00 |  40.00 |
                                                ---------+--------+--------+
                                                       1 |     22 |      7 |     29
                                                         |  75.86 |  24.14 |
                                                ---------+--------+--------+
                                                Total          25        9       34


                                      Statistics for Table of BirthResusOxygen by Indomethacin

                                       Statistic                     DF       Value      Prob
                                       ------------------------------------------------------
                                       Chi-Square                     1      0.5513    0.4578
                                       Likelihood Ratio Chi-Square    1      0.5140    0.4734
                                       Continuity Adj. Chi-Square     1      0.0375    0.8464
                                       Mantel-Haenszel Chi-Square     1      0.5351    0.4645
                                       Phi Coefficient                      -0.1273          
                                       Contingency Coefficient               0.1263          
                                       Cramer's V                           -0.1273          

                                        WARNING: 50% of the cells have expected counts less 
                                                 than 5. Chi-Square may not be a valid test.


                                                        Fisher's Exact Test
                                                 ----------------------------------
                                                 Cell (1,1) Frequency (F)         3
                                                 Left-sided Pr <= F          0.3999
                                                 Right-sided Pr >= F         0.8977
                                                                                   
                                                 Table Probability (P)       0.2976
                                                 Two-sided Pr <= P           0.5908

                                                          Sample Size = 34
                                                           The SAS System

                                                         The FREQ Procedure

                                      Summary Statistics for BirthResusOxygen by Indomethacin

                                    Cochran-Mantel-Haenszel Statistics (Based on Table Scores)
 
                                  Statistic    Alternative Hypothesis    DF       Value      Prob
                                  ---------------------------------------------------------------
                                      1        Nonzero Correlation        1      0.5351    0.4645
                                      2        Row Mean Scores Differ     1      0.5351    0.4645
                                      3        General Association        1      0.5351    0.4645


                                         Estimates of the Common Relative Risk (Row1/Row2)
 
                             Type of Study     Method                  Value     95% Confidence Limits
                             -------------------------------------------------------------------------
                             Case-Control      Mantel-Haenszel        0.4773       0.0658       3.4604
                               (Odds Ratio)    Logit                  0.4773       0.0658       3.4604

                             Cohort            Mantel-Haenszel        0.7909       0.3756       1.6652
                               (Col1 Risk)     Logit                  0.7909       0.3756       1.6652

                             Cohort            Mantel-Haenszel        1.6571       0.4736       5.7985
                               (Col2 Risk)     Logit                  1.6571       0.4736       5.7985


                                                       Total Sample Size = 34
                                                           The SAS System

                                                         The FREQ Procedure

                                              Table of BirthResusCPAP by Indomethacin

                                                BirthResusCPAP(Birth Resuscitation by CPAP)
                                                          Indomethacin(3.1 Indomethacin within 24 hours?)

                                                Frequency|
                                                Row Pct  |       0|       1|  Total
                                                ---------+--------+--------+
                                                       0 |     11 |      5 |     16
                                                         |  68.75 |  31.25 |
                                                ---------+--------+--------+
                                                       1 |     14 |      4 |     18
                                                         |  77.78 |  22.22 |
                                                ---------+--------+--------+
                                                Total          25        9       34


                                       Statistics for Table of BirthResusCPAP by Indomethacin

                                       Statistic                     DF       Value      Prob
                                       ------------------------------------------------------
                                       Chi-Square                     1      0.3547    0.5515
                                       Likelihood Ratio Chi-Square    1      0.3545    0.5516
                                       Continuity Adj. Chi-Square     1      0.0425    0.8367
                                       Mantel-Haenszel Chi-Square     1      0.3443    0.5574
                                       Phi Coefficient                      -0.1021          
                                       Contingency Coefficient               0.1016          
                                       Cramer's V                           -0.1021          

                                        WARNING: 50% of the cells have expected counts less 
                                                 than 5. Chi-Square may not be a valid test.


                                                        Fisher's Exact Test
                                                 ----------------------------------
                                                 Cell (1,1) Frequency (F)        11
                                                 Left-sided Pr <= F          0.4174
                                                 Right-sided Pr >= F         0.8374
                                                                                   
                                                 Table Probability (P)       0.2548
                                                 Two-sided Pr <= P           0.7027

                                                          Sample Size = 34
                                                           The SAS System

                                                         The FREQ Procedure

                                       Summary Statistics for BirthResusCPAP by Indomethacin

                                    Cochran-Mantel-Haenszel Statistics (Based on Table Scores)
 
                                  Statistic    Alternative Hypothesis    DF       Value      Prob
                                  ---------------------------------------------------------------
                                      1        Nonzero Correlation        1      0.3443    0.5574
                                      2        Row Mean Scores Differ     1      0.3443    0.5574
                                      3        General Association        1      0.3443    0.5574


                                         Estimates of the Common Relative Risk (Row1/Row2)
 
                             Type of Study     Method                  Value     95% Confidence Limits
                             -------------------------------------------------------------------------
                             Case-Control      Mantel-Haenszel        0.6286       0.1356       2.9136
                               (Odds Ratio)    Logit                  0.6286       0.1356       2.9136

                             Cohort            Mantel-Haenszel        0.8839       0.5852       1.3352
                               (Col1 Risk)     Logit                  0.8839       0.5852       1.3352

                             Cohort            Mantel-Haenszel        1.4063       0.4546       4.3499
                               (Col2 Risk)     Logit                  1.4063       0.4546       4.3499


                                                       Total Sample Size = 34
                     Approach #1: Impact of Prophylactic Indomethacin and Initial Platelet Count on Severe IVH

                                                                                            Prophylactic Indomethacin               
                                  Characteristic  .                                         (n=9)                                   
IVH Grade                                         III                                                  2/9( 22.2%)                  
                                                  IV                                                   7/9( 77.8%)                  
Platelet Count at Birth(*1000/킠), Mean  SD (N)                                            183.6  53.1(7)                         
Thrombocytopenia at Birth*                        Platelet Count>=150 *1000/킠                         4/7( 57.1%)                  
                                                  Platelet Count<150 *1000/킠                          3/7( 42.9%)                  
Thrombocytopenia at Birth                         Normal(>=150*1000/킠)                                4/7( 57.1%)                  
                                                  Mild(100-149*1000/킠)                                3/7( 42.9%)                  
                                                  Moderate(50-99*1000/킠)                              0/7(  0.0%)                  
                                                  Very Severe(<30*1000/킠)                             0/7(  0.0%)                  
Platelet Transfusion                              No                                                   7/9( 77.8%)                  
                                                  Yes                                                  2/9( 22.2%)                  
Platelet Transfusion by Number                    tx=0                                                 7/9( 77.8%)                  
                                                  tx=1-2                                               1/9( 11.1%)                  
                                                  tx>=3                                                1/9( 11.1%)                  
Hypertension existed prior to pregnancy?          No                                                   7/7(100.0%)                  
                                                  Yes                                                  0/7(  0.0%)                  
Chorioamnionitis                                  No                                                   7/7(100.0%)                  
                                                  Yes                                                  0/7(  0.0%)                  
Mode of Delivery                                  Vaginal vertex                                       4/7( 57.1%)                  
                                                  Caesarean section                                    3/7( 42.9%)                  
                                                  Vaginal breech                                       0/7(  0.0%)                  
Gestational Age(week), Median[Q1-Q3], N                                                      25.6  1.1(9)                          
Birthweight(g), Mean  SD (N)                                                               821.9  134.6(9)                        
SNAP score, Median[Q1-Q3], N                                                                 14.3  3.8(9)                          
APGAR at 5 min, Median[Q1-Q3], N                                                              5.8  1.6(9)                          
Birth resuscitation/stabilization with Oxygen     No                                                   2/9( 22.2%)                  
                                                  Yes                                                  7/9( 77.8%)                  
Birth resuscitation/stabilization with CPAP       No                                                   5/9( 55.6%)                  
                                                  Yes                                                  4/9( 44.4%)                  
                     Approach #1: Impact of Prophylactic Indomethacin and Initial Platelet Count on Severe IVH

                                          No Prophylactic Indomethacin              p     
                                          (n=25)                                    value 
                                                    17/25( 68.0%)                   0.025 
                                                     8/25( 32.0%)                         
                                          186.5  74.8(25)                          0.964 
                                                    18/25( 72.0%)                   0.648 
                                                     7/25( 28.0%)                         
                                                    18/25( 72.0%)                   0.480 
                                                     4/25( 16.0%)                         
                                                     2/25(  8.0%)                         
                                                     1/25(  4.0%)                         
                                                    13/25( 52.0%)                   0.250 
                                                    12/25( 48.0%)                         
                                                    13/25( 52.0%)                   0.559 
                                                     8/25( 32.0%)                         
                                                     4/25( 16.0%)                         
                                                    19/22( 86.4%)                   0.557 
                                                     3/22( 13.6%)                         
                                                    19/20( 95.0%)                   1.000 
                                                     1/20(  5.0%)                         
                                                     4/22( 18.2%)                   0.183 
                                                    17/22( 77.3%)                         
                                                     1/22(  4.5%)                         
                                           26.0  2.2(25)                           0.937 
                                          837.2  296.1(25)                         0.969 
                                           13.8  4.4(25)                           0.985 
                                            6.7  2.5(25)                           0.123 
                                                     3/25( 12.0%)                   0.591 
                                                    22/25( 88.0%)                         
                                                    11/25( 44.0%)                   0.703 
                                                    14/25( 56.0%)                         
