                                                           The SAS System                        15:29 Tuesday, October 12, 2010   1

        Obs     Effect      phenotype    Estimate      StdErr      DF     tValue     Probt     Alpha       Lower       Upper

         1     phenotype    MHCI          39.1175      3.5240       9      11.10    <.0001      0.05     31.1457     47.0894
         2     phenotype    MHCI-IIA      35.4248      4.1395       9       8.56    <.0001      0.05     26.0606     44.7891
         3     phenotype    MHCI-IIX      40.2908      4.6167       9       8.73    <.0001      0.05     29.8470     50.7345
         4     phenotype    MHCIIA        45.7273      5.2660       9       8.68    <.0001      0.05     33.8147     57.6398
         5     phenotype    MHCIIX        39.8406      4.5406       9       8.77    <.0001      0.05     29.5690     50.1121
                                                                                                 15:29 Tuesday, October 12, 2010   2

     Obs  Effect   phenotype Estimate   StdErr   DF  tValue  Probt  Alpha    Lower    Upper    LC      UC     SEM     MEAN  age

      1  phenotype MHCI       39.1175   3.5240    9   11.10 <.0001   0.05  31.1457  47.0894 31.1457 47.0894 3.52400 39.1175 0.9
      2  phenotype MHCIIA     45.7273   5.2660    9    8.68 <.0001   0.05  33.8147  57.6398 33.8147 57.6398 5.26602 45.7273 1.9
      3  phenotype MHCIIX     39.8406   4.5406    9    8.77 <.0001   0.05  29.5690  50.1121 29.5690 50.1121 4.54059 39.8406 2.9
      4  phenotype MHCI-IIA   35.4248   4.1395    9    8.56 <.0001   0.05  26.0606  44.7891 26.0606 44.7891 4.13953 35.4248 3.9
      5  phenotype MHCI-IIX   40.2908   4.6167    9    8.73 <.0001   0.05  29.8470  50.7345 29.8470 50.7345 4.61673 40.2908 4.9
                                                                                                                                   3
                                                                                                     15:29 Tuesday, October 12, 2010

        Obs     Effect      phenotype    Estimate      StdErr      DF     tValue     Probt     Alpha       Lower       Upper

         1     phenotype    MHCI           103.81      8.8117       9      11.78    <.0001      0.05     83.8726      123.74
         2     phenotype    MHCI-IIA      92.0744     10.2575       9       8.98    <.0001      0.05     68.8703      115.28
         3     phenotype    MHCI-IIX       106.03     11.3489       9       9.34    <.0001      0.05     80.3531      131.70
         4     phenotype    MHCIIA         119.76     13.1601       9       9.10    <.0001      0.05     89.9928      149.53
         5     phenotype    MHCIIX         103.66     11.2697       9       9.20    <.0001      0.05     78.1633      129.15
                                                                                                 15:29 Tuesday, October 12, 2010   4

     Obs  Effect   phenotype Estimate   StdErr   DF  tValue  Probt  Alpha    Lower    Upper    LC      UC     SEM     MEAN  age

      1  phenotype MHCI        103.81   8.8117    9   11.78 <.0001   0.05  83.8726   123.74 83.8726 123.740  8.8117 103.806 0.9
      2  phenotype MHCIIA      119.76  13.1601    9    9.10 <.0001   0.05  89.9928   149.53 89.9928 149.533 13.1601 119.763 1.9
      3  phenotype MHCIIX      103.66  11.2697    9    9.20 <.0001   0.05  78.1633   129.15 78.1633 129.151 11.2697 103.657 2.9
      4  phenotype MHCI-IIA   92.0744  10.2575    9    8.98 <.0001   0.05  68.8703   115.28 68.8703 115.279 10.2575  92.074 3.9
      5  phenotype MHCI-IIX    106.03  11.3489    9    9.34 <.0001   0.05  80.3531   131.70 80.3531 131.699 11.3489 106.026 4.9
                                                                                                 15:29 Tuesday, October 12, 2010   5

     Obs  Effect   phenotype Estimate   StdErr   DF  tValue  Probt  Alpha    Lower    Upper    LC      UC     SEM     MEAN  age

      1  phenotype MHCI        734.74   131.53    9    5.59 0.0003   0.05   437.20  1032.29 437.197 1032.29 131.531 734.742 0.9
      2  phenotype MHCIIA      936.38   196.14    9    4.77 0.0010   0.05   492.70  1380.07 492.696 1380.07 196.135 936.384 1.9
      3  phenotype MHCIIX      704.94   167.85    9    4.20 0.0023   0.05   325.24  1084.65 325.240 1084.65 167.850 704.942 2.9
      4  phenotype MHCI-IIA    534.35   137.40    9    3.89 0.0037   0.05   223.53   845.16 223.530  845.16 137.398 534.346 3.9
      5  phenotype MHCI-IIX    750.37   169.74    9    4.42 0.0017   0.05   366.40  1134.35 366.399 1134.35 169.738 750.372 4.9
