                                   The SAS System

                                 The Mixed Procedure

                                 Model Information

               Data Set                     WORK.SOFA                
               Dependent Variable           sofa_tot                 
               Covariance Structure         Compound Symmetry        
               Subject Effect               id                       
               Estimation Method            REML                     
               Residual Variance Method     Profile                  
               Fixed Effects SE Method      Empirical                
               Degrees of Freedom Method    Between-Within           


                               Class Level Information
 
                  Class    Levels    Values

                  id          129    11002 11004 11009 11012 11014 
                                     11017 11023 11032 11041 11044 
                                     11076 11109 11116 11122 11132 
                                     11141 11146 11151 11225 11249 
                                     11252 11274 11291 11323 11348 
                                     11369 12013 12026 12029 12038 
                                     12046 12060 12062 12063 12064 
                                     12074 12099 12115 12118 12155 
                                     12170 12206 12207 12244 12269 
                                     12275 12300 12315 12358 12370 
                                     12383 21017 21020 21039 22018 
                                     22021 22027 22028 22040 22042 
                                     31032 31045 31050 31060 31075 
                                     31088 31144 31219 31292 32051 
                                     32064 32076 32082 32097 32113 
                                     32114 32120 32125 32145 32156 
                                     32160 32165 32175 32209 32214 
                                     32224 32229 32234 32262 32265 
                                     32270 32294 32305 41032 41036 
                                     41065 41068 41073 41076 41090 
                                     41091 41102 41103 41120 41127 
                                     41136 41138 41141 41143 41144 
                                     41145 41156 41157 42006 42007 
                                     42008 42016 42026 42031 42054 
                                     42092 42115 42119 42133 42160 
                                     51014 51052 52029 52049       
                  day          28    1 2 3 4 5 6 7 8 9 10 11 12 13 
                                     14 15 16 17 18 19 20 21 22 23 
                                     24 25 26 27 28                


                                     Dimensions

                         Covariance Parameters             2
                         Columns in X                     29
                         Columns in Z                      0
                         Subjects                        129
                         Max Obs Per Subject              28
                                   The SAS System

                                 The Mixed Procedure

                               Number of Observations

                     Number of Observations Read            2655
                     Number of Observations Used            1445
                     Number of Observations Not Used        1210


                                  Iteration History
 
             Iteration    Evaluations    -2 Res Log Like       Criterion

                     0              1      8412.77940712                
                     1              2      7055.39801140      0.00136393
                     2              1      7051.81220572      0.00016650
                     3              1      7051.41036941      0.00000340
                     4              1      7051.40270765      0.00000000


                             Convergence criteria met.                    


                           Covariance Parameter Estimates
 
                                             Standard         Z
         Cov Parm     Subject    Estimate       Error     Value        Pr Z

         CS           id          17.2838      2.3304      7.42      <.0001
         Residual                  5.9204      0.2332     25.39      <.0001


                                   Fit Statistics

                        -2 Res Log Likelihood          7051.4
                        AIC (smaller is better)        7055.4
                        AICC (smaller is better)       7055.4
                        BIC (smaller is better)        7061.1


                          Null Model Likelihood Ratio Test
 
                            DF    Chi-Square      Pr > ChiSq

                             1       1361.38          <.0001


                             Solution for Fixed Effects
 
                                       Standard
       Effect       day    Estimate       Error      DF    t Value    Pr > |t|

       Intercept             3.2636      1.0438     126       3.13      0.0022
       day           1       3.3695      1.0661    1291       3.16      0.0016
       day           2       3.1762      1.0510    1291       3.02      0.0026
       day           3       2.7197      1.0582    1291       2.57      0.0103
       day           4       2.1661      0.9876    1291       2.19      0.0285
       day           5       1.7878      1.0003    1291       1.79      0.0741
                                   The SAS System

                                 The Mixed Procedure

                             Solution for Fixed Effects
 
                                       Standard
       Effect       day    Estimate       Error      DF    t Value    Pr > |t|

       day           6       1.7843      0.9997    1291       1.78      0.0745
       day           7       1.4531      1.0043    1291       1.45      0.1482
       day           8       1.1118      0.9807    1291       1.13      0.2571
       day           9       1.2292      0.9863    1291       1.25      0.2129
       day          10       0.6317      0.9626    1291       0.66      0.5118
       day          11       0.4525      0.9471    1291       0.48      0.6329
       day          12       0.6465      0.9142    1291       0.71      0.4796
       day          13       0.5540      0.9069    1291       0.61      0.5414
       day          14       0.2014      0.8829    1291       0.23      0.8196
       day          15     -0.03897      0.8886    1291      -0.04      0.9650
       day          16      -0.2425      0.9451    1291      -0.26      0.7975
       day          17      -0.4818      0.9219    1291      -0.52      0.6013
       day          18      -0.4700      0.9428    1291      -0.50      0.6182
       day          19      -0.4344      0.8397    1291      -0.52      0.6050
       day          20      -0.1319      0.8157    1291      -0.16      0.8716
       day          21     -0.02261      0.8493    1291      -0.03      0.9788
       day          22      -0.4455      0.7771    1291      -0.57      0.5666
       day          23      -0.6928      0.7912    1291      -0.88      0.3814
       day          24      -0.4344      0.7448    1291      -0.58      0.5598
       day          25     -0.01796      0.6582    1291      -0.03      0.9782
       day          26       0.2809      0.6386    1291       0.44      0.6601
       day          27       0.8360      0.4870    1291       1.72      0.0863
       day          28            0           .       .        .         .    


                           Type 3 Tests of Fixed Effects
 
                                 Num     Den
                   Effect         DF      DF    F Value    Pr > F

                   day            27    1291       4.39    <.0001


                                Least Squares Means
 
                       Standard
Effect  day  Estimate     Error    DF  t Value  Pr > |t|   Alpha     Lower     Upper

day      1     6.6331    0.4108  1291    16.15    <.0001    0.05    5.8272    7.4391
day      2     6.4399    0.4248  1291    15.16    <.0001    0.05    5.6064    7.2733
day      3     5.9834    0.4125  1291    14.51    <.0001    0.05    5.1742    6.7925
day      4     5.4297    0.4197  1291    12.94    <.0001    0.05    4.6063    6.2531
day      5     5.0515    0.4204  1291    12.02    <.0001    0.05    4.2267    5.8762
day      6     5.0480    0.4714  1291    10.71    <.0001    0.05    4.1232    5.9727
day      7     4.7167    0.4833  1291     9.76    <.0001    0.05    3.7687    5.6648
day      8     4.3755    0.4910  1291     8.91    <.0001    0.05    3.4122    5.3388
day      9     4.4929    0.5332  1291     8.43    <.0001    0.05    3.4468    5.5389
day     10     3.8953    0.5058  1291     7.70    <.0001    0.05    2.9031    4.8876
day     11     3.7161    0.5368  1291     6.92    <.0001    0.05    2.6631    4.7691
day     12     3.9102    0.5369  1291     7.28    <.0001    0.05    2.8568    4.9636
day     13     3.8176    0.5399  1291     7.07    <.0001    0.05    2.7584    4.8768
                                   The SAS System

                                 The Mixed Procedure

                                Least Squares Means
 
                       Standard
Effect  day  Estimate     Error    DF  t Value  Pr > |t|   Alpha     Lower     Upper

day     14     3.4651    0.5009  1291     6.92    <.0001    0.05    2.4824    4.4477
day     15     3.2247    0.5219  1291     6.18    <.0001    0.05    2.2009    4.2485
day     16     3.0211    0.5962  1291     5.07    <.0001    0.05    1.8516    4.1907
day     17     2.7818    0.6328  1291     4.40    <.0001    0.05    1.5404    4.0232
day     18     2.7937    0.6845  1291     4.08    <.0001    0.05    1.4508    4.1366
day     19     2.8293    0.7019  1291     4.03    <.0001    0.05    1.4523    4.2062
day     20     3.1317    0.8106  1291     3.86    0.0001    0.05    1.5415    4.7220
day     21     3.2410    0.8537  1291     3.80    0.0002    0.05    1.5662    4.9158
day     22     2.8182    0.8332  1291     3.38    0.0007    0.05    1.1836    4.4528
day     23     2.5709    0.9202  1291     2.79    0.0053    0.05    0.7656    4.3761
day     24     2.8293    1.0791  1291     2.62    0.0088    0.05    0.7122    4.9463
day     25     3.2457    1.1803  1291     2.75    0.0060    0.05    0.9301    5.5612
day     26     3.5445    1.2680  1291     2.80    0.0053    0.05    1.0570    6.0321
day     27     4.0997    1.2159  1291     3.37    0.0008    0.05    1.7144    6.4850
day     28     3.2636    1.0438  1291     3.13    0.0018    0.05    1.2159    5.3114
                                   The SAS System

                                 The Mixed Procedure

                                 Model Information

               Data Set                     WORK.SOFA_SUR            
               Dependent Variable           sofa_tot                 
               Covariance Structure         Compound Symmetry        
               Subject Effect               id                       
               Estimation Method            REML                     
               Residual Variance Method     Profile                  
               Fixed Effects SE Method      Empirical                
               Degrees of Freedom Method    Between-Within           


                               Class Level Information
 
                  Class    Levels    Values

                  id           90    11002 11004 11009 11012 11014 
                                     11017 11023 11032 11044 11076 
                                     11109 11122 11132 11151 11225 
                                     11249 11252 11274 11323 11348 
                                     11369 12013 12062 12063 12064 
                                     12074 12099 12115 12170 12206 
                                     12300 12315 12358 12383 21017 
                                     21020 21039 22021 22027 31032 
                                     31050 31060 31075 31088 31219 
                                     31292 32051 32076 32097 32113 
                                     32114 32120 32125 32156 32165 
                                     32209 32229 32234 32262 32265 
                                     32270 32294 32305 41032 41036 
                                     41065 41073 41090 41091 41102 
                                     41120 41127 41136 41138 41141 
                                     41143 41144 41145 41156 41157 
                                     42007 42008 42016 42026 42031 
                                     42092 42115 42160 51014 51052 
                  day          28    1 2 3 4 5 6 7 8 9 10 11 12 13 
                                     14 15 16 17 18 19 20 21 22 23 
                                     24 25 26 27 28                


                                     Dimensions

                         Covariance Parameters             2
                         Columns in X                     29
                         Columns in Z                      0
                         Subjects                         90
                         Max Obs Per Subject              28


                               Number of Observations

                     Number of Observations Read            1872
                     Number of Observations Used             874
                     Number of Observations Not Used         998
                                   The SAS System

                                 The Mixed Procedure

                                  Iteration History
 
             Iteration    Evaluations    -2 Res Log Like       Criterion

                     0              1      4785.58116438                
                     1              2      3926.07361090      0.00618941
                     2              1      3916.93053962      0.00171157
                     3              1      3914.54812998      0.00020112
                     4              1      3914.29133475      0.00000378
                     5              1      3914.28681429      0.00000000


                             Convergence criteria met.                    


                           Covariance Parameter Estimates
 
                                             Standard         Z
         Cov Parm     Subject    Estimate       Error     Value        Pr Z

         CS           id          13.8345      2.2231      6.22      <.0001
         Residual                  3.8506      0.1980     19.45      <.0001


                                   Fit Statistics

                        -2 Res Log Likelihood          3914.3
                        AIC (smaller is better)        3918.3
                        AICC (smaller is better)       3918.3
                        BIC (smaller is better)        3923.3


                          Null Model Likelihood Ratio Test
 
                            DF    Chi-Square      Pr > ChiSq

                             1        871.29          <.0001


                             Solution for Fixed Effects
 
                                       Standard
       Effect       day    Estimate       Error      DF    t Value    Pr > |t|

       Intercept            -0.9183      0.9764      88      -0.94      0.3495
       day           1       6.4892      1.0312     758       6.29      <.0001
       day           2       6.3327      1.0051     758       6.30      <.0001
       day           3       6.1240      0.9876     758       6.20      <.0001
       day           4       5.2337      0.9529     758       5.49      <.0001
       day           5       4.8633      0.9667     758       5.03      <.0001
       day           6       4.5875      0.9935     758       4.62      <.0001
       day           7       4.0606      0.9911     758       4.10      <.0001
       day           8       3.6761      0.9677     758       3.80      0.0002
       day           9       3.6195      0.9134     758       3.96      <.0001
       day          10       3.1057      0.8576     758       3.62      0.0003
       day          11       2.7016      0.8448     758       3.20      0.0014
                                   The SAS System

                                 The Mixed Procedure

                             Solution for Fixed Effects
 
                                       Standard
       Effect       day    Estimate       Error      DF    t Value    Pr > |t|

       day          12       2.8486      0.9113     758       3.13      0.0018
       day          13       2.7240      0.8661     758       3.15      0.0017
       day          14       2.4898      0.8120     758       3.07      0.0022
       day          15       1.9023      0.7890     758       2.41      0.0161
       day          16       1.3475      0.8141     758       1.66      0.0983
       day          17       0.8110      0.7357     758       1.10      0.2707
       day          18       0.6812      0.6998     758       0.97      0.3306
       day          19       0.6631      0.6245     758       1.06      0.2887
       day          20       0.6715      0.6310     758       1.06      0.2876
       day          21       0.5513      0.7038     758       0.78      0.4338
       day          22      -0.2775      0.6345     758      -0.44      0.6619
       day          23      -0.2458      0.7321     758      -0.34      0.7371
       day          24      -0.6208      0.6641     758      -0.93      0.3501
       day          25      1.2E-13           .       .        .         .    
       day          26      1.2E-13           .       .        .         .    
       day          27       0.2500      0.2165     758       1.15      0.2486
       day          28            0           .       .        .         .    


                           Type 3 Tests of Fixed Effects
 
                                 Num     Den
                   Effect         DF      DF    F Value    Pr > F

                   day            26     758      18.26    <.0001


                                Least Squares Means
 
                       Standard
Effect  day  Estimate     Error    DF  t Value  Pr > |t|   Alpha     Lower     Upper

day      1     5.5709    0.4771   758    11.68    <.0001    0.05    4.6343    6.5075
day      2     5.4144    0.4774   758    11.34    <.0001    0.05    4.4771    6.3516
day      3     5.2057    0.4834   758    10.77    <.0001    0.05    4.2567    6.1546
day      4     4.3153    0.4564   758     9.46    <.0001    0.05    3.4194    5.2112
day      5     3.9449    0.4723   758     8.35    <.0001    0.05    3.0178    4.8720
day      6     3.6692    0.5105   758     7.19    <.0001    0.05    2.6670    4.6714
day      7     3.1422    0.5148   758     6.10    <.0001    0.05    2.1316    4.1529
day      8     2.7578    0.5137   758     5.37    <.0001    0.05    1.7494    3.7662
day      9     2.7012    0.5500   758     4.91    <.0001    0.05    1.6214    3.7810
day     10     2.1874    0.5154   758     4.24    <.0001    0.05    1.1756    3.1991
day     11     1.7832    0.5102   758     3.49    0.0005    0.05    0.7815    2.7849
day     12     1.9303    0.5281   758     3.66    0.0003    0.05    0.8936    2.9670
day     13     1.8056    0.5438   758     3.32    0.0009    0.05    0.7381    2.8731
day     14     1.5714    0.5124   758     3.07    0.0022    0.05    0.5654    2.5774
day     15     0.9840    0.5431   758     1.81    0.0704    0.05  -0.08213    2.0501
day     16     0.4292    0.5707   758     0.75    0.4523    0.05   -0.6912    1.5495
day     17    -0.1074    0.6339   758    -0.17    0.8655    0.05   -1.3517    1.1370
day     18    -0.2371    0.5787   758    -0.41    0.6821    0.05   -1.3732    0.8989
day     19    -0.2553    0.6554   758    -0.39    0.6970    0.05   -1.5419    1.0314
                                   The SAS System

                                 The Mixed Procedure

                                Least Squares Means
 
                       Standard
Effect  day  Estimate     Error    DF  t Value  Pr > |t|   Alpha     Lower     Upper

day     20    -0.2469    0.6061   758    -0.41    0.6839    0.05   -1.4367    0.9430
day     21    -0.3671    0.5548   758    -0.66    0.5084    0.05   -1.4562    0.7220
day     22    -1.1959    0.6207   758    -1.93    0.0544    0.05   -2.4143   0.02260
day     23    -1.1642    0.8538   758    -1.36    0.1731    0.05   -2.8403    0.5120
day     24    -1.5392    0.8251   758    -1.87    0.0625    0.05   -3.1590   0.08060
day     25    -0.9183    0.9764   758    -0.94    0.3472    0.05   -2.8351    0.9985
day     26    -0.9183    0.9764   758    -0.94    0.3472    0.05   -2.8351    0.9985
day     27    -0.6683    0.9750   758    -0.69    0.4932    0.05   -2.5823    1.2456
day     28    -0.9183    0.9764   758    -0.94    0.3472    0.05   -2.8351    0.9985
                                   The SAS System

                                 The Mixed Procedure

                                 Model Information

               Data Set                     WORK.SOFA_DEAD           
               Dependent Variable           sofa_tot                 
               Covariance Structure         Compound Symmetry        
               Subject Effect               id                       
               Estimation Method            REML                     
               Residual Variance Method     Profile                  
               Fixed Effects SE Method      Empirical                
               Degrees of Freedom Method    Between-Within           


                               Class Level Information
 
                  Class    Levels    Values

                  id           39    11041 11116 11141 11146 11291 
                                     12026 12029 12038 12046 12060 
                                     12118 12155 12207 12244 12269 
                                     12275 12370 22018 22028 22040 
                                     22042 31045 31144 32064 32082 
                                     32145 32160 32175 32214 32224 
                                     41068 41076 41103 42006 42054 
                                     42119 42133 52029 52049       
                  day          28    1 2 3 4 5 6 7 8 9 10 11 12 13 
                                     14 15 16 17 18 19 20 21 22 23 
                                     24 25 26 27 28                


                                     Dimensions

                         Covariance Parameters             2
                         Columns in X                     29
                         Columns in Z                      0
                         Subjects                         39
                         Max Obs Per Subject              28


                               Number of Observations

                     Number of Observations Read             783
                     Number of Observations Used             571
                     Number of Observations Not Used         212


                                  Iteration History
 
             Iteration    Evaluations    -2 Res Log Like       Criterion

                     0              1      3280.76056731                
                     1              2      2850.73609206      0.00030681
                     2              1      2850.41658738      0.00001479
                     3              1      2850.40241883      0.00000004
                     4              1      2850.40237964      0.00000000
                                   The SAS System

                                 The Mixed Procedure

                             Convergence criteria met.                    


                           Covariance Parameter Estimates
 
                                             Standard         Z
         Cov Parm     Subject    Estimate       Error     Value        Pr Z

         CS           id          15.1634      3.7605      4.03      <.0001
         Residual                  7.7264      0.4859     15.90      <.0001


                                   Fit Statistics

                        -2 Res Log Likelihood          2850.4
                        AIC (smaller is better)        2854.4
                        AICC (smaller is better)       2854.4
                        BIC (smaller is better)        2857.7


                          Null Model Likelihood Ratio Test
 
                            DF    Chi-Square      Pr > ChiSq

                             1        430.36          <.0001


                             Solution for Fixed Effects
 
                                       Standard
       Effect       day    Estimate       Error      DF    t Value    Pr > |t|

       Intercept             7.7523      1.3146      37       5.90      <.0001
       day           1       1.3793      1.3767     506       1.00      0.3169
       day           2       1.1231      1.3841     506       0.81      0.4175
       day           3       0.2064      1.3617     506       0.15      0.8796
       day           4      0.07286      1.2512     506       0.06      0.9536
       day           5      -0.3250      1.2533     506      -0.26      0.7955
       day           6       0.1609      1.2868     506       0.13      0.9006
       day           7     -0.00043      1.2876     506      -0.00      0.9997
       day           8      -0.1402      1.2339     506      -0.11      0.9096
       day           9       0.2432      1.3204     506       0.18      0.8540
       day          10      -0.4528      1.2920     506      -0.35      0.7262
       day          11      -0.3526      1.2480     506      -0.28      0.7777
       day          12     -0.03184      1.1390     506      -0.03      0.9777
       day          13      -0.1272      1.1764     506      -0.11      0.9139
       day          14      -0.7272      1.1511     506      -0.63      0.5278
       day          15      -0.5664      1.1440     506      -0.50      0.6207
       day          16      -0.3255      1.2500     506      -0.26      0.7946
       day          17      -0.4527      1.2295     506      -0.37      0.7129
       day          18      -0.4527      1.2638     506      -0.36      0.7203
       day          19      -0.3770      1.1021     506      -0.34      0.7324
       day          20     -0.03206      1.0746     506      -0.03      0.9762
       day          21       0.2186      1.1571     506       0.19      0.8503
       day          22      0.07283      0.9601     506       0.08      0.9396
       day          23      -0.2864      0.9294     506      -0.31      0.7581
                                   The SAS System

                                 The Mixed Procedure

                             Solution for Fixed Effects
 
                                       Standard
       Effect       day    Estimate       Error      DF    t Value    Pr > |t|

       day          24       0.6745      0.8518     506       0.79      0.4288
       day          25     -0.08311      0.9743     506      -0.09      0.9321
       day          26       0.4297      0.9378     506       0.46      0.6470
       day          27       0.9980      0.7189     506       1.39      0.1657
       day          28            0           .       .        .         .    


                           Type 3 Tests of Fixed Effects
 
                                 Num     Den
                   Effect         DF      DF    F Value    Pr > F

                   day            27     506      23.66    <.0001


                                Least Squares Means
 
                       Standard
Effect  day  Estimate     Error    DF  t Value  Pr > |t|   Alpha     Lower     Upper

day      1     9.1316    0.6350   506    14.38    <.0001    0.05    7.8839   10.3792
day      2     8.8754    0.7431   506    11.94    <.0001    0.05    7.4155   10.3352
day      3     7.9587    0.7107   506    11.20    <.0001    0.05    6.5624    9.3550
day      4     7.8252    0.7423   506    10.54    <.0001    0.05    6.3669    9.2835
day      5     7.4273    0.7144   506    10.40    <.0001    0.05    6.0237    8.8310
day      6     7.9132    0.8199   506     9.65    <.0001    0.05    6.3024    9.5240
day      7     7.7519    0.8293   506     9.35    <.0001    0.05    6.1227    9.3811
day      8     7.6121    0.8487   506     8.97    <.0001    0.05    5.9448    9.2795
day      9     7.9955    0.9233   506     8.66    <.0001    0.05    6.1815    9.8095
day     10     7.2996    0.9009   506     8.10    <.0001    0.05    5.5296    9.0695
day     11     7.3997    0.9769   506     7.57    <.0001    0.05    5.4805    9.3190
day     12     7.7205    0.9224   506     8.37    <.0001    0.05    5.9083    9.5326
day     13     7.6251    0.8961   506     8.51    <.0001    0.05    5.8646    9.3857
day     14     7.0251    0.8126   506     8.65    <.0001    0.05    5.4287    8.6215
day     15     7.1859    0.8155   506     8.81    <.0001    0.05    5.5838    8.7880
day     16     7.4268    0.9361   506     7.93    <.0001    0.05    5.5876    9.2660
day     17     7.2996    0.9069   506     8.05    <.0001    0.05    5.5179    9.0813
day     18     7.2996    1.0547   506     6.92    <.0001    0.05    5.2276    9.3717
day     19     7.3753    1.0387   506     7.10    <.0001    0.05    5.3346    9.4161
day     20     7.7203    1.2498   506     6.18    <.0001    0.05    5.2647   10.1758
day     21     7.9709    1.3219   506     6.03    <.0001    0.05    5.3737   10.5680
day     22     7.8252    1.1477   506     6.82    <.0001    0.05    5.5702   10.0801
day     23     7.4659    1.2832   506     5.82    <.0001    0.05    4.9449    9.9869
day     24     8.4269    1.4697   506     5.73    <.0001    0.05    5.5393   11.3144
day     25     7.6692    1.5519   506     4.94    <.0001    0.05    4.6202   10.7182
day     26     8.1820    1.6801   506     4.87    <.0001    0.05    4.8813   11.4828
day     27     8.7504    1.5267   506     5.73    <.0001    0.05    5.7510   11.7497
day     28     7.7523    1.3146   506     5.90    <.0001    0.05    5.1695   10.3351
                                   The SAS System

                                 The MEANS Procedure

                         Analysis Variable : id GLND ID No.
 
                                               N
                                     day     Obs       N
                            ----------------------------
                                       1     129     129

                                       2     129     129

                                       3     128     128

                                       4     126     126

                                       5     126     126

                                       6     126     126

                                       7     126     126

                                       8     114     114

                                       9     114     114

                                      10     114     114

                                      11     114     114

                                      12     114     114

                                      13     114     114

                                      14     114     114

                                      15      85      85

                                      16      85      85

                                      17      85      85

                                      18      85      85

                                      19      85      85

                                      20      85      85

                                      21      85      85

                                      22      53      53

                                      23      53      53

                                      24      53      53

                                      25      53      53
                            ----------------------------
                                   The SAS System

                                 The MEANS Procedure

                         Analysis Variable : id GLND ID No.
 
                                               N
                                     day     Obs       N
                            ----------------------------
                                      26      53      53

                                      27      53      53

                                      28      53      53
                            ----------------------------
                      Total SOFA score longitudinal model means

                                         Total Sofa                   Total Sofa
                Total Sofa               Score for                     Score for
      Num. of   Score*mean    Num. of  Survivor*mean     Num. of     Non-survivor*
 Day Patients    (95% CI)    Survivors    (95% CI)    Non-Survivors  mean (95% CI)

   1    126   6.6 (5.8, 7.4)     88    5.6 (4.6, 6.5)       38      9.1 (7.9, 10.4)
   7     78   4.7 (3.8, 5.7)     47    3.1 (2.1, 4.2)       31      7.8 (6.1, 9.4) 
  14     47   3.5 (2.5, 4.4)     27    1.6 (0.6, 2.6)       20      7.0 (5.4, 8.6) 
