This is TeX, Version 3.14159 (Web2C 7.4.5) (format=latex 2004.7.7)  13 APR 2011 11:52
**closed.tex
(./closed.tex
LaTeX2e <2001/06/01>
Babel <v3.7h> and hyphenation patterns for american, french, german, ngerman, n
ohyphenation, loaded.
(/usr/local/share/texmf/tex/latex/base/article.cls
Document Class: article 2001/04/21 v1.4e Standard LaTeX document class
(/usr/local/share/texmf/tex/latex/base/size10.clo
File: size10.clo 2001/04/21 v1.4e Standard LaTeX file (size option)
)
\c@part=\count79
\c@section=\count80
\c@subsection=\count81
\c@subsubsection=\count82
\c@paragraph=\count83
\c@subparagraph=\count84
\c@figure=\count85
\c@table=\count86
\abovecaptionskip=\skip41
\belowcaptionskip=\skip42
\bibindent=\dimen102
)
(/usr/local/share/texmf/tex/latex/graphics/graphicx.sty
Package: graphicx 1999/02/16 v1.0f Enhanced LaTeX Graphics (DPC,SPQR)

(/usr/local/share/texmf/tex/latex/graphics/keyval.sty
Package: keyval 1999/03/16 v1.13 key=value parser (DPC)
\KV@toks@=\toks14
)
(/usr/local/share/texmf/tex/latex/graphics/graphics.sty
Package: graphics 2001/07/07 v1.0n Standard LaTeX Graphics (DPC,SPQR)

(/usr/local/share/texmf/tex/latex/graphics/trig.sty
Package: trig 1999/03/16 v1.09 sin cos tan (DPC)
)
(/usr/local/share/texmf/tex/latex/config/graphics.cfg
File: graphics.cfg 2001/08/31 v1.1 graphics configuration of teTeX/TeXLive
)
Package graphics Info: Driver file: dvips.def on input line 80.

(/usr/local/share/texmf/tex/latex/graphics/dvips.def
File: dvips.def 1999/02/16 v3.0i Driver-dependant file (DPC,SPQR)
))
\Gin@req@height=\dimen103
\Gin@req@width=\dimen104
)
(/usr/local/share/texmf/tex/latex/misc/rotating.sty
Package: rotating 1997/09/26, v2.13 Rotation package

(/usr/local/share/texmf/tex/latex/base/ifthen.sty
Package: ifthen 2001/05/26 v1.1c Standard LaTeX ifthen package (DPC)
)
\c@r@tfl@t=\count87
\rot@float@box=\box26
) (./closed.aux)
\openout1 = `closed.aux'.

LaTeX Font Info:    Checking defaults for OML/cmm/m/it on input line 18.
LaTeX Font Info:    ... okay on input line 18.
LaTeX Font Info:    Checking defaults for T1/cmr/m/n on input line 18.
LaTeX Font Info:    ... okay on input line 18.
LaTeX Font Info:    Checking defaults for OT1/cmr/m/n on input line 18.
LaTeX Font Info:    ... okay on input line 18.
LaTeX Font Info:    Checking defaults for OMS/cmsy/m/n on input line 18.
LaTeX Font Info:    ... okay on input line 18.
LaTeX Font Info:    Checking defaults for OMX/cmex/m/n on input line 18.
LaTeX Font Info:    ... okay on input line 18.
LaTeX Font Info:    Checking defaults for U/cmr/m/n on input line 18.
LaTeX Font Info:    ... okay on input line 18.
 [1

]
(./closed.lot
LaTeX Font Info:    External font `cmex10' loaded for size
(Font)              <7> on input line 1.
LaTeX Font Info:    External font `cmex10' loaded for size
(Font)              <5> on input line 1.
)
\tf@lot=\write3
\openout3 = `closed.lot'.

 (./closed.lof)
\tf@lof=\write4
\openout4 = `closed.lof'.

 [2

] [3]

LaTeX Warning: Float too large for page by 29.12392pt on input line 436.

[4] [5] [6] [7]
File: //glnd//sas//reporting//icu_closed.ps Graphic file (type eps)
 <//glnd//sas//reporting//icu_closed.ps>
File: //glnd//sas//reporting//mech_vent_closed.ps Graphic file (type eps)

<//glnd//sas//reporting//mech_vent_closed.ps> [8] [9]
File: //glnd//sas//reporting//blood8closed.ps Graphic file (type eps)

<//glnd//sas//reporting//blood8closed.ps> [10]
File: //glnd//sas//reporting//gmtc.ps Graphic file (type eps)

<//glnd//sas//reporting//gmtc.ps> [11]
File: //glnd//sas//reporting//insulin_closed.ps Graphic file (type eps)

<//glnd//sas//reporting//insulin_closed.ps> [12]
File: //glnd//sas//reporting//sofaclosed.ps Graphic file (type eps)

<//glnd//sas//reporting//sofaclosed.ps> [13]
File: //glnd//sas//reporting//sofa_mean.ps Graphic file (type eps)

<//glnd//sas//reporting//sofa_mean.ps> [14]
File: //glnd//sas//reporting//glutamine_closed_1.ps Graphic file (type eps)

<//glnd//sas//reporting//glutamine_closed_1.ps> [15]
File: //glnd//sas//reporting//glutamine_closed_2.ps Graphic file (type eps)

<//glnd//sas//reporting//glutamine_closed_2.ps> [16]
File: //glnd//sas//reporting//glutamine_closed_3.ps Graphic file (type eps)

<//glnd//sas//reporting//glutamine_closed_3.ps> [17]
Underfull \hbox (badness 10000) in paragraph at lines 862--862

 []


Underfull \hbox (badness 10000) in paragraph at lines 862--862

 []

[18] [19]
File: //glnd//sas//reporting//deathdetailsclosed1.ps Graphic file (type eps)
 <//glnd//sas//reporting//deathdetailsclosed1.ps>
Adding sideways figure on  right hand page [20]
File: //glnd//sas//reporting//deathdetailsclosed2.ps Graphic file (type eps)

<//glnd//sas//reporting//deathdetailsclosed2.ps> Adding sideways figure on 
right hand page [21]
File: //glnd//sas//reporting//deathdetailsclosed3.ps Graphic file (type eps)
 <//glnd//sas//reporting//deathdetailsclosed3.ps>
Adding sideways figure on  right hand page [22]
File: //glnd//sas//reporting//omclosed.ps Graphic file (type eps)

<//glnd//sas//reporting//omclosed.ps> [23]
File: //glnd//sas//reporting//mortclosed.ps Graphic file (type eps)

<//glnd//sas//reporting//mortclosed.ps> [24]
File: //glnd//sas//reporting//ratesclosed.ps Graphic file (type eps)

<//glnd//sas//reporting//ratesclosed.ps> [25]
File: //glnd//sas//reporting//notc1.ps Graphic file (type eps)

<//glnd//sas//reporting//notc1.ps>
Overfull \hbox (14.47588pt too wide) in paragraph at lines 939--940
[][] 
 []

[26]
File: //glnd//sas//reporting//notc2.ps Graphic file (type eps)
 <//glnd//sas//reporting//notc2.ps>
Overfull \hbox (14.47588pt too wide) in paragraph at lines 945--946
[][] 
 []

[27]
File: //glnd//sas//reporting//notc3.ps Graphic file (type eps)
 <//glnd//sas//reporting//notc3.ps>
Overfull \hbox (14.47588pt too wide) in paragraph at lines 951--952
[][] 
 []

[28]
File: //glnd//sas//reporting//notc4.ps Graphic file (type eps)
 <//glnd//sas//reporting//notc4.ps>
Overfull \hbox (36.15578pt too wide) in paragraph at lines 957--958
[][] 
 []

[29] (./closed.aux) ) 
Here is how much of TeX's memory you used:
 665 strings out of 95847
 8356 string characters out of 1195583
 63866 words of memory out of 1000001
 3623 multiletter control sequences out of 10000+50000
 5205 words of font info for 19 fonts, out of 500000 for 1000
 14 hyphenation exceptions out of 1000
 25i,10n,21p,353b,437s stack positions out of 1500i,500n,5000p,200000b,5000s

Output written on closed.dvi (29 pages, 46100 bytes).
