1                                                          The SAS System                             10:53 Tuesday, August 11, 2009

NOTE: Unable to open SASUSER.REGSTRY. WORK.REGSTRY will be opened instead.
NOTE: All registry changes will be lost at the end of the session.

WARNING: Unable to copy SASUSER registry to WORK registry. Because of this, you will not see registry customizations during this 
         session.
NOTE: Copyright (c) 2002-2003 by SAS Institute Inc., Cary, NC, USA. 
NOTE: SAS (r) 9.1 (TS1M3)
      Licensed to EMORY UNIVERSITY - T&R, Site 0014217002.
NOTE: This session is executing on the SunOS 5.9 platform.



NOTE: SAS 9.1.3 Service Pack 4

You are running SAS 9. Some SAS 8 files will be automatically converted 
by the V9 engine; others are incompatible.  Please see 
http://support.sas.com/rnd/migration/planning/platform/64bit.html

PROC MIGRATE will preserve current SAS file attributes and is 
recommended for converting all your SAS libraries from any 
SAS 8 release to SAS 9.  For details and examples, please see
http://support.sas.com/rnd/migration/index.html


This message is contained in the SAS news file, and is presented upon
initialization.  Edit the file "news" in the "misc/base" directory to
display site-specific news and information in the program log.
The command line option "-nonews" will prevent this display.




NOTE: SAS initialization used:
      real time           0.19 seconds
      cpu time            0.07 seconds
      

NOTE: AUTOEXEC processing beginning; file is /dfax/glnd/splus/autoexec.sas.

NOTE: Libref RAND was successfully assigned as follows: 
      Engine:        V9 
      Physical Name: /glnd/sas/randomization
NOTE: Libref GLND was successfully assigned as follows: 
      Engine:        V9 
      Physical Name: /glnd/sas
NOTE: Libname LIBRARY refers to the same physical library as GLND.
NOTE: Libref LIBRARY was successfully assigned as follows: 
      Engine:        V9 
      Physical Name: /glnd/sas

NOTE: AUTOEXEC processing completed.

1          cd /glnd/sas/reporting
           __
           180
ERROR 180-322: Statement is not valid or it is used out of proper order.

2          sas recruitment
2                                                          The SAS System                             10:53 Tuesday, August 11, 2009

3          sas blood_gluc_since_last_dsmb
4          cd /glnd/sas/reporting/df_reporting
5          sas form_submission
6          sas QC_report
7          cd /glnd/splus
8          sas monthly
9          cp /glnd/sas/reporting/recruitment.pdf recruitment.pdf
10         pdf2ps recruitment.pdf recruitment.ps
11         #cp /glnd/sas/reporting/df_reporting/qc_status_report.ps qc.ps
12         pdf2ps /glnd/sas/reporting/blood_gluc_since_last_dsmb_table.pdf bg.ps
13         pdf2ps /glnd/sas/reporting/df_reporting/QC_report.pdf qc.ps
14         
15         Splus7 < monthly.in
16         
17         chmod -f g+rw *
18         chgrp -f studies *

ERROR: Errors printed on page 1.

NOTE: SAS Institute Inc., SAS Campus Drive, Cary, NC USA 27513-2414
NOTE: The SAS System used:
      real time           0.20 seconds
      cpu time            0.08 seconds
      
