This is TeX, Version 3.14159 (Web2C 7.4.5) (format=latex 2004.7.7)  15 SEP 2009 14:15
**retention.tex
(./retention.tex
LaTeX2e <2001/06/01>
Babel <v3.7h> and hyphenation patterns for american, french, german, ngerman, n
ohyphenation, loaded.
(/usr/local/share/texmf/tex/latex/base/article.cls
Document Class: article 2001/04/21 v1.4e Standard LaTeX document class
(/usr/local/share/texmf/tex/latex/base/size10.clo
File: size10.clo 2001/04/21 v1.4e Standard LaTeX file (size option)
)
\c@part=\count79
\c@section=\count80
\c@subsection=\count81
\c@subsubsection=\count82
\c@paragraph=\count83
\c@subparagraph=\count84
\c@figure=\count85
\c@table=\count86
\abovecaptionskip=\skip41
\belowcaptionskip=\skip42
\bibindent=\dimen102
)
(/usr/local/share/texmf/tex/latex/graphics/graphicx.sty
Package: graphicx 1999/02/16 v1.0f Enhanced LaTeX Graphics (DPC,SPQR)

(/usr/local/share/texmf/tex/latex/graphics/keyval.sty
Package: keyval 1999/03/16 v1.13 key=value parser (DPC)
\KV@toks@=\toks14
)
(/usr/local/share/texmf/tex/latex/graphics/graphics.sty
Package: graphics 2001/07/07 v1.0n Standard LaTeX Graphics (DPC,SPQR)

(/usr/local/share/texmf/tex/latex/graphics/trig.sty
Package: trig 1999/03/16 v1.09 sin cos tan (DPC)
)
(/usr/local/share/texmf/tex/latex/config/graphics.cfg
File: graphics.cfg 2001/08/31 v1.1 graphics configuration of teTeX/TeXLive
)
Package graphics Info: Driver file: dvips.def on input line 80.

(/usr/local/share/texmf/tex/latex/graphics/dvips.def
File: dvips.def 1999/02/16 v3.0i Driver-dependant file (DPC,SPQR)
))
\Gin@req@height=\dimen103
\Gin@req@width=\dimen104
) (./retention.aux)
\openout1 = `retention.aux'.

LaTeX Font Info:    Checking defaults for OML/cmm/m/it on input line 16.
LaTeX Font Info:    ... okay on input line 16.
LaTeX Font Info:    Checking defaults for T1/cmr/m/n on input line 16.
LaTeX Font Info:    ... okay on input line 16.
LaTeX Font Info:    Checking defaults for OT1/cmr/m/n on input line 16.
LaTeX Font Info:    ... okay on input line 16.
LaTeX Font Info:    Checking defaults for OMS/cmsy/m/n on input line 16.
LaTeX Font Info:    ... okay on input line 16.
LaTeX Font Info:    Checking defaults for OMX/cmex/m/n on input line 16.
LaTeX Font Info:    ... okay on input line 16.
LaTeX Font Info:    Checking defaults for U/cmr/m/n on input line 16.
LaTeX Font Info:    ... okay on input line 16.

Overfull \hbox (31.53485pt too wide) has occurred while \output is active
  \OT1/cmr/m/n/10 GLND DSMB Report - Recruitment, Baseline, and Follow-up OPEN 
SESSION   Tue Sep 15 14:15:44 EDT 2009     1
 []

[1

] (./retention.lot
LaTeX Font Info:    External font `cmex10' loaded for size
(Font)              <7> on input line 1.
LaTeX Font Info:    External font `cmex10' loaded for size
(Font)              <5> on input line 1.
)
\tf@lot=\write3
\openout3 = `retention.lot'.

 (./retention.lof)
\tf@lof=\write4
\openout4 = `retention.lof'.


Overfull \hbox (31.53485pt too wide) has occurred while \output is active
  \OT1/cmr/m/n/10 GLND DSMB Report - Recruitment, Baseline, and Follow-up OPEN 
SESSION   Tue Sep 15 14:15:44 EDT 2009     2
 []

[2

]
Overfull \hbox (31.53485pt too wide) has occurred while \output is active
  \OT1/cmr/m/n/10 GLND DSMB Report - Recruitment, Baseline, and Follow-up OPEN 
SESSION   Tue Sep 15 14:15:44 EDT 2009     3
 []

[3]
File: //glnd//sas//reporting//nutsum.ps Graphic file (type eps)
 <//glnd//sas//reporting//nutsum.ps>
Overfull \hbox (31.53485pt too wide) has occurred while \output is active
  \OT1/cmr/m/n/10 GLND DSMB Report - Recruitment, Baseline, and Follow-up OPEN 
SESSION   Tue Sep 15 14:15:44 EDT 2009     4
 []

[4] (./retention.aux) ) 
Here is how much of TeX's memory you used:
 526 strings out of 95847
 6118 string characters out of 1195583
 56859 words of memory out of 1000001
 3511 multiletter control sequences out of 10000+50000
 4897 words of font info for 18 fonts, out of 500000 for 1000
 14 hyphenation exceptions out of 1000
 25i,10n,21p,384b,433s stack positions out of 1500i,500n,5000p,200000b,5000s

Output written on retention.dvi (4 pages, 5968 bytes).
