1                                                          The SAS System                                 09:48 Friday, May 24, 2013

NOTE: Copyright (c) 2002-2010 by SAS Institute Inc., Cary, NC, USA. 
NOTE: SAS (r) Proprietary Software 9.3 (TS1M0) 
      Licensed to EMORY UNIVERSITY-T&R, Site 70088042.
NOTE: This session is executing on the SunOS 5.10 (SUN X64) platform.



You are running SAS 9. Some SAS 8 files will be automatically converted 
by the V9 engine; others are incompatible.  Please see 
http://support.sas.com/rnd/migration/planning/platform/64bit.html

PROC MIGRATE will preserve current SAS file attributes and is 
recommended for converting all your SAS libraries from any 
SAS 8 release to SAS 9.  For details and examples, please see
http://support.sas.com/rnd/migration/index.html


This message is contained in the SAS news file, and is presented upon
initialization.  Edit the file "news" in the "misc/base" directory to
display site-specific news and information in the program log.
The command line option "-nonews" will prevent this display.




NOTE: SAS initialization used:
      real time           0.02 seconds
      cpu time            0.02 seconds
      

NOTE: AUTOEXEC processing beginning; file is /dfax/ttcmv/sas/programs/reporting/baohua/growth/autoexec.sas.

NOTE: Libref CMV was successfully assigned as follows: 
      Engine:        V9 
      Physical Name: /ttcmv/sas/data
NOTE: Library CMV_REP does not exist.
NOTE: Library CMV_QC does not exist.
NOTE: Libname LIBRARY refers to the same physical library as CMV.
NOTE: Libref LIBRARY was successfully assigned as follows: 
      Engine:        V9 
      Physical Name: /ttcmv/sas/data

NOTE: DATA statement used (Total process time):
      real time           0.00 seconds
      cpu time            0.01 seconds
      


NOTE: AUTOEXEC processing completed.

1          options orientation=landscape nobyline;
2          libname wbh "/ttcmv/sas/programs/reporting";
NOTE: Libref WBH was successfully assigned as follows: 
      Engine:        V9 
      Physical Name: /ttcmv/sas/programs/reporting
3          
4          data demo_pat;
5          	set cmv.pat;
2                                                          The SAS System                                 09:48 Friday, May 24, 2013

6          	if id=1002821 then do; gestage=29; BirthWeight=0945; length=35.6; HeadCircum=24.5; end;
7          run;

NOTE: There were 388 observations read from the data set CMV.PAT.
NOTE: The data set WORK.DEMO_PAT has 388 observations and 12 variables.
NOTE: DATA statement used (Total process time):
      real time           0.00 seconds
      cpu time            0.00 seconds
      

8          
9          proc means data=demo_pat;
10         	var gestage BirthWeight length HeadCircum;
11         	output out=num n(gestage)=n_age n(BirthWeight)=n_wt n(length)=n_len n(HeadCircum)=n_head;
12         run;

NOTE: There were 388 observations read from the data set WORK.DEMO_PAT.
NOTE: The data set WORK.NUM has 1 observations and 6 variables.
NOTE: The PROCEDURE MEANS printed page 1.
NOTE: PROCEDURE MEANS used (Total process time):
      real time           0.02 seconds
      cpu time            0.03 seconds
      

13         
14         %let n_age=0;
15         %let n_wt=0;
16         %let n_length=0;
17         %let n_head=0;
18         
19         data _null_;
20         	set num;
21         	call symput ("n_age", compress(n_age));
22         	call symput ("n_wt", compress(n_wt));
23         	call symput ("n_len", compress(n_len));
24         	call symput ("n_head", compress(n_head));
25         run;

NOTE: Numeric values have been converted to character values at the places given by: (Line):(Column).
      21:33   22:32   23:33   24:34   
NOTE: There were 1 observations read from the data set WORK.NUM.
NOTE: DATA statement used (Total process time):
      real time           0.00 seconds
      cpu time            0.00 seconds
      

26         
27         
28         proc greplay igout= wbh.graphs nofs; delete _ALL_; run;
WARNING: Unable to load font '-dt-interface user-medium-r-normal-l*utf*-*-*-*-*-*-*-*-*'.
WARNING: Defaulting to 'fixed'.
WARNING: Unable to load font '-dt-interface user-medium-r-normal-l*utf*-*-*-*-*-*-*-*-*'.
WARNING: Defaulting to 'fixed'.
NOTE: Building list of graphs from the catalog.

NOTE: Enter greplay commands or statements.

28       !                                                         	*clear out the graphs catalog;
3                                                          The SAS System                                 09:48 Friday, May 24, 2013

29         
30         goptions reset=global gunit=pct border /*colors=(orange green red)*/
31         	ctext=black ftitle=swissb ftext=swiss htitle=3.5 htext=3;
32         
33         %macro plot(data);
34         
35         %let x=1;
36         %do %while (&x <5);
37         
38         	%if &x = 1 %then %do; 	
39         		%let var =gestage; %let description = f=zapf "Bar Chart for Gestational Age (n=&n_age)";
40         		%let mp=(23 to 38 by 1); %let space=1;
41          		axis1 label=(a=90 h=4 c=black "Percentage (%)") order=(0 to 20 by 2) minor=none;
42         		axis2 label=(a=0 h=4 c=black "Gestational Age (Weeks)") order=(23 to 38 by 1) minor=none;
43         	%end;
44         
45         	%if &x = 2 %then %do; 	
46         		%let var =BirthWeight; %let description = f=zapf "Histogram for  Birth Weight (n=&n_wt)";
47         		%let mp=(400 to 1500 by 100); %let space=0;
48          		axis1 label=(a=90 h=4 c=black "Percentage (%)") order=(0 to 20 by 2) minor=none;
49         		axis2 label=(a=0 h=4 c=black "Birth Weight (g)") order=(400 to 1500 by 100) minor=none;
50         	%end;
51         
52         	%if &x = 3 %then %do; 	
53         		%let var =length; %let description = f=zapf "Histogram for  Birth Length (n=&n_len)";
54         		%let mp=(23 to 43 by 1); %let space=0;
55          		axis1 label=(a=90 h=4 c=black "Percentage (%)") order=(0 to 20 by 2) minor=none;
56         		axis2 label=(a=0 h=4 c=black "Birth Length (cm)") order=(23 to 43 by 1) minor=none;
57         	%end;
58         
59         	%if &x = 4 %then %do; 	
60         		%let var =headcircum; %let description = f=zapf "Histogram for  Head Circumference (n=&n_head)";
61         		%let mp=(20 to 30 by 1); %let space=0;
62          		axis1 label=(a=90 h=4 c=black "Percentage (%)") order=(0 to 20 by 2) minor=none;
63         		axis2 label=(a=0 h=4 c=black "Head Circumference (cm)") order=(20 to 30 by 1) minor=none;
64         	%end;
65         	
66         		title &description;
67         	/*
68         		Proc gchart data=&data gout=wbh.graphs;
69         			vbar &var/ midpoints=&mp raxis=axis1 maxis=axis2 space=0.5 coutline=black TYPE=pct  ;
70         		run;
71         	*/
72         
73         
74         
75         		proc univariate data=&data gout=wbh.graphs;
76            		histogram &var / midpoints=&mp cfill=orange interbar=&space outhistogram = &var ;
77         		run;
78         
79         %let x=%eval(&x+1);
80            %end;
81         %mend plot;
82         
83         *ods trace on/label listing;
84         %plot(cmv.pat);quit;

NOTE: PROCEDURE GREPLAY used (Total process time):
4                                                          The SAS System                                 09:48 Friday, May 24, 2013

      real time           0.47 seconds
      cpu time            0.08 seconds
      


WARNING: The MIDPOINTS= list was extended to accommodate the data.
WARNING: The specified value of 24.2400 inches for HSIZE= is larger than 11.1164 inches which is the maximum for the device Xcolor. 
         HSIZE is ignored.
WARNING: The specified value of 12.6533 inches for VSIZE= is larger than 5.7135 inches which is the maximum for the device Xcolor. 
         VSIZE is ignored.
NOTE: The data set WORK.GESTAGE has 15 observations and 4 variables.
NOTE: The PROCEDURE UNIVARIATE printed pages 2-25.
NOTE: PROCEDURE UNIVARIATE used (Total process time):
      real time           1.35 seconds
      cpu time            0.07 seconds
      


WARNING: The specified value of 24.2400 inches for HSIZE= is larger than 11.1164 inches which is the maximum for the device Xcolor. 
         HSIZE is ignored.
WARNING: The specified value of 12.6533 inches for VSIZE= is larger than 5.7135 inches which is the maximum for the device Xcolor. 
         VSIZE is ignored.
NOTE: The data set WORK.BIRTHWEIGHT has 12 observations and 4 variables.
NOTE: The PROCEDURE UNIVARIATE printed pages 26-49.
NOTE: PROCEDURE UNIVARIATE used (Total process time):
      real time           1.62 seconds
      cpu time            0.04 seconds
      


WARNING: The MIDPOINTS= list was extended to accommodate the data.
WARNING: The specified value of 24.2400 inches for HSIZE= is larger than 11.1164 inches which is the maximum for the device Xcolor. 
         HSIZE is ignored.
WARNING: The specified value of 12.6533 inches for VSIZE= is larger than 5.7135 inches which is the maximum for the device Xcolor. 
         VSIZE is ignored.
NOTE: The data set WORK.LENGTH has 57 observations and 4 variables.
NOTE: The PROCEDURE UNIVARIATE printed pages 50-73.
NOTE: PROCEDURE UNIVARIATE used (Total process time):
      real time           3.31 seconds
      cpu time            0.05 seconds
      


WARNING: The MIDPOINTS= list was extended to accommodate the data.
WARNING: The specified value of 24.2400 inches for HSIZE= is larger than 11.1164 inches which is the maximum for the device Xcolor. 
         HSIZE is ignored.
WARNING: The specified value of 12.6533 inches for VSIZE= is larger than 5.7135 inches which is the maximum for the device Xcolor. 
         VSIZE is ignored.
NOTE: The data set WORK.HEADCIRCUM has 34 observations and 4 variables.
NOTE: The PROCEDURE UNIVARIATE printed pages 74-97.
NOTE: PROCEDURE UNIVARIATE used (Total process time):
      real time           0.97 seconds
      cpu time            0.04 seconds
      

85         
86         proc print data=cmv.pat;
87         
5                                                          The SAS System                                 09:48 Friday, May 24, 2013

88         where gestage>35 or length<25;
89         var id gestage length;
90         run;

NOTE: There were 2 observations read from the data set CMV.PAT.
      WHERE (gestage>35) or (length<25);
NOTE: The PROCEDURE PRINT printed page 98.
NOTE: PROCEDURE PRINT used (Total process time):
      real time           0.00 seconds
      cpu time            0.00 seconds
      

91         
92         
93         ods pdf file = "birth_histo.pdf";
NOTE: Writing ODS PDF output to DISK destination "/dfax/ttcmv/sas/programs/reporting/baohua/growth/birth_histo.pdf", printer "PDF".
94         proc greplay igout = wbh.graphs  tc=sashelp.templt template= l2r2s nofs; * L2R2s;
NOTE: Building list of graphs from the catalog.

NOTE: Enter greplay commands or statements.
95              treplay 1:1 2:3 3:2 4:4;
WARNING: The specified value of 24.2400 inches for HSIZE= is larger than 11.1164 inches which is the maximum for the device Xcolor. 
         HSIZE is ignored.
WARNING: The specified value of 12.6533 inches for VSIZE= is larger than 5.7135 inches which is the maximum for the device Xcolor. 
         VSIZE is ignored.
96              *treplay 1:3 2:4;
97         run;

98         ods pdf close;
NOTE: ODS PDF printed 1 page to /dfax/ttcmv/sas/programs/reporting/baohua/growth/birth_histo.pdf.
NOTE: PROCEDURE GREPLAY used (Total process time):
      real time           1.77 seconds
      cpu time            0.09 seconds
      

NOTE: SAS Institute Inc., SAS Campus Drive, Cary, NC USA 27513-2414
NOTE: The SAS System used:
      real time           9.62 seconds
      cpu time            0.49 seconds
      
